[2021-11-16 11:13:08,503] {processor.py:163} INFO - Started process (PID=9459) to work on /home/ana/Documentos/airflowML/venv/lib/python3.8/site-packages/airflow/example_dags/example_external_task_marker_dag.py
[2021-11-16 11:13:08,504] {processor.py:625} INFO - Processing file /home/ana/Documentos/airflowML/venv/lib/python3.8/site-packages/airflow/example_dags/example_external_task_marker_dag.py for tasks to queue
[2021-11-16 11:13:08,505] {logging_mixin.py:109} INFO - [2021-11-16 11:13:08,505] {dagbag.py:500} INFO - Filling up the DagBag from /home/ana/Documentos/airflowML/venv/lib/python3.8/site-packages/airflow/example_dags/example_external_task_marker_dag.py
[2021-11-16 11:13:08,530] {processor.py:637} INFO - DAG(s) dict_keys(['example_external_task_marker_parent', 'example_external_task_marker_child']) retrieved from /home/ana/Documentos/airflowML/venv/lib/python3.8/site-packages/airflow/example_dags/example_external_task_marker_dag.py
[2021-11-16 11:13:08,547] {logging_mixin.py:109} INFO - [2021-11-16 11:13:08,547] {dag.py:2396} INFO - Sync 2 DAGs
[2021-11-16 11:13:08,564] {logging_mixin.py:109} INFO - [2021-11-16 11:13:08,564] {dag.py:2928} INFO - Setting next_dagrun for example_external_task_marker_child to None
[2021-11-16 11:13:08,564] {logging_mixin.py:109} INFO - [2021-11-16 11:13:08,564] {dag.py:2928} INFO - Setting next_dagrun for example_external_task_marker_parent to None
[2021-11-16 11:13:08,652] {processor.py:171} INFO - Processing /home/ana/Documentos/airflowML/venv/lib/python3.8/site-packages/airflow/example_dags/example_external_task_marker_dag.py took 0.154 seconds
[2021-11-16 11:13:52,553] {processor.py:163} INFO - Started process (PID=9570) to work on /home/ana/Documentos/airflowML/venv/lib/python3.8/site-packages/airflow/example_dags/example_external_task_marker_dag.py
[2021-11-16 11:13:52,558] {processor.py:625} INFO - Processing file /home/ana/Documentos/airflowML/venv/lib/python3.8/site-packages/airflow/example_dags/example_external_task_marker_dag.py for tasks to queue
[2021-11-16 11:13:52,559] {logging_mixin.py:109} INFO - [2021-11-16 11:13:52,559] {dagbag.py:500} INFO - Filling up the DagBag from /home/ana/Documentos/airflowML/venv/lib/python3.8/site-packages/airflow/example_dags/example_external_task_marker_dag.py
[2021-11-16 11:13:52,584] {processor.py:637} INFO - DAG(s) dict_keys(['example_external_task_marker_parent', 'example_external_task_marker_child']) retrieved from /home/ana/Documentos/airflowML/venv/lib/python3.8/site-packages/airflow/example_dags/example_external_task_marker_dag.py
[2021-11-16 11:13:52,598] {logging_mixin.py:109} INFO - [2021-11-16 11:13:52,598] {dag.py:2396} INFO - Sync 2 DAGs
[2021-11-16 11:13:52,612] {logging_mixin.py:109} INFO - [2021-11-16 11:13:52,612] {dag.py:2928} INFO - Setting next_dagrun for example_external_task_marker_child to None
[2021-11-16 11:13:52,613] {logging_mixin.py:109} INFO - [2021-11-16 11:13:52,613] {dag.py:2928} INFO - Setting next_dagrun for example_external_task_marker_parent to None
[2021-11-16 11:13:52,726] {processor.py:171} INFO - Processing /home/ana/Documentos/airflowML/venv/lib/python3.8/site-packages/airflow/example_dags/example_external_task_marker_dag.py took 0.175 seconds
[2021-11-16 11:14:35,689] {processor.py:163} INFO - Started process (PID=9673) to work on /home/ana/Documentos/airflowML/venv/lib/python3.8/site-packages/airflow/example_dags/example_external_task_marker_dag.py
[2021-11-16 11:14:35,691] {processor.py:625} INFO - Processing file /home/ana/Documentos/airflowML/venv/lib/python3.8/site-packages/airflow/example_dags/example_external_task_marker_dag.py for tasks to queue
[2021-11-16 11:14:35,692] {logging_mixin.py:109} INFO - [2021-11-16 11:14:35,692] {dagbag.py:500} INFO - Filling up the DagBag from /home/ana/Documentos/airflowML/venv/lib/python3.8/site-packages/airflow/example_dags/example_external_task_marker_dag.py
[2021-11-16 11:14:35,717] {processor.py:637} INFO - DAG(s) dict_keys(['example_external_task_marker_parent', 'example_external_task_marker_child']) retrieved from /home/ana/Documentos/airflowML/venv/lib/python3.8/site-packages/airflow/example_dags/example_external_task_marker_dag.py
[2021-11-16 11:14:35,731] {logging_mixin.py:109} INFO - [2021-11-16 11:14:35,731] {dag.py:2396} INFO - Sync 2 DAGs
[2021-11-16 11:14:35,747] {logging_mixin.py:109} INFO - [2021-11-16 11:14:35,747] {dag.py:2928} INFO - Setting next_dagrun for example_external_task_marker_child to None
[2021-11-16 11:14:35,747] {logging_mixin.py:109} INFO - [2021-11-16 11:14:35,747] {dag.py:2928} INFO - Setting next_dagrun for example_external_task_marker_parent to None
[2021-11-16 11:14:35,857] {processor.py:171} INFO - Processing /home/ana/Documentos/airflowML/venv/lib/python3.8/site-packages/airflow/example_dags/example_external_task_marker_dag.py took 0.172 seconds
[2021-11-16 11:15:20,252] {processor.py:163} INFO - Started process (PID=9751) to work on /home/ana/Documentos/airflowML/venv/lib/python3.8/site-packages/airflow/example_dags/example_external_task_marker_dag.py
[2021-11-16 11:15:20,254] {processor.py:625} INFO - Processing file /home/ana/Documentos/airflowML/venv/lib/python3.8/site-packages/airflow/example_dags/example_external_task_marker_dag.py for tasks to queue
[2021-11-16 11:15:20,255] {logging_mixin.py:109} INFO - [2021-11-16 11:15:20,255] {dagbag.py:500} INFO - Filling up the DagBag from /home/ana/Documentos/airflowML/venv/lib/python3.8/site-packages/airflow/example_dags/example_external_task_marker_dag.py
[2021-11-16 11:15:20,288] {processor.py:637} INFO - DAG(s) dict_keys(['example_external_task_marker_parent', 'example_external_task_marker_child']) retrieved from /home/ana/Documentos/airflowML/venv/lib/python3.8/site-packages/airflow/example_dags/example_external_task_marker_dag.py
[2021-11-16 11:15:20,307] {logging_mixin.py:109} INFO - [2021-11-16 11:15:20,307] {dag.py:2396} INFO - Sync 2 DAGs
[2021-11-16 11:15:20,326] {logging_mixin.py:109} INFO - [2021-11-16 11:15:20,326] {dag.py:2928} INFO - Setting next_dagrun for example_external_task_marker_child to None
[2021-11-16 11:15:20,326] {logging_mixin.py:109} INFO - [2021-11-16 11:15:20,326] {dag.py:2928} INFO - Setting next_dagrun for example_external_task_marker_parent to None
[2021-11-16 11:15:20,450] {processor.py:171} INFO - Processing /home/ana/Documentos/airflowML/venv/lib/python3.8/site-packages/airflow/example_dags/example_external_task_marker_dag.py took 0.200 seconds
[2021-11-16 11:16:23,152] {processor.py:163} INFO - Started process (PID=9833) to work on /home/ana/Documentos/airflowML/venv/lib/python3.8/site-packages/airflow/example_dags/example_external_task_marker_dag.py
[2021-11-16 11:16:23,154] {processor.py:625} INFO - Processing file /home/ana/Documentos/airflowML/venv/lib/python3.8/site-packages/airflow/example_dags/example_external_task_marker_dag.py for tasks to queue
[2021-11-16 11:16:23,155] {logging_mixin.py:109} INFO - [2021-11-16 11:16:23,155] {dagbag.py:500} INFO - Filling up the DagBag from /home/ana/Documentos/airflowML/venv/lib/python3.8/site-packages/airflow/example_dags/example_external_task_marker_dag.py
[2021-11-16 11:16:23,180] {processor.py:637} INFO - DAG(s) dict_keys(['example_external_task_marker_parent', 'example_external_task_marker_child']) retrieved from /home/ana/Documentos/airflowML/venv/lib/python3.8/site-packages/airflow/example_dags/example_external_task_marker_dag.py
[2021-11-16 11:16:23,198] {logging_mixin.py:109} INFO - [2021-11-16 11:16:23,198] {dag.py:2396} INFO - Sync 2 DAGs
[2021-11-16 11:16:23,216] {logging_mixin.py:109} INFO - [2021-11-16 11:16:23,216] {dag.py:2928} INFO - Setting next_dagrun for example_external_task_marker_child to None
[2021-11-16 11:16:23,216] {logging_mixin.py:109} INFO - [2021-11-16 11:16:23,216] {dag.py:2928} INFO - Setting next_dagrun for example_external_task_marker_parent to None
[2021-11-16 11:16:23,338] {processor.py:171} INFO - Processing /home/ana/Documentos/airflowML/venv/lib/python3.8/site-packages/airflow/example_dags/example_external_task_marker_dag.py took 0.188 seconds
[2021-11-16 11:17:04,993] {processor.py:163} INFO - Started process (PID=9877) to work on /home/ana/Documentos/airflowML/venv/lib/python3.8/site-packages/airflow/example_dags/example_external_task_marker_dag.py
[2021-11-16 11:17:05,007] {processor.py:625} INFO - Processing file /home/ana/Documentos/airflowML/venv/lib/python3.8/site-packages/airflow/example_dags/example_external_task_marker_dag.py for tasks to queue
[2021-11-16 11:17:05,008] {logging_mixin.py:109} INFO - [2021-11-16 11:17:05,008] {dagbag.py:500} INFO - Filling up the DagBag from /home/ana/Documentos/airflowML/venv/lib/python3.8/site-packages/airflow/example_dags/example_external_task_marker_dag.py
[2021-11-16 11:17:05,033] {processor.py:637} INFO - DAG(s) dict_keys(['example_external_task_marker_parent', 'example_external_task_marker_child']) retrieved from /home/ana/Documentos/airflowML/venv/lib/python3.8/site-packages/airflow/example_dags/example_external_task_marker_dag.py
[2021-11-16 11:17:05,047] {logging_mixin.py:109} INFO - [2021-11-16 11:17:05,047] {dag.py:2396} INFO - Sync 2 DAGs
[2021-11-16 11:17:05,063] {logging_mixin.py:109} INFO - [2021-11-16 11:17:05,063] {dag.py:2928} INFO - Setting next_dagrun for example_external_task_marker_child to None
[2021-11-16 11:17:05,063] {logging_mixin.py:109} INFO - [2021-11-16 11:17:05,063] {dag.py:2928} INFO - Setting next_dagrun for example_external_task_marker_parent to None
[2021-11-16 11:17:05,174] {processor.py:171} INFO - Processing /home/ana/Documentos/airflowML/venv/lib/python3.8/site-packages/airflow/example_dags/example_external_task_marker_dag.py took 0.184 seconds
[2021-11-16 11:17:46,681] {processor.py:163} INFO - Started process (PID=9943) to work on /home/ana/Documentos/airflowML/venv/lib/python3.8/site-packages/airflow/example_dags/example_external_task_marker_dag.py
[2021-11-16 11:17:46,703] {processor.py:625} INFO - Processing file /home/ana/Documentos/airflowML/venv/lib/python3.8/site-packages/airflow/example_dags/example_external_task_marker_dag.py for tasks to queue
[2021-11-16 11:17:46,704] {logging_mixin.py:109} INFO - [2021-11-16 11:17:46,704] {dagbag.py:500} INFO - Filling up the DagBag from /home/ana/Documentos/airflowML/venv/lib/python3.8/site-packages/airflow/example_dags/example_external_task_marker_dag.py
[2021-11-16 11:17:46,725] {processor.py:637} INFO - DAG(s) dict_keys(['example_external_task_marker_parent', 'example_external_task_marker_child']) retrieved from /home/ana/Documentos/airflowML/venv/lib/python3.8/site-packages/airflow/example_dags/example_external_task_marker_dag.py
[2021-11-16 11:17:46,738] {logging_mixin.py:109} INFO - [2021-11-16 11:17:46,738] {dag.py:2396} INFO - Sync 2 DAGs
[2021-11-16 11:17:46,757] {logging_mixin.py:109} INFO - [2021-11-16 11:17:46,757] {dag.py:2928} INFO - Setting next_dagrun for example_external_task_marker_child to None
[2021-11-16 11:17:46,757] {logging_mixin.py:109} INFO - [2021-11-16 11:17:46,757] {dag.py:2928} INFO - Setting next_dagrun for example_external_task_marker_parent to None
[2021-11-16 11:17:46,869] {processor.py:171} INFO - Processing /home/ana/Documentos/airflowML/venv/lib/python3.8/site-packages/airflow/example_dags/example_external_task_marker_dag.py took 0.194 seconds
[2021-11-16 11:18:28,056] {processor.py:163} INFO - Started process (PID=10010) to work on /home/ana/Documentos/airflowML/venv/lib/python3.8/site-packages/airflow/example_dags/example_external_task_marker_dag.py
[2021-11-16 11:18:28,073] {processor.py:625} INFO - Processing file /home/ana/Documentos/airflowML/venv/lib/python3.8/site-packages/airflow/example_dags/example_external_task_marker_dag.py for tasks to queue
[2021-11-16 11:18:28,074] {logging_mixin.py:109} INFO - [2021-11-16 11:18:28,073] {dagbag.py:500} INFO - Filling up the DagBag from /home/ana/Documentos/airflowML/venv/lib/python3.8/site-packages/airflow/example_dags/example_external_task_marker_dag.py
[2021-11-16 11:18:28,095] {processor.py:637} INFO - DAG(s) dict_keys(['example_external_task_marker_parent', 'example_external_task_marker_child']) retrieved from /home/ana/Documentos/airflowML/venv/lib/python3.8/site-packages/airflow/example_dags/example_external_task_marker_dag.py
[2021-11-16 11:18:28,110] {logging_mixin.py:109} INFO - [2021-11-16 11:18:28,110] {dag.py:2396} INFO - Sync 2 DAGs
[2021-11-16 11:18:28,126] {logging_mixin.py:109} INFO - [2021-11-16 11:18:28,126] {dag.py:2928} INFO - Setting next_dagrun for example_external_task_marker_child to None
[2021-11-16 11:18:28,126] {logging_mixin.py:109} INFO - [2021-11-16 11:18:28,126] {dag.py:2928} INFO - Setting next_dagrun for example_external_task_marker_parent to None
[2021-11-16 11:18:28,246] {processor.py:171} INFO - Processing /home/ana/Documentos/airflowML/venv/lib/python3.8/site-packages/airflow/example_dags/example_external_task_marker_dag.py took 0.193 seconds
[2021-11-16 11:19:19,821] {processor.py:163} INFO - Started process (PID=10087) to work on /home/ana/Documentos/airflowML/venv/lib/python3.8/site-packages/airflow/example_dags/example_external_task_marker_dag.py
[2021-11-16 11:19:19,823] {processor.py:625} INFO - Processing file /home/ana/Documentos/airflowML/venv/lib/python3.8/site-packages/airflow/example_dags/example_external_task_marker_dag.py for tasks to queue
[2021-11-16 11:19:19,824] {logging_mixin.py:109} INFO - [2021-11-16 11:19:19,823] {dagbag.py:500} INFO - Filling up the DagBag from /home/ana/Documentos/airflowML/venv/lib/python3.8/site-packages/airflow/example_dags/example_external_task_marker_dag.py
[2021-11-16 11:19:19,848] {processor.py:637} INFO - DAG(s) dict_keys(['example_external_task_marker_parent', 'example_external_task_marker_child']) retrieved from /home/ana/Documentos/airflowML/venv/lib/python3.8/site-packages/airflow/example_dags/example_external_task_marker_dag.py
[2021-11-16 11:19:19,862] {logging_mixin.py:109} INFO - [2021-11-16 11:19:19,862] {dag.py:2396} INFO - Sync 2 DAGs
[2021-11-16 11:19:19,879] {logging_mixin.py:109} INFO - [2021-11-16 11:19:19,878] {dag.py:2928} INFO - Setting next_dagrun for example_external_task_marker_child to None
[2021-11-16 11:19:19,879] {logging_mixin.py:109} INFO - [2021-11-16 11:19:19,879] {dag.py:2928} INFO - Setting next_dagrun for example_external_task_marker_parent to None
[2021-11-16 11:19:19,975] {processor.py:171} INFO - Processing /home/ana/Documentos/airflowML/venv/lib/python3.8/site-packages/airflow/example_dags/example_external_task_marker_dag.py took 0.160 seconds
