[2021-11-16 11:13:21,670] {processor.py:163} INFO - Started process (PID=9493) to work on /home/ana/Documentos/airflowML/venv/lib/python3.8/site-packages/airflow/example_dags/example_branch_python_dop_operator_3.py
[2021-11-16 11:13:21,671] {processor.py:625} INFO - Processing file /home/ana/Documentos/airflowML/venv/lib/python3.8/site-packages/airflow/example_dags/example_branch_python_dop_operator_3.py for tasks to queue
[2021-11-16 11:13:21,673] {logging_mixin.py:109} INFO - [2021-11-16 11:13:21,672] {dagbag.py:500} INFO - Filling up the DagBag from /home/ana/Documentos/airflowML/venv/lib/python3.8/site-packages/airflow/example_dags/example_branch_python_dop_operator_3.py
[2021-11-16 11:13:21,702] {processor.py:637} INFO - DAG(s) dict_keys(['example_branch_dop_operator_v3']) retrieved from /home/ana/Documentos/airflowML/venv/lib/python3.8/site-packages/airflow/example_dags/example_branch_python_dop_operator_3.py
[2021-11-16 11:13:21,716] {logging_mixin.py:109} INFO - [2021-11-16 11:13:21,715] {dag.py:2396} INFO - Sync 1 DAGs
[2021-11-16 11:13:21,737] {logging_mixin.py:109} INFO - [2021-11-16 11:13:21,737] {dag.py:2928} INFO - Setting next_dagrun for example_branch_dop_operator_v3 to 2021-11-16T14:12:00+00:00
[2021-11-16 11:13:21,820] {processor.py:171} INFO - Processing /home/ana/Documentos/airflowML/venv/lib/python3.8/site-packages/airflow/example_dags/example_branch_python_dop_operator_3.py took 0.155 seconds
[2021-11-16 11:14:07,050] {processor.py:163} INFO - Started process (PID=9600) to work on /home/ana/Documentos/airflowML/venv/lib/python3.8/site-packages/airflow/example_dags/example_branch_python_dop_operator_3.py
[2021-11-16 11:14:07,052] {processor.py:625} INFO - Processing file /home/ana/Documentos/airflowML/venv/lib/python3.8/site-packages/airflow/example_dags/example_branch_python_dop_operator_3.py for tasks to queue
[2021-11-16 11:14:07,053] {logging_mixin.py:109} INFO - [2021-11-16 11:14:07,053] {dagbag.py:500} INFO - Filling up the DagBag from /home/ana/Documentos/airflowML/venv/lib/python3.8/site-packages/airflow/example_dags/example_branch_python_dop_operator_3.py
[2021-11-16 11:14:07,080] {processor.py:637} INFO - DAG(s) dict_keys(['example_branch_dop_operator_v3']) retrieved from /home/ana/Documentos/airflowML/venv/lib/python3.8/site-packages/airflow/example_dags/example_branch_python_dop_operator_3.py
[2021-11-16 11:14:07,091] {logging_mixin.py:109} INFO - [2021-11-16 11:14:07,091] {dag.py:2396} INFO - Sync 1 DAGs
[2021-11-16 11:14:07,121] {logging_mixin.py:109} INFO - [2021-11-16 11:14:07,121] {dag.py:2928} INFO - Setting next_dagrun for example_branch_dop_operator_v3 to 2021-11-16T14:13:00+00:00
[2021-11-16 11:14:07,243] {processor.py:171} INFO - Processing /home/ana/Documentos/airflowML/venv/lib/python3.8/site-packages/airflow/example_dags/example_branch_python_dop_operator_3.py took 0.197 seconds
[2021-11-16 11:14:50,469] {processor.py:163} INFO - Started process (PID=9714) to work on /home/ana/Documentos/airflowML/venv/lib/python3.8/site-packages/airflow/example_dags/example_branch_python_dop_operator_3.py
[2021-11-16 11:14:50,471] {processor.py:625} INFO - Processing file /home/ana/Documentos/airflowML/venv/lib/python3.8/site-packages/airflow/example_dags/example_branch_python_dop_operator_3.py for tasks to queue
[2021-11-16 11:14:50,472] {logging_mixin.py:109} INFO - [2021-11-16 11:14:50,472] {dagbag.py:500} INFO - Filling up the DagBag from /home/ana/Documentos/airflowML/venv/lib/python3.8/site-packages/airflow/example_dags/example_branch_python_dop_operator_3.py
[2021-11-16 11:14:50,499] {processor.py:637} INFO - DAG(s) dict_keys(['example_branch_dop_operator_v3']) retrieved from /home/ana/Documentos/airflowML/venv/lib/python3.8/site-packages/airflow/example_dags/example_branch_python_dop_operator_3.py
[2021-11-16 11:14:50,511] {logging_mixin.py:109} INFO - [2021-11-16 11:14:50,511] {dag.py:2396} INFO - Sync 1 DAGs
[2021-11-16 11:14:50,532] {logging_mixin.py:109} INFO - [2021-11-16 11:14:50,532] {dag.py:2928} INFO - Setting next_dagrun for example_branch_dop_operator_v3 to 2021-11-16T14:13:00+00:00
[2021-11-16 11:14:50,634] {processor.py:171} INFO - Processing /home/ana/Documentos/airflowML/venv/lib/python3.8/site-packages/airflow/example_dags/example_branch_python_dop_operator_3.py took 0.170 seconds
[2021-11-16 11:15:36,290] {processor.py:163} INFO - Started process (PID=9768) to work on /home/ana/Documentos/airflowML/venv/lib/python3.8/site-packages/airflow/example_dags/example_branch_python_dop_operator_3.py
[2021-11-16 11:15:36,318] {processor.py:625} INFO - Processing file /home/ana/Documentos/airflowML/venv/lib/python3.8/site-packages/airflow/example_dags/example_branch_python_dop_operator_3.py for tasks to queue
[2021-11-16 11:15:36,319] {logging_mixin.py:109} INFO - [2021-11-16 11:15:36,319] {dagbag.py:500} INFO - Filling up the DagBag from /home/ana/Documentos/airflowML/venv/lib/python3.8/site-packages/airflow/example_dags/example_branch_python_dop_operator_3.py
[2021-11-16 11:15:36,343] {processor.py:637} INFO - DAG(s) dict_keys(['example_branch_dop_operator_v3']) retrieved from /home/ana/Documentos/airflowML/venv/lib/python3.8/site-packages/airflow/example_dags/example_branch_python_dop_operator_3.py
[2021-11-16 11:15:36,353] {logging_mixin.py:109} INFO - [2021-11-16 11:15:36,353] {dag.py:2396} INFO - Sync 1 DAGs
[2021-11-16 11:15:36,373] {logging_mixin.py:109} INFO - [2021-11-16 11:15:36,373] {dag.py:2928} INFO - Setting next_dagrun for example_branch_dop_operator_v3 to 2021-11-16T14:14:00+00:00
[2021-11-16 11:15:36,493] {processor.py:171} INFO - Processing /home/ana/Documentos/airflowML/venv/lib/python3.8/site-packages/airflow/example_dags/example_branch_python_dop_operator_3.py took 0.206 seconds
[2021-11-16 11:16:35,722] {processor.py:163} INFO - Started process (PID=9844) to work on /home/ana/Documentos/airflowML/venv/lib/python3.8/site-packages/airflow/example_dags/example_branch_python_dop_operator_3.py
[2021-11-16 11:16:35,724] {processor.py:625} INFO - Processing file /home/ana/Documentos/airflowML/venv/lib/python3.8/site-packages/airflow/example_dags/example_branch_python_dop_operator_3.py for tasks to queue
[2021-11-16 11:16:35,724] {logging_mixin.py:109} INFO - [2021-11-16 11:16:35,724] {dagbag.py:500} INFO - Filling up the DagBag from /home/ana/Documentos/airflowML/venv/lib/python3.8/site-packages/airflow/example_dags/example_branch_python_dop_operator_3.py
[2021-11-16 11:16:35,748] {processor.py:637} INFO - DAG(s) dict_keys(['example_branch_dop_operator_v3']) retrieved from /home/ana/Documentos/airflowML/venv/lib/python3.8/site-packages/airflow/example_dags/example_branch_python_dop_operator_3.py
[2021-11-16 11:16:35,758] {logging_mixin.py:109} INFO - [2021-11-16 11:16:35,758] {dag.py:2396} INFO - Sync 1 DAGs
[2021-11-16 11:16:35,777] {logging_mixin.py:109} INFO - [2021-11-16 11:16:35,777] {dag.py:2928} INFO - Setting next_dagrun for example_branch_dop_operator_v3 to 2021-11-16T14:15:00+00:00
[2021-11-16 11:16:35,852] {processor.py:171} INFO - Processing /home/ana/Documentos/airflowML/venv/lib/python3.8/site-packages/airflow/example_dags/example_branch_python_dop_operator_3.py took 0.133 seconds
[2021-11-16 11:17:25,172] {processor.py:163} INFO - Started process (PID=9897) to work on /home/ana/Documentos/airflowML/venv/lib/python3.8/site-packages/airflow/example_dags/example_branch_python_dop_operator_3.py
[2021-11-16 11:17:25,174] {processor.py:625} INFO - Processing file /home/ana/Documentos/airflowML/venv/lib/python3.8/site-packages/airflow/example_dags/example_branch_python_dop_operator_3.py for tasks to queue
[2021-11-16 11:17:25,175] {logging_mixin.py:109} INFO - [2021-11-16 11:17:25,175] {dagbag.py:500} INFO - Filling up the DagBag from /home/ana/Documentos/airflowML/venv/lib/python3.8/site-packages/airflow/example_dags/example_branch_python_dop_operator_3.py
[2021-11-16 11:17:25,204] {processor.py:637} INFO - DAG(s) dict_keys(['example_branch_dop_operator_v3']) retrieved from /home/ana/Documentos/airflowML/venv/lib/python3.8/site-packages/airflow/example_dags/example_branch_python_dop_operator_3.py
[2021-11-16 11:17:25,221] {logging_mixin.py:109} INFO - [2021-11-16 11:17:25,220] {dag.py:2396} INFO - Sync 1 DAGs
[2021-11-16 11:17:25,248] {logging_mixin.py:109} INFO - [2021-11-16 11:17:25,248] {dag.py:2928} INFO - Setting next_dagrun for example_branch_dop_operator_v3 to 2021-11-16T14:16:00+00:00
[2021-11-16 11:17:25,382] {processor.py:171} INFO - Processing /home/ana/Documentos/airflowML/venv/lib/python3.8/site-packages/airflow/example_dags/example_branch_python_dop_operator_3.py took 0.214 seconds
[2021-11-16 11:18:20,036] {processor.py:163} INFO - Started process (PID=9998) to work on /home/ana/Documentos/airflowML/venv/lib/python3.8/site-packages/airflow/example_dags/example_branch_python_dop_operator_3.py
[2021-11-16 11:18:20,038] {processor.py:625} INFO - Processing file /home/ana/Documentos/airflowML/venv/lib/python3.8/site-packages/airflow/example_dags/example_branch_python_dop_operator_3.py for tasks to queue
[2021-11-16 11:18:20,038] {logging_mixin.py:109} INFO - [2021-11-16 11:18:20,038] {dagbag.py:500} INFO - Filling up the DagBag from /home/ana/Documentos/airflowML/venv/lib/python3.8/site-packages/airflow/example_dags/example_branch_python_dop_operator_3.py
[2021-11-16 11:18:20,062] {processor.py:637} INFO - DAG(s) dict_keys(['example_branch_dop_operator_v3']) retrieved from /home/ana/Documentos/airflowML/venv/lib/python3.8/site-packages/airflow/example_dags/example_branch_python_dop_operator_3.py
[2021-11-16 11:18:20,072] {logging_mixin.py:109} INFO - [2021-11-16 11:18:20,072] {dag.py:2396} INFO - Sync 1 DAGs
[2021-11-16 11:18:20,095] {logging_mixin.py:109} INFO - [2021-11-16 11:18:20,095] {dag.py:2928} INFO - Setting next_dagrun for example_branch_dop_operator_v3 to 2021-11-16T14:17:00+00:00
[2021-11-16 11:18:20,246] {processor.py:171} INFO - Processing /home/ana/Documentos/airflowML/venv/lib/python3.8/site-packages/airflow/example_dags/example_branch_python_dop_operator_3.py took 0.215 seconds
