[2021-11-16 11:13:01,564] {processor.py:163} INFO - Started process (PID=9454) to work on /home/ana/Documentos/airflowML/venv/lib/python3.8/site-packages/airflow/example_dags/example_short_circuit_operator.py
[2021-11-16 11:13:01,565] {processor.py:625} INFO - Processing file /home/ana/Documentos/airflowML/venv/lib/python3.8/site-packages/airflow/example_dags/example_short_circuit_operator.py for tasks to queue
[2021-11-16 11:13:01,565] {logging_mixin.py:109} INFO - [2021-11-16 11:13:01,565] {dagbag.py:500} INFO - Filling up the DagBag from /home/ana/Documentos/airflowML/venv/lib/python3.8/site-packages/airflow/example_dags/example_short_circuit_operator.py
[2021-11-16 11:13:01,587] {processor.py:637} INFO - DAG(s) dict_keys(['example_short_circuit_operator']) retrieved from /home/ana/Documentos/airflowML/venv/lib/python3.8/site-packages/airflow/example_dags/example_short_circuit_operator.py
[2021-11-16 11:13:01,597] {logging_mixin.py:109} INFO - [2021-11-16 11:13:01,597] {dag.py:2396} INFO - Sync 1 DAGs
[2021-11-16 11:13:01,611] {logging_mixin.py:109} INFO - [2021-11-16 11:13:01,611] {dag.py:2928} INFO - Setting next_dagrun for example_short_circuit_operator to 2021-11-15T14:13:01.610730+00:00
[2021-11-16 11:13:01,741] {processor.py:171} INFO - Processing /home/ana/Documentos/airflowML/venv/lib/python3.8/site-packages/airflow/example_dags/example_short_circuit_operator.py took 0.180 seconds
[2021-11-16 11:13:45,800] {processor.py:163} INFO - Started process (PID=9546) to work on /home/ana/Documentos/airflowML/venv/lib/python3.8/site-packages/airflow/example_dags/example_short_circuit_operator.py
[2021-11-16 11:13:45,802] {processor.py:625} INFO - Processing file /home/ana/Documentos/airflowML/venv/lib/python3.8/site-packages/airflow/example_dags/example_short_circuit_operator.py for tasks to queue
[2021-11-16 11:13:45,803] {logging_mixin.py:109} INFO - [2021-11-16 11:13:45,803] {dagbag.py:500} INFO - Filling up the DagBag from /home/ana/Documentos/airflowML/venv/lib/python3.8/site-packages/airflow/example_dags/example_short_circuit_operator.py
[2021-11-16 11:13:45,828] {processor.py:637} INFO - DAG(s) dict_keys(['example_short_circuit_operator']) retrieved from /home/ana/Documentos/airflowML/venv/lib/python3.8/site-packages/airflow/example_dags/example_short_circuit_operator.py
[2021-11-16 11:13:45,840] {logging_mixin.py:109} INFO - [2021-11-16 11:13:45,840] {dag.py:2396} INFO - Sync 1 DAGs
[2021-11-16 11:13:45,857] {logging_mixin.py:109} INFO - [2021-11-16 11:13:45,857] {dag.py:2928} INFO - Setting next_dagrun for example_short_circuit_operator to 2021-11-15T14:13:45.856826+00:00
[2021-11-16 11:13:45,969] {processor.py:171} INFO - Processing /home/ana/Documentos/airflowML/venv/lib/python3.8/site-packages/airflow/example_dags/example_short_circuit_operator.py took 0.171 seconds
[2021-11-16 11:14:29,219] {processor.py:163} INFO - Started process (PID=9659) to work on /home/ana/Documentos/airflowML/venv/lib/python3.8/site-packages/airflow/example_dags/example_short_circuit_operator.py
[2021-11-16 11:14:29,221] {processor.py:625} INFO - Processing file /home/ana/Documentos/airflowML/venv/lib/python3.8/site-packages/airflow/example_dags/example_short_circuit_operator.py for tasks to queue
[2021-11-16 11:14:29,222] {logging_mixin.py:109} INFO - [2021-11-16 11:14:29,222] {dagbag.py:500} INFO - Filling up the DagBag from /home/ana/Documentos/airflowML/venv/lib/python3.8/site-packages/airflow/example_dags/example_short_circuit_operator.py
[2021-11-16 11:14:29,247] {processor.py:637} INFO - DAG(s) dict_keys(['example_short_circuit_operator']) retrieved from /home/ana/Documentos/airflowML/venv/lib/python3.8/site-packages/airflow/example_dags/example_short_circuit_operator.py
[2021-11-16 11:14:29,259] {logging_mixin.py:109} INFO - [2021-11-16 11:14:29,259] {dag.py:2396} INFO - Sync 1 DAGs
[2021-11-16 11:14:29,275] {logging_mixin.py:109} INFO - [2021-11-16 11:14:29,275] {dag.py:2928} INFO - Setting next_dagrun for example_short_circuit_operator to 2021-11-15T14:14:29.275271+00:00
[2021-11-16 11:14:29,373] {processor.py:171} INFO - Processing /home/ana/Documentos/airflowML/venv/lib/python3.8/site-packages/airflow/example_dags/example_short_circuit_operator.py took 0.156 seconds
[2021-11-16 11:15:13,466] {processor.py:163} INFO - Started process (PID=9746) to work on /home/ana/Documentos/airflowML/venv/lib/python3.8/site-packages/airflow/example_dags/example_short_circuit_operator.py
[2021-11-16 11:15:13,467] {processor.py:625} INFO - Processing file /home/ana/Documentos/airflowML/venv/lib/python3.8/site-packages/airflow/example_dags/example_short_circuit_operator.py for tasks to queue
[2021-11-16 11:15:13,468] {logging_mixin.py:109} INFO - [2021-11-16 11:15:13,468] {dagbag.py:500} INFO - Filling up the DagBag from /home/ana/Documentos/airflowML/venv/lib/python3.8/site-packages/airflow/example_dags/example_short_circuit_operator.py
[2021-11-16 11:15:13,492] {processor.py:637} INFO - DAG(s) dict_keys(['example_short_circuit_operator']) retrieved from /home/ana/Documentos/airflowML/venv/lib/python3.8/site-packages/airflow/example_dags/example_short_circuit_operator.py
[2021-11-16 11:15:13,503] {logging_mixin.py:109} INFO - [2021-11-16 11:15:13,503] {dag.py:2396} INFO - Sync 1 DAGs
[2021-11-16 11:15:13,517] {logging_mixin.py:109} INFO - [2021-11-16 11:15:13,517] {dag.py:2928} INFO - Setting next_dagrun for example_short_circuit_operator to 2021-11-15T14:15:13.517018+00:00
[2021-11-16 11:15:13,605] {processor.py:171} INFO - Processing /home/ana/Documentos/airflowML/venv/lib/python3.8/site-packages/airflow/example_dags/example_short_circuit_operator.py took 0.142 seconds
[2021-11-16 11:16:17,282] {processor.py:163} INFO - Started process (PID=9826) to work on /home/ana/Documentos/airflowML/venv/lib/python3.8/site-packages/airflow/example_dags/example_short_circuit_operator.py
[2021-11-16 11:16:17,283] {processor.py:625} INFO - Processing file /home/ana/Documentos/airflowML/venv/lib/python3.8/site-packages/airflow/example_dags/example_short_circuit_operator.py for tasks to queue
[2021-11-16 11:16:17,284] {logging_mixin.py:109} INFO - [2021-11-16 11:16:17,284] {dagbag.py:500} INFO - Filling up the DagBag from /home/ana/Documentos/airflowML/venv/lib/python3.8/site-packages/airflow/example_dags/example_short_circuit_operator.py
[2021-11-16 11:16:17,306] {processor.py:637} INFO - DAG(s) dict_keys(['example_short_circuit_operator']) retrieved from /home/ana/Documentos/airflowML/venv/lib/python3.8/site-packages/airflow/example_dags/example_short_circuit_operator.py
[2021-11-16 11:16:17,316] {logging_mixin.py:109} INFO - [2021-11-16 11:16:17,316] {dag.py:2396} INFO - Sync 1 DAGs
[2021-11-16 11:16:17,330] {logging_mixin.py:109} INFO - [2021-11-16 11:16:17,330] {dag.py:2928} INFO - Setting next_dagrun for example_short_circuit_operator to 2021-11-15T14:16:17.330199+00:00
[2021-11-16 11:16:17,431] {processor.py:171} INFO - Processing /home/ana/Documentos/airflowML/venv/lib/python3.8/site-packages/airflow/example_dags/example_short_circuit_operator.py took 0.155 seconds
[2021-11-16 11:16:57,007] {processor.py:163} INFO - Started process (PID=9866) to work on /home/ana/Documentos/airflowML/venv/lib/python3.8/site-packages/airflow/example_dags/example_short_circuit_operator.py
[2021-11-16 11:16:57,014] {processor.py:625} INFO - Processing file /home/ana/Documentos/airflowML/venv/lib/python3.8/site-packages/airflow/example_dags/example_short_circuit_operator.py for tasks to queue
[2021-11-16 11:16:57,015] {logging_mixin.py:109} INFO - [2021-11-16 11:16:57,015] {dagbag.py:500} INFO - Filling up the DagBag from /home/ana/Documentos/airflowML/venv/lib/python3.8/site-packages/airflow/example_dags/example_short_circuit_operator.py
[2021-11-16 11:16:57,041] {processor.py:637} INFO - DAG(s) dict_keys(['example_short_circuit_operator']) retrieved from /home/ana/Documentos/airflowML/venv/lib/python3.8/site-packages/airflow/example_dags/example_short_circuit_operator.py
[2021-11-16 11:16:57,051] {logging_mixin.py:109} INFO - [2021-11-16 11:16:57,051] {dag.py:2396} INFO - Sync 1 DAGs
[2021-11-16 11:16:57,070] {logging_mixin.py:109} INFO - [2021-11-16 11:16:57,070] {dag.py:2928} INFO - Setting next_dagrun for example_short_circuit_operator to 2021-11-15T14:16:57.070220+00:00
[2021-11-16 11:16:57,158] {processor.py:171} INFO - Processing /home/ana/Documentos/airflowML/venv/lib/python3.8/site-packages/airflow/example_dags/example_short_circuit_operator.py took 0.155 seconds
[2021-11-16 11:17:39,915] {processor.py:163} INFO - Started process (PID=9931) to work on /home/ana/Documentos/airflowML/venv/lib/python3.8/site-packages/airflow/example_dags/example_short_circuit_operator.py
[2021-11-16 11:17:39,916] {processor.py:625} INFO - Processing file /home/ana/Documentos/airflowML/venv/lib/python3.8/site-packages/airflow/example_dags/example_short_circuit_operator.py for tasks to queue
[2021-11-16 11:17:39,917] {logging_mixin.py:109} INFO - [2021-11-16 11:17:39,917] {dagbag.py:500} INFO - Filling up the DagBag from /home/ana/Documentos/airflowML/venv/lib/python3.8/site-packages/airflow/example_dags/example_short_circuit_operator.py
[2021-11-16 11:17:39,940] {processor.py:637} INFO - DAG(s) dict_keys(['example_short_circuit_operator']) retrieved from /home/ana/Documentos/airflowML/venv/lib/python3.8/site-packages/airflow/example_dags/example_short_circuit_operator.py
[2021-11-16 11:17:39,953] {logging_mixin.py:109} INFO - [2021-11-16 11:17:39,953] {dag.py:2396} INFO - Sync 1 DAGs
[2021-11-16 11:17:39,969] {logging_mixin.py:109} INFO - [2021-11-16 11:17:39,969] {dag.py:2928} INFO - Setting next_dagrun for example_short_circuit_operator to 2021-11-15T14:17:39.969126+00:00
[2021-11-16 11:17:40,072] {processor.py:171} INFO - Processing /home/ana/Documentos/airflowML/venv/lib/python3.8/site-packages/airflow/example_dags/example_short_circuit_operator.py took 0.160 seconds
[2021-11-16 11:18:22,667] {processor.py:163} INFO - Started process (PID=10004) to work on /home/ana/Documentos/airflowML/venv/lib/python3.8/site-packages/airflow/example_dags/example_short_circuit_operator.py
[2021-11-16 11:18:22,670] {processor.py:625} INFO - Processing file /home/ana/Documentos/airflowML/venv/lib/python3.8/site-packages/airflow/example_dags/example_short_circuit_operator.py for tasks to queue
[2021-11-16 11:18:22,671] {logging_mixin.py:109} INFO - [2021-11-16 11:18:22,671] {dagbag.py:500} INFO - Filling up the DagBag from /home/ana/Documentos/airflowML/venv/lib/python3.8/site-packages/airflow/example_dags/example_short_circuit_operator.py
[2021-11-16 11:18:22,697] {processor.py:637} INFO - DAG(s) dict_keys(['example_short_circuit_operator']) retrieved from /home/ana/Documentos/airflowML/venv/lib/python3.8/site-packages/airflow/example_dags/example_short_circuit_operator.py
[2021-11-16 11:18:22,710] {logging_mixin.py:109} INFO - [2021-11-16 11:18:22,710] {dag.py:2396} INFO - Sync 1 DAGs
[2021-11-16 11:18:22,725] {logging_mixin.py:109} INFO - [2021-11-16 11:18:22,725] {dag.py:2928} INFO - Setting next_dagrun for example_short_circuit_operator to 2021-11-15T14:18:22.724790+00:00
[2021-11-16 11:18:22,825] {processor.py:171} INFO - Processing /home/ana/Documentos/airflowML/venv/lib/python3.8/site-packages/airflow/example_dags/example_short_circuit_operator.py took 0.162 seconds
[2021-11-16 11:19:01,242] {processor.py:163} INFO - Started process (PID=10047) to work on /home/ana/Documentos/airflowML/venv/lib/python3.8/site-packages/airflow/example_dags/example_short_circuit_operator.py
[2021-11-16 11:19:01,262] {processor.py:625} INFO - Processing file /home/ana/Documentos/airflowML/venv/lib/python3.8/site-packages/airflow/example_dags/example_short_circuit_operator.py for tasks to queue
[2021-11-16 11:19:01,263] {logging_mixin.py:109} INFO - [2021-11-16 11:19:01,263] {dagbag.py:500} INFO - Filling up the DagBag from /home/ana/Documentos/airflowML/venv/lib/python3.8/site-packages/airflow/example_dags/example_short_circuit_operator.py
[2021-11-16 11:19:01,289] {processor.py:637} INFO - DAG(s) dict_keys(['example_short_circuit_operator']) retrieved from /home/ana/Documentos/airflowML/venv/lib/python3.8/site-packages/airflow/example_dags/example_short_circuit_operator.py
[2021-11-16 11:19:01,300] {logging_mixin.py:109} INFO - [2021-11-16 11:19:01,300] {dag.py:2396} INFO - Sync 1 DAGs
[2021-11-16 11:19:01,314] {logging_mixin.py:109} INFO - [2021-11-16 11:19:01,314] {dag.py:2928} INFO - Setting next_dagrun for example_short_circuit_operator to 2021-11-15T14:19:01.313790+00:00
[2021-11-16 11:19:01,418] {processor.py:171} INFO - Processing /home/ana/Documentos/airflowML/venv/lib/python3.8/site-packages/airflow/example_dags/example_short_circuit_operator.py took 0.179 seconds
