[2021-11-16 11:13:18,967] {processor.py:163} INFO - Started process (PID=9482) to work on /home/ana/Documentos/airflowML/venv/lib/python3.8/site-packages/airflow/example_dags/example_branch_datetime_operator.py
[2021-11-16 11:13:18,969] {processor.py:625} INFO - Processing file /home/ana/Documentos/airflowML/venv/lib/python3.8/site-packages/airflow/example_dags/example_branch_datetime_operator.py for tasks to queue
[2021-11-16 11:13:18,970] {logging_mixin.py:109} INFO - [2021-11-16 11:13:18,970] {dagbag.py:500} INFO - Filling up the DagBag from /home/ana/Documentos/airflowML/venv/lib/python3.8/site-packages/airflow/example_dags/example_branch_datetime_operator.py
[2021-11-16 11:13:19,000] {processor.py:637} INFO - DAG(s) dict_keys(['example_branch_datetime_operator_2']) retrieved from /home/ana/Documentos/airflowML/venv/lib/python3.8/site-packages/airflow/example_dags/example_branch_datetime_operator.py
[2021-11-16 11:13:19,013] {logging_mixin.py:109} INFO - [2021-11-16 11:13:19,013] {dag.py:2396} INFO - Sync 1 DAGs
[2021-11-16 11:13:19,029] {logging_mixin.py:109} INFO - [2021-11-16 11:13:19,028] {dag.py:2928} INFO - Setting next_dagrun for example_branch_datetime_operator_2 to 2021-11-15 00:00:00+00:00
[2021-11-16 11:13:19,127] {processor.py:171} INFO - Processing /home/ana/Documentos/airflowML/venv/lib/python3.8/site-packages/airflow/example_dags/example_branch_datetime_operator.py took 0.166 seconds
[2021-11-16 11:14:04,540] {processor.py:163} INFO - Started process (PID=9598) to work on /home/ana/Documentos/airflowML/venv/lib/python3.8/site-packages/airflow/example_dags/example_branch_datetime_operator.py
[2021-11-16 11:14:04,542] {processor.py:625} INFO - Processing file /home/ana/Documentos/airflowML/venv/lib/python3.8/site-packages/airflow/example_dags/example_branch_datetime_operator.py for tasks to queue
[2021-11-16 11:14:04,542] {logging_mixin.py:109} INFO - [2021-11-16 11:14:04,542] {dagbag.py:500} INFO - Filling up the DagBag from /home/ana/Documentos/airflowML/venv/lib/python3.8/site-packages/airflow/example_dags/example_branch_datetime_operator.py
[2021-11-16 11:14:04,564] {processor.py:637} INFO - DAG(s) dict_keys(['example_branch_datetime_operator_2']) retrieved from /home/ana/Documentos/airflowML/venv/lib/python3.8/site-packages/airflow/example_dags/example_branch_datetime_operator.py
[2021-11-16 11:14:04,575] {logging_mixin.py:109} INFO - [2021-11-16 11:14:04,574] {dag.py:2396} INFO - Sync 1 DAGs
[2021-11-16 11:14:04,590] {logging_mixin.py:109} INFO - [2021-11-16 11:14:04,590] {dag.py:2928} INFO - Setting next_dagrun for example_branch_datetime_operator_2 to 2021-11-15 00:00:00+00:00
[2021-11-16 11:14:04,702] {processor.py:171} INFO - Processing /home/ana/Documentos/airflowML/venv/lib/python3.8/site-packages/airflow/example_dags/example_branch_datetime_operator.py took 0.167 seconds
[2021-11-16 11:14:47,863] {processor.py:163} INFO - Started process (PID=9706) to work on /home/ana/Documentos/airflowML/venv/lib/python3.8/site-packages/airflow/example_dags/example_branch_datetime_operator.py
[2021-11-16 11:14:47,864] {processor.py:625} INFO - Processing file /home/ana/Documentos/airflowML/venv/lib/python3.8/site-packages/airflow/example_dags/example_branch_datetime_operator.py for tasks to queue
[2021-11-16 11:14:47,865] {logging_mixin.py:109} INFO - [2021-11-16 11:14:47,865] {dagbag.py:500} INFO - Filling up the DagBag from /home/ana/Documentos/airflowML/venv/lib/python3.8/site-packages/airflow/example_dags/example_branch_datetime_operator.py
[2021-11-16 11:14:47,887] {processor.py:637} INFO - DAG(s) dict_keys(['example_branch_datetime_operator_2']) retrieved from /home/ana/Documentos/airflowML/venv/lib/python3.8/site-packages/airflow/example_dags/example_branch_datetime_operator.py
[2021-11-16 11:14:47,897] {logging_mixin.py:109} INFO - [2021-11-16 11:14:47,897] {dag.py:2396} INFO - Sync 1 DAGs
[2021-11-16 11:14:47,912] {logging_mixin.py:109} INFO - [2021-11-16 11:14:47,912] {dag.py:2928} INFO - Setting next_dagrun for example_branch_datetime_operator_2 to 2021-11-15 00:00:00+00:00
[2021-11-16 11:14:48,002] {processor.py:171} INFO - Processing /home/ana/Documentos/airflowML/venv/lib/python3.8/site-packages/airflow/example_dags/example_branch_datetime_operator.py took 0.142 seconds
[2021-11-16 11:15:33,654] {processor.py:163} INFO - Started process (PID=9766) to work on /home/ana/Documentos/airflowML/venv/lib/python3.8/site-packages/airflow/example_dags/example_branch_datetime_operator.py
[2021-11-16 11:15:33,655] {processor.py:625} INFO - Processing file /home/ana/Documentos/airflowML/venv/lib/python3.8/site-packages/airflow/example_dags/example_branch_datetime_operator.py for tasks to queue
[2021-11-16 11:15:33,656] {logging_mixin.py:109} INFO - [2021-11-16 11:15:33,656] {dagbag.py:500} INFO - Filling up the DagBag from /home/ana/Documentos/airflowML/venv/lib/python3.8/site-packages/airflow/example_dags/example_branch_datetime_operator.py
[2021-11-16 11:15:33,679] {processor.py:637} INFO - DAG(s) dict_keys(['example_branch_datetime_operator_2']) retrieved from /home/ana/Documentos/airflowML/venv/lib/python3.8/site-packages/airflow/example_dags/example_branch_datetime_operator.py
[2021-11-16 11:15:33,691] {logging_mixin.py:109} INFO - [2021-11-16 11:15:33,690] {dag.py:2396} INFO - Sync 1 DAGs
[2021-11-16 11:15:33,709] {logging_mixin.py:109} INFO - [2021-11-16 11:15:33,709] {dag.py:2928} INFO - Setting next_dagrun for example_branch_datetime_operator_2 to 2021-11-15 00:00:00+00:00
[2021-11-16 11:15:33,799] {processor.py:171} INFO - Processing /home/ana/Documentos/airflowML/venv/lib/python3.8/site-packages/airflow/example_dags/example_branch_datetime_operator.py took 0.148 seconds
[2021-11-16 11:16:33,216] {processor.py:163} INFO - Started process (PID=9842) to work on /home/ana/Documentos/airflowML/venv/lib/python3.8/site-packages/airflow/example_dags/example_branch_datetime_operator.py
[2021-11-16 11:16:33,217] {processor.py:625} INFO - Processing file /home/ana/Documentos/airflowML/venv/lib/python3.8/site-packages/airflow/example_dags/example_branch_datetime_operator.py for tasks to queue
[2021-11-16 11:16:33,218] {logging_mixin.py:109} INFO - [2021-11-16 11:16:33,218] {dagbag.py:500} INFO - Filling up the DagBag from /home/ana/Documentos/airflowML/venv/lib/python3.8/site-packages/airflow/example_dags/example_branch_datetime_operator.py
[2021-11-16 11:16:33,243] {processor.py:637} INFO - DAG(s) dict_keys(['example_branch_datetime_operator_2']) retrieved from /home/ana/Documentos/airflowML/venv/lib/python3.8/site-packages/airflow/example_dags/example_branch_datetime_operator.py
[2021-11-16 11:16:33,254] {logging_mixin.py:109} INFO - [2021-11-16 11:16:33,253] {dag.py:2396} INFO - Sync 1 DAGs
[2021-11-16 11:16:33,269] {logging_mixin.py:109} INFO - [2021-11-16 11:16:33,269] {dag.py:2928} INFO - Setting next_dagrun for example_branch_datetime_operator_2 to 2021-11-15 00:00:00+00:00
[2021-11-16 11:16:33,358] {processor.py:171} INFO - Processing /home/ana/Documentos/airflowML/venv/lib/python3.8/site-packages/airflow/example_dags/example_branch_datetime_operator.py took 0.146 seconds
[2021-11-16 11:17:23,280] {processor.py:163} INFO - Started process (PID=9895) to work on /home/ana/Documentos/airflowML/venv/lib/python3.8/site-packages/airflow/example_dags/example_branch_datetime_operator.py
[2021-11-16 11:17:23,282] {processor.py:625} INFO - Processing file /home/ana/Documentos/airflowML/venv/lib/python3.8/site-packages/airflow/example_dags/example_branch_datetime_operator.py for tasks to queue
[2021-11-16 11:17:23,282] {logging_mixin.py:109} INFO - [2021-11-16 11:17:23,282] {dagbag.py:500} INFO - Filling up the DagBag from /home/ana/Documentos/airflowML/venv/lib/python3.8/site-packages/airflow/example_dags/example_branch_datetime_operator.py
[2021-11-16 11:17:23,309] {processor.py:637} INFO - DAG(s) dict_keys(['example_branch_datetime_operator_2']) retrieved from /home/ana/Documentos/airflowML/venv/lib/python3.8/site-packages/airflow/example_dags/example_branch_datetime_operator.py
[2021-11-16 11:17:23,320] {logging_mixin.py:109} INFO - [2021-11-16 11:17:23,320] {dag.py:2396} INFO - Sync 1 DAGs
[2021-11-16 11:17:23,336] {logging_mixin.py:109} INFO - [2021-11-16 11:17:23,336] {dag.py:2928} INFO - Setting next_dagrun for example_branch_datetime_operator_2 to 2021-11-15 00:00:00+00:00
[2021-11-16 11:17:23,419] {processor.py:171} INFO - Processing /home/ana/Documentos/airflowML/venv/lib/python3.8/site-packages/airflow/example_dags/example_branch_datetime_operator.py took 0.142 seconds
[2021-11-16 11:18:17,372] {processor.py:163} INFO - Started process (PID=9996) to work on /home/ana/Documentos/airflowML/venv/lib/python3.8/site-packages/airflow/example_dags/example_branch_datetime_operator.py
[2021-11-16 11:18:17,395] {processor.py:625} INFO - Processing file /home/ana/Documentos/airflowML/venv/lib/python3.8/site-packages/airflow/example_dags/example_branch_datetime_operator.py for tasks to queue
[2021-11-16 11:18:17,395] {logging_mixin.py:109} INFO - [2021-11-16 11:18:17,395] {dagbag.py:500} INFO - Filling up the DagBag from /home/ana/Documentos/airflowML/venv/lib/python3.8/site-packages/airflow/example_dags/example_branch_datetime_operator.py
[2021-11-16 11:18:17,421] {processor.py:637} INFO - DAG(s) dict_keys(['example_branch_datetime_operator_2']) retrieved from /home/ana/Documentos/airflowML/venv/lib/python3.8/site-packages/airflow/example_dags/example_branch_datetime_operator.py
[2021-11-16 11:18:17,431] {logging_mixin.py:109} INFO - [2021-11-16 11:18:17,431] {dag.py:2396} INFO - Sync 1 DAGs
[2021-11-16 11:18:17,446] {logging_mixin.py:109} INFO - [2021-11-16 11:18:17,446] {dag.py:2928} INFO - Setting next_dagrun for example_branch_datetime_operator_2 to 2021-11-15 00:00:00+00:00
[2021-11-16 11:18:17,541] {processor.py:171} INFO - Processing /home/ana/Documentos/airflowML/venv/lib/python3.8/site-packages/airflow/example_dags/example_branch_datetime_operator.py took 0.172 seconds
[2021-11-16 11:19:07,990] {processor.py:163} INFO - Started process (PID=10053) to work on /home/ana/Documentos/airflowML/venv/lib/python3.8/site-packages/airflow/example_dags/example_branch_datetime_operator.py
[2021-11-16 11:19:07,992] {processor.py:625} INFO - Processing file /home/ana/Documentos/airflowML/venv/lib/python3.8/site-packages/airflow/example_dags/example_branch_datetime_operator.py for tasks to queue
[2021-11-16 11:19:07,992] {logging_mixin.py:109} INFO - [2021-11-16 11:19:07,992] {dagbag.py:500} INFO - Filling up the DagBag from /home/ana/Documentos/airflowML/venv/lib/python3.8/site-packages/airflow/example_dags/example_branch_datetime_operator.py
[2021-11-16 11:19:08,015] {processor.py:637} INFO - DAG(s) dict_keys(['example_branch_datetime_operator_2']) retrieved from /home/ana/Documentos/airflowML/venv/lib/python3.8/site-packages/airflow/example_dags/example_branch_datetime_operator.py
[2021-11-16 11:19:08,025] {logging_mixin.py:109} INFO - [2021-11-16 11:19:08,024] {dag.py:2396} INFO - Sync 1 DAGs
[2021-11-16 11:19:08,040] {logging_mixin.py:109} INFO - [2021-11-16 11:19:08,040] {dag.py:2928} INFO - Setting next_dagrun for example_branch_datetime_operator_2 to 2021-11-15 00:00:00+00:00
[2021-11-16 11:19:08,121] {processor.py:171} INFO - Processing /home/ana/Documentos/airflowML/venv/lib/python3.8/site-packages/airflow/example_dags/example_branch_datetime_operator.py took 0.137 seconds
