[2021-11-16 11:13:07,236] {processor.py:163} INFO - Started process (PID=9458) to work on /home/ana/Documentos/airflowML/venv/lib/python3.8/site-packages/airflow/example_dags/example_python_operator.py
[2021-11-16 11:13:07,237] {processor.py:625} INFO - Processing file /home/ana/Documentos/airflowML/venv/lib/python3.8/site-packages/airflow/example_dags/example_python_operator.py for tasks to queue
[2021-11-16 11:13:07,238] {logging_mixin.py:109} INFO - [2021-11-16 11:13:07,238] {dagbag.py:500} INFO - Filling up the DagBag from /home/ana/Documentos/airflowML/venv/lib/python3.8/site-packages/airflow/example_dags/example_python_operator.py
[2021-11-16 11:13:07,263] {processor.py:637} INFO - DAG(s) dict_keys(['example_python_operator']) retrieved from /home/ana/Documentos/airflowML/venv/lib/python3.8/site-packages/airflow/example_dags/example_python_operator.py
[2021-11-16 11:13:07,274] {logging_mixin.py:109} INFO - [2021-11-16 11:13:07,274] {dag.py:2396} INFO - Sync 1 DAGs
[2021-11-16 11:13:07,290] {logging_mixin.py:109} INFO - [2021-11-16 11:13:07,289] {dag.py:2928} INFO - Setting next_dagrun for example_python_operator to None
[2021-11-16 11:13:07,380] {processor.py:171} INFO - Processing /home/ana/Documentos/airflowML/venv/lib/python3.8/site-packages/airflow/example_dags/example_python_operator.py took 0.147 seconds
[2021-11-16 11:13:51,305] {processor.py:163} INFO - Started process (PID=9563) to work on /home/ana/Documentos/airflowML/venv/lib/python3.8/site-packages/airflow/example_dags/example_python_operator.py
[2021-11-16 11:13:51,307] {processor.py:625} INFO - Processing file /home/ana/Documentos/airflowML/venv/lib/python3.8/site-packages/airflow/example_dags/example_python_operator.py for tasks to queue
[2021-11-16 11:13:51,308] {logging_mixin.py:109} INFO - [2021-11-16 11:13:51,308] {dagbag.py:500} INFO - Filling up the DagBag from /home/ana/Documentos/airflowML/venv/lib/python3.8/site-packages/airflow/example_dags/example_python_operator.py
[2021-11-16 11:13:51,337] {processor.py:637} INFO - DAG(s) dict_keys(['example_python_operator']) retrieved from /home/ana/Documentos/airflowML/venv/lib/python3.8/site-packages/airflow/example_dags/example_python_operator.py
[2021-11-16 11:13:51,350] {logging_mixin.py:109} INFO - [2021-11-16 11:13:51,349] {dag.py:2396} INFO - Sync 1 DAGs
[2021-11-16 11:13:51,368] {logging_mixin.py:109} INFO - [2021-11-16 11:13:51,368] {dag.py:2928} INFO - Setting next_dagrun for example_python_operator to None
[2021-11-16 11:13:51,464] {processor.py:171} INFO - Processing /home/ana/Documentos/airflowML/venv/lib/python3.8/site-packages/airflow/example_dags/example_python_operator.py took 0.161 seconds
[2021-11-16 11:14:34,524] {processor.py:163} INFO - Started process (PID=9671) to work on /home/ana/Documentos/airflowML/venv/lib/python3.8/site-packages/airflow/example_dags/example_python_operator.py
[2021-11-16 11:14:34,526] {processor.py:625} INFO - Processing file /home/ana/Documentos/airflowML/venv/lib/python3.8/site-packages/airflow/example_dags/example_python_operator.py for tasks to queue
[2021-11-16 11:14:34,526] {logging_mixin.py:109} INFO - [2021-11-16 11:14:34,526] {dagbag.py:500} INFO - Filling up the DagBag from /home/ana/Documentos/airflowML/venv/lib/python3.8/site-packages/airflow/example_dags/example_python_operator.py
[2021-11-16 11:14:34,549] {processor.py:637} INFO - DAG(s) dict_keys(['example_python_operator']) retrieved from /home/ana/Documentos/airflowML/venv/lib/python3.8/site-packages/airflow/example_dags/example_python_operator.py
[2021-11-16 11:14:34,559] {logging_mixin.py:109} INFO - [2021-11-16 11:14:34,559] {dag.py:2396} INFO - Sync 1 DAGs
[2021-11-16 11:14:34,572] {logging_mixin.py:109} INFO - [2021-11-16 11:14:34,572] {dag.py:2928} INFO - Setting next_dagrun for example_python_operator to None
[2021-11-16 11:14:34,650] {processor.py:171} INFO - Processing /home/ana/Documentos/airflowML/venv/lib/python3.8/site-packages/airflow/example_dags/example_python_operator.py took 0.134 seconds
[2021-11-16 11:15:18,726] {processor.py:163} INFO - Started process (PID=9750) to work on /home/ana/Documentos/airflowML/venv/lib/python3.8/site-packages/airflow/example_dags/example_python_operator.py
[2021-11-16 11:15:18,729] {processor.py:625} INFO - Processing file /home/ana/Documentos/airflowML/venv/lib/python3.8/site-packages/airflow/example_dags/example_python_operator.py for tasks to queue
[2021-11-16 11:15:18,730] {logging_mixin.py:109} INFO - [2021-11-16 11:15:18,730] {dagbag.py:500} INFO - Filling up the DagBag from /home/ana/Documentos/airflowML/venv/lib/python3.8/site-packages/airflow/example_dags/example_python_operator.py
[2021-11-16 11:15:18,773] {processor.py:637} INFO - DAG(s) dict_keys(['example_python_operator']) retrieved from /home/ana/Documentos/airflowML/venv/lib/python3.8/site-packages/airflow/example_dags/example_python_operator.py
[2021-11-16 11:15:18,791] {logging_mixin.py:109} INFO - [2021-11-16 11:15:18,791] {dag.py:2396} INFO - Sync 1 DAGs
[2021-11-16 11:15:18,814] {logging_mixin.py:109} INFO - [2021-11-16 11:15:18,814] {dag.py:2928} INFO - Setting next_dagrun for example_python_operator to None
[2021-11-16 11:15:18,990] {processor.py:171} INFO - Processing /home/ana/Documentos/airflowML/venv/lib/python3.8/site-packages/airflow/example_dags/example_python_operator.py took 0.269 seconds
[2021-11-16 11:16:22,633] {processor.py:163} INFO - Started process (PID=9832) to work on /home/ana/Documentos/airflowML/venv/lib/python3.8/site-packages/airflow/example_dags/example_python_operator.py
[2021-11-16 11:16:22,635] {processor.py:625} INFO - Processing file /home/ana/Documentos/airflowML/venv/lib/python3.8/site-packages/airflow/example_dags/example_python_operator.py for tasks to queue
[2021-11-16 11:16:22,636] {logging_mixin.py:109} INFO - [2021-11-16 11:16:22,636] {dagbag.py:500} INFO - Filling up the DagBag from /home/ana/Documentos/airflowML/venv/lib/python3.8/site-packages/airflow/example_dags/example_python_operator.py
[2021-11-16 11:16:22,658] {processor.py:637} INFO - DAG(s) dict_keys(['example_python_operator']) retrieved from /home/ana/Documentos/airflowML/venv/lib/python3.8/site-packages/airflow/example_dags/example_python_operator.py
[2021-11-16 11:16:22,669] {logging_mixin.py:109} INFO - [2021-11-16 11:16:22,668] {dag.py:2396} INFO - Sync 1 DAGs
[2021-11-16 11:16:22,682] {logging_mixin.py:109} INFO - [2021-11-16 11:16:22,682] {dag.py:2928} INFO - Setting next_dagrun for example_python_operator to None
[2021-11-16 11:16:22,773] {processor.py:171} INFO - Processing /home/ana/Documentos/airflowML/venv/lib/python3.8/site-packages/airflow/example_dags/example_python_operator.py took 0.142 seconds
[2021-11-16 11:17:03,741] {processor.py:163} INFO - Started process (PID=9876) to work on /home/ana/Documentos/airflowML/venv/lib/python3.8/site-packages/airflow/example_dags/example_python_operator.py
[2021-11-16 11:17:03,742] {processor.py:625} INFO - Processing file /home/ana/Documentos/airflowML/venv/lib/python3.8/site-packages/airflow/example_dags/example_python_operator.py for tasks to queue
[2021-11-16 11:17:03,743] {logging_mixin.py:109} INFO - [2021-11-16 11:17:03,743] {dagbag.py:500} INFO - Filling up the DagBag from /home/ana/Documentos/airflowML/venv/lib/python3.8/site-packages/airflow/example_dags/example_python_operator.py
[2021-11-16 11:17:03,765] {processor.py:637} INFO - DAG(s) dict_keys(['example_python_operator']) retrieved from /home/ana/Documentos/airflowML/venv/lib/python3.8/site-packages/airflow/example_dags/example_python_operator.py
[2021-11-16 11:17:03,775] {logging_mixin.py:109} INFO - [2021-11-16 11:17:03,775] {dag.py:2396} INFO - Sync 1 DAGs
[2021-11-16 11:17:03,789] {logging_mixin.py:109} INFO - [2021-11-16 11:17:03,789] {dag.py:2928} INFO - Setting next_dagrun for example_python_operator to None
[2021-11-16 11:17:03,881] {processor.py:171} INFO - Processing /home/ana/Documentos/airflowML/venv/lib/python3.8/site-packages/airflow/example_dags/example_python_operator.py took 0.142 seconds
[2021-11-16 11:17:45,276] {processor.py:163} INFO - Started process (PID=9942) to work on /home/ana/Documentos/airflowML/venv/lib/python3.8/site-packages/airflow/example_dags/example_python_operator.py
[2021-11-16 11:17:45,277] {processor.py:625} INFO - Processing file /home/ana/Documentos/airflowML/venv/lib/python3.8/site-packages/airflow/example_dags/example_python_operator.py for tasks to queue
[2021-11-16 11:17:45,278] {logging_mixin.py:109} INFO - [2021-11-16 11:17:45,278] {dagbag.py:500} INFO - Filling up the DagBag from /home/ana/Documentos/airflowML/venv/lib/python3.8/site-packages/airflow/example_dags/example_python_operator.py
[2021-11-16 11:17:45,300] {processor.py:637} INFO - DAG(s) dict_keys(['example_python_operator']) retrieved from /home/ana/Documentos/airflowML/venv/lib/python3.8/site-packages/airflow/example_dags/example_python_operator.py
[2021-11-16 11:17:45,311] {logging_mixin.py:109} INFO - [2021-11-16 11:17:45,311] {dag.py:2396} INFO - Sync 1 DAGs
[2021-11-16 11:17:45,324] {logging_mixin.py:109} INFO - [2021-11-16 11:17:45,324] {dag.py:2928} INFO - Setting next_dagrun for example_python_operator to None
[2021-11-16 11:17:45,415] {processor.py:171} INFO - Processing /home/ana/Documentos/airflowML/venv/lib/python3.8/site-packages/airflow/example_dags/example_python_operator.py took 0.142 seconds
[2021-11-16 11:18:27,768] {processor.py:163} INFO - Started process (PID=10009) to work on /home/ana/Documentos/airflowML/venv/lib/python3.8/site-packages/airflow/example_dags/example_python_operator.py
[2021-11-16 11:18:27,770] {processor.py:625} INFO - Processing file /home/ana/Documentos/airflowML/venv/lib/python3.8/site-packages/airflow/example_dags/example_python_operator.py for tasks to queue
[2021-11-16 11:18:27,771] {logging_mixin.py:109} INFO - [2021-11-16 11:18:27,771] {dagbag.py:500} INFO - Filling up the DagBag from /home/ana/Documentos/airflowML/venv/lib/python3.8/site-packages/airflow/example_dags/example_python_operator.py
[2021-11-16 11:18:27,793] {processor.py:637} INFO - DAG(s) dict_keys(['example_python_operator']) retrieved from /home/ana/Documentos/airflowML/venv/lib/python3.8/site-packages/airflow/example_dags/example_python_operator.py
[2021-11-16 11:18:27,804] {logging_mixin.py:109} INFO - [2021-11-16 11:18:27,804] {dag.py:2396} INFO - Sync 1 DAGs
[2021-11-16 11:18:27,817] {logging_mixin.py:109} INFO - [2021-11-16 11:18:27,817] {dag.py:2928} INFO - Setting next_dagrun for example_python_operator to None
[2021-11-16 11:18:27,936] {processor.py:171} INFO - Processing /home/ana/Documentos/airflowML/venv/lib/python3.8/site-packages/airflow/example_dags/example_python_operator.py took 0.171 seconds
[2021-11-16 11:19:06,729] {processor.py:163} INFO - Started process (PID=10052) to work on /home/ana/Documentos/airflowML/venv/lib/python3.8/site-packages/airflow/example_dags/example_python_operator.py
[2021-11-16 11:19:06,731] {processor.py:625} INFO - Processing file /home/ana/Documentos/airflowML/venv/lib/python3.8/site-packages/airflow/example_dags/example_python_operator.py for tasks to queue
[2021-11-16 11:19:06,732] {logging_mixin.py:109} INFO - [2021-11-16 11:19:06,732] {dagbag.py:500} INFO - Filling up the DagBag from /home/ana/Documentos/airflowML/venv/lib/python3.8/site-packages/airflow/example_dags/example_python_operator.py
[2021-11-16 11:19:06,759] {processor.py:637} INFO - DAG(s) dict_keys(['example_python_operator']) retrieved from /home/ana/Documentos/airflowML/venv/lib/python3.8/site-packages/airflow/example_dags/example_python_operator.py
[2021-11-16 11:19:06,772] {logging_mixin.py:109} INFO - [2021-11-16 11:19:06,771] {dag.py:2396} INFO - Sync 1 DAGs
[2021-11-16 11:19:06,788] {logging_mixin.py:109} INFO - [2021-11-16 11:19:06,788] {dag.py:2928} INFO - Setting next_dagrun for example_python_operator to None
[2021-11-16 11:19:06,883] {processor.py:171} INFO - Processing /home/ana/Documentos/airflowML/venv/lib/python3.8/site-packages/airflow/example_dags/example_python_operator.py took 0.156 seconds
[2021-11-16 11:30:24,761] {processor.py:163} INFO - Started process (PID=10662) to work on /home/ana/Documentos/airflowML/venv/lib/python3.8/site-packages/airflow/example_dags/example_python_operator.py
[2021-11-16 11:30:24,763] {processor.py:625} INFO - Processing file /home/ana/Documentos/airflowML/venv/lib/python3.8/site-packages/airflow/example_dags/example_python_operator.py for tasks to queue
[2021-11-16 11:30:24,764] {logging_mixin.py:109} INFO - [2021-11-16 11:30:24,764] {dagbag.py:500} INFO - Filling up the DagBag from /home/ana/Documentos/airflowML/venv/lib/python3.8/site-packages/airflow/example_dags/example_python_operator.py
[2021-11-16 11:30:24,790] {processor.py:637} INFO - DAG(s) dict_keys(['example_python_operator']) retrieved from /home/ana/Documentos/airflowML/venv/lib/python3.8/site-packages/airflow/example_dags/example_python_operator.py
[2021-11-16 11:30:24,801] {logging_mixin.py:109} INFO - [2021-11-16 11:30:24,801] {dag.py:2396} INFO - Sync 1 DAGs
[2021-11-16 11:30:24,814] {logging_mixin.py:109} INFO - [2021-11-16 11:30:24,814] {dag.py:2928} INFO - Setting next_dagrun for example_python_operator to None
[2021-11-16 11:30:24,943] {processor.py:171} INFO - Processing /home/ana/Documentos/airflowML/venv/lib/python3.8/site-packages/airflow/example_dags/example_python_operator.py took 0.186 seconds
[2021-11-16 11:31:09,578] {processor.py:163} INFO - Started process (PID=10709) to work on /home/ana/Documentos/airflowML/venv/lib/python3.8/site-packages/airflow/example_dags/example_python_operator.py
[2021-11-16 11:31:09,580] {processor.py:625} INFO - Processing file /home/ana/Documentos/airflowML/venv/lib/python3.8/site-packages/airflow/example_dags/example_python_operator.py for tasks to queue
[2021-11-16 11:31:09,581] {logging_mixin.py:109} INFO - [2021-11-16 11:31:09,581] {dagbag.py:500} INFO - Filling up the DagBag from /home/ana/Documentos/airflowML/venv/lib/python3.8/site-packages/airflow/example_dags/example_python_operator.py
[2021-11-16 11:31:09,612] {processor.py:637} INFO - DAG(s) dict_keys(['example_python_operator']) retrieved from /home/ana/Documentos/airflowML/venv/lib/python3.8/site-packages/airflow/example_dags/example_python_operator.py
[2021-11-16 11:31:09,624] {logging_mixin.py:109} INFO - [2021-11-16 11:31:09,624] {dag.py:2396} INFO - Sync 1 DAGs
[2021-11-16 11:31:09,640] {logging_mixin.py:109} INFO - [2021-11-16 11:31:09,640] {dag.py:2928} INFO - Setting next_dagrun for example_python_operator to None
[2021-11-16 11:31:09,717] {processor.py:171} INFO - Processing /home/ana/Documentos/airflowML/venv/lib/python3.8/site-packages/airflow/example_dags/example_python_operator.py took 0.143 seconds
[2021-11-16 11:31:52,897] {processor.py:163} INFO - Started process (PID=10785) to work on /home/ana/Documentos/airflowML/venv/lib/python3.8/site-packages/airflow/example_dags/example_python_operator.py
[2021-11-16 11:31:52,899] {processor.py:625} INFO - Processing file /home/ana/Documentos/airflowML/venv/lib/python3.8/site-packages/airflow/example_dags/example_python_operator.py for tasks to queue
[2021-11-16 11:31:52,900] {logging_mixin.py:109} INFO - [2021-11-16 11:31:52,900] {dagbag.py:500} INFO - Filling up the DagBag from /home/ana/Documentos/airflowML/venv/lib/python3.8/site-packages/airflow/example_dags/example_python_operator.py
[2021-11-16 11:31:52,927] {processor.py:637} INFO - DAG(s) dict_keys(['example_python_operator']) retrieved from /home/ana/Documentos/airflowML/venv/lib/python3.8/site-packages/airflow/example_dags/example_python_operator.py
[2021-11-16 11:31:52,940] {logging_mixin.py:109} INFO - [2021-11-16 11:31:52,940] {dag.py:2396} INFO - Sync 1 DAGs
[2021-11-16 11:31:52,957] {logging_mixin.py:109} INFO - [2021-11-16 11:31:52,957] {dag.py:2928} INFO - Setting next_dagrun for example_python_operator to None
[2021-11-16 11:31:53,068] {processor.py:171} INFO - Processing /home/ana/Documentos/airflowML/venv/lib/python3.8/site-packages/airflow/example_dags/example_python_operator.py took 0.176 seconds
[2021-11-16 11:32:34,177] {processor.py:163} INFO - Started process (PID=10842) to work on /home/ana/Documentos/airflowML/venv/lib/python3.8/site-packages/airflow/example_dags/example_python_operator.py
[2021-11-16 11:32:34,179] {processor.py:625} INFO - Processing file /home/ana/Documentos/airflowML/venv/lib/python3.8/site-packages/airflow/example_dags/example_python_operator.py for tasks to queue
[2021-11-16 11:32:34,179] {logging_mixin.py:109} INFO - [2021-11-16 11:32:34,179] {dagbag.py:500} INFO - Filling up the DagBag from /home/ana/Documentos/airflowML/venv/lib/python3.8/site-packages/airflow/example_dags/example_python_operator.py
[2021-11-16 11:32:34,207] {processor.py:637} INFO - DAG(s) dict_keys(['example_python_operator']) retrieved from /home/ana/Documentos/airflowML/venv/lib/python3.8/site-packages/airflow/example_dags/example_python_operator.py
[2021-11-16 11:32:34,220] {logging_mixin.py:109} INFO - [2021-11-16 11:32:34,220] {dag.py:2396} INFO - Sync 1 DAGs
[2021-11-16 11:32:34,236] {logging_mixin.py:109} INFO - [2021-11-16 11:32:34,236] {dag.py:2928} INFO - Setting next_dagrun for example_python_operator to None
[2021-11-16 11:32:34,308] {processor.py:171} INFO - Processing /home/ana/Documentos/airflowML/venv/lib/python3.8/site-packages/airflow/example_dags/example_python_operator.py took 0.135 seconds
[2021-11-16 11:33:17,704] {processor.py:163} INFO - Started process (PID=10893) to work on /home/ana/Documentos/airflowML/venv/lib/python3.8/site-packages/airflow/example_dags/example_python_operator.py
[2021-11-16 11:33:17,718] {processor.py:625} INFO - Processing file /home/ana/Documentos/airflowML/venv/lib/python3.8/site-packages/airflow/example_dags/example_python_operator.py for tasks to queue
[2021-11-16 11:33:17,719] {logging_mixin.py:109} INFO - [2021-11-16 11:33:17,719] {dagbag.py:500} INFO - Filling up the DagBag from /home/ana/Documentos/airflowML/venv/lib/python3.8/site-packages/airflow/example_dags/example_python_operator.py
[2021-11-16 11:33:17,750] {processor.py:637} INFO - DAG(s) dict_keys(['example_python_operator']) retrieved from /home/ana/Documentos/airflowML/venv/lib/python3.8/site-packages/airflow/example_dags/example_python_operator.py
[2021-11-16 11:33:17,764] {logging_mixin.py:109} INFO - [2021-11-16 11:33:17,764] {dag.py:2396} INFO - Sync 1 DAGs
[2021-11-16 11:33:17,782] {logging_mixin.py:109} INFO - [2021-11-16 11:33:17,782] {dag.py:2928} INFO - Setting next_dagrun for example_python_operator to None
[2021-11-16 11:33:17,873] {processor.py:171} INFO - Processing /home/ana/Documentos/airflowML/venv/lib/python3.8/site-packages/airflow/example_dags/example_python_operator.py took 0.174 seconds
[2021-11-16 11:34:04,995] {processor.py:163} INFO - Started process (PID=10937) to work on /home/ana/Documentos/airflowML/venv/lib/python3.8/site-packages/airflow/example_dags/example_python_operator.py
[2021-11-16 11:34:04,996] {processor.py:625} INFO - Processing file /home/ana/Documentos/airflowML/venv/lib/python3.8/site-packages/airflow/example_dags/example_python_operator.py for tasks to queue
[2021-11-16 11:34:04,997] {logging_mixin.py:109} INFO - [2021-11-16 11:34:04,997] {dagbag.py:500} INFO - Filling up the DagBag from /home/ana/Documentos/airflowML/venv/lib/python3.8/site-packages/airflow/example_dags/example_python_operator.py
[2021-11-16 11:34:05,026] {processor.py:637} INFO - DAG(s) dict_keys(['example_python_operator']) retrieved from /home/ana/Documentos/airflowML/venv/lib/python3.8/site-packages/airflow/example_dags/example_python_operator.py
[2021-11-16 11:34:05,038] {logging_mixin.py:109} INFO - [2021-11-16 11:34:05,037] {dag.py:2396} INFO - Sync 1 DAGs
[2021-11-16 11:34:05,055] {logging_mixin.py:109} INFO - [2021-11-16 11:34:05,055] {dag.py:2928} INFO - Setting next_dagrun for example_python_operator to None
[2021-11-16 11:34:05,129] {processor.py:171} INFO - Processing /home/ana/Documentos/airflowML/venv/lib/python3.8/site-packages/airflow/example_dags/example_python_operator.py took 0.138 seconds
[2021-11-16 11:34:45,866] {processor.py:163} INFO - Started process (PID=10990) to work on /home/ana/Documentos/airflowML/venv/lib/python3.8/site-packages/airflow/example_dags/example_python_operator.py
[2021-11-16 11:34:45,868] {processor.py:625} INFO - Processing file /home/ana/Documentos/airflowML/venv/lib/python3.8/site-packages/airflow/example_dags/example_python_operator.py for tasks to queue
[2021-11-16 11:34:45,869] {logging_mixin.py:109} INFO - [2021-11-16 11:34:45,869] {dagbag.py:500} INFO - Filling up the DagBag from /home/ana/Documentos/airflowML/venv/lib/python3.8/site-packages/airflow/example_dags/example_python_operator.py
[2021-11-16 11:34:45,892] {processor.py:637} INFO - DAG(s) dict_keys(['example_python_operator']) retrieved from /home/ana/Documentos/airflowML/venv/lib/python3.8/site-packages/airflow/example_dags/example_python_operator.py
[2021-11-16 11:34:45,903] {logging_mixin.py:109} INFO - [2021-11-16 11:34:45,903] {dag.py:2396} INFO - Sync 1 DAGs
[2021-11-16 11:34:45,917] {logging_mixin.py:109} INFO - [2021-11-16 11:34:45,917] {dag.py:2928} INFO - Setting next_dagrun for example_python_operator to None
[2021-11-16 11:34:45,994] {processor.py:171} INFO - Processing /home/ana/Documentos/airflowML/venv/lib/python3.8/site-packages/airflow/example_dags/example_python_operator.py took 0.131 seconds
[2021-11-16 11:35:21,650] {processor.py:163} INFO - Started process (PID=11033) to work on /home/ana/Documentos/airflowML/venv/lib/python3.8/site-packages/airflow/example_dags/example_python_operator.py
[2021-11-16 11:35:21,652] {processor.py:625} INFO - Processing file /home/ana/Documentos/airflowML/venv/lib/python3.8/site-packages/airflow/example_dags/example_python_operator.py for tasks to queue
[2021-11-16 11:35:21,653] {logging_mixin.py:109} INFO - [2021-11-16 11:35:21,653] {dagbag.py:500} INFO - Filling up the DagBag from /home/ana/Documentos/airflowML/venv/lib/python3.8/site-packages/airflow/example_dags/example_python_operator.py
[2021-11-16 11:35:21,678] {processor.py:637} INFO - DAG(s) dict_keys(['example_python_operator']) retrieved from /home/ana/Documentos/airflowML/venv/lib/python3.8/site-packages/airflow/example_dags/example_python_operator.py
[2021-11-16 11:35:21,690] {logging_mixin.py:109} INFO - [2021-11-16 11:35:21,689] {dag.py:2396} INFO - Sync 1 DAGs
[2021-11-16 11:35:21,707] {logging_mixin.py:109} INFO - [2021-11-16 11:35:21,707] {dag.py:2928} INFO - Setting next_dagrun for example_python_operator to None
[2021-11-16 11:35:21,806] {processor.py:171} INFO - Processing /home/ana/Documentos/airflowML/venv/lib/python3.8/site-packages/airflow/example_dags/example_python_operator.py took 0.159 seconds
[2021-11-16 11:36:09,342] {processor.py:163} INFO - Started process (PID=11075) to work on /home/ana/Documentos/airflowML/venv/lib/python3.8/site-packages/airflow/example_dags/example_python_operator.py
[2021-11-16 11:36:09,343] {processor.py:625} INFO - Processing file /home/ana/Documentos/airflowML/venv/lib/python3.8/site-packages/airflow/example_dags/example_python_operator.py for tasks to queue
[2021-11-16 11:36:09,344] {logging_mixin.py:109} INFO - [2021-11-16 11:36:09,344] {dagbag.py:500} INFO - Filling up the DagBag from /home/ana/Documentos/airflowML/venv/lib/python3.8/site-packages/airflow/example_dags/example_python_operator.py
[2021-11-16 11:36:09,367] {processor.py:637} INFO - DAG(s) dict_keys(['example_python_operator']) retrieved from /home/ana/Documentos/airflowML/venv/lib/python3.8/site-packages/airflow/example_dags/example_python_operator.py
[2021-11-16 11:36:09,378] {logging_mixin.py:109} INFO - [2021-11-16 11:36:09,378] {dag.py:2396} INFO - Sync 1 DAGs
[2021-11-16 11:36:09,392] {logging_mixin.py:109} INFO - [2021-11-16 11:36:09,392] {dag.py:2928} INFO - Setting next_dagrun for example_python_operator to None
[2021-11-16 11:36:09,467] {processor.py:171} INFO - Processing /home/ana/Documentos/airflowML/venv/lib/python3.8/site-packages/airflow/example_dags/example_python_operator.py took 0.129 seconds
[2021-11-16 11:36:56,300] {processor.py:163} INFO - Started process (PID=11124) to work on /home/ana/Documentos/airflowML/venv/lib/python3.8/site-packages/airflow/example_dags/example_python_operator.py
[2021-11-16 11:36:56,319] {processor.py:625} INFO - Processing file /home/ana/Documentos/airflowML/venv/lib/python3.8/site-packages/airflow/example_dags/example_python_operator.py for tasks to queue
[2021-11-16 11:36:56,320] {logging_mixin.py:109} INFO - [2021-11-16 11:36:56,320] {dagbag.py:500} INFO - Filling up the DagBag from /home/ana/Documentos/airflowML/venv/lib/python3.8/site-packages/airflow/example_dags/example_python_operator.py
[2021-11-16 11:36:56,343] {processor.py:637} INFO - DAG(s) dict_keys(['example_python_operator']) retrieved from /home/ana/Documentos/airflowML/venv/lib/python3.8/site-packages/airflow/example_dags/example_python_operator.py
[2021-11-16 11:36:56,354] {logging_mixin.py:109} INFO - [2021-11-16 11:36:56,354] {dag.py:2396} INFO - Sync 1 DAGs
[2021-11-16 11:36:56,367] {logging_mixin.py:109} INFO - [2021-11-16 11:36:56,367] {dag.py:2928} INFO - Setting next_dagrun for example_python_operator to None
[2021-11-16 11:36:56,471] {processor.py:171} INFO - Processing /home/ana/Documentos/airflowML/venv/lib/python3.8/site-packages/airflow/example_dags/example_python_operator.py took 0.175 seconds
[2021-11-16 11:37:37,848] {processor.py:163} INFO - Started process (PID=11171) to work on /home/ana/Documentos/airflowML/venv/lib/python3.8/site-packages/airflow/example_dags/example_python_operator.py
[2021-11-16 11:37:37,867] {processor.py:625} INFO - Processing file /home/ana/Documentos/airflowML/venv/lib/python3.8/site-packages/airflow/example_dags/example_python_operator.py for tasks to queue
[2021-11-16 11:37:37,868] {logging_mixin.py:109} INFO - [2021-11-16 11:37:37,868] {dagbag.py:500} INFO - Filling up the DagBag from /home/ana/Documentos/airflowML/venv/lib/python3.8/site-packages/airflow/example_dags/example_python_operator.py
[2021-11-16 11:37:37,891] {processor.py:637} INFO - DAG(s) dict_keys(['example_python_operator']) retrieved from /home/ana/Documentos/airflowML/venv/lib/python3.8/site-packages/airflow/example_dags/example_python_operator.py
[2021-11-16 11:37:37,902] {logging_mixin.py:109} INFO - [2021-11-16 11:37:37,902] {dag.py:2396} INFO - Sync 1 DAGs
[2021-11-16 11:37:37,918] {logging_mixin.py:109} INFO - [2021-11-16 11:37:37,918] {dag.py:2928} INFO - Setting next_dagrun for example_python_operator to None
[2021-11-16 11:37:37,994] {processor.py:171} INFO - Processing /home/ana/Documentos/airflowML/venv/lib/python3.8/site-packages/airflow/example_dags/example_python_operator.py took 0.149 seconds
[2021-11-16 11:38:24,560] {processor.py:163} INFO - Started process (PID=11240) to work on /home/ana/Documentos/airflowML/venv/lib/python3.8/site-packages/airflow/example_dags/example_python_operator.py
[2021-11-16 11:38:24,572] {processor.py:625} INFO - Processing file /home/ana/Documentos/airflowML/venv/lib/python3.8/site-packages/airflow/example_dags/example_python_operator.py for tasks to queue
[2021-11-16 11:38:24,573] {logging_mixin.py:109} INFO - [2021-11-16 11:38:24,573] {dagbag.py:500} INFO - Filling up the DagBag from /home/ana/Documentos/airflowML/venv/lib/python3.8/site-packages/airflow/example_dags/example_python_operator.py
[2021-11-16 11:38:24,595] {processor.py:637} INFO - DAG(s) dict_keys(['example_python_operator']) retrieved from /home/ana/Documentos/airflowML/venv/lib/python3.8/site-packages/airflow/example_dags/example_python_operator.py
[2021-11-16 11:38:24,605] {logging_mixin.py:109} INFO - [2021-11-16 11:38:24,605] {dag.py:2396} INFO - Sync 1 DAGs
[2021-11-16 11:38:24,618] {logging_mixin.py:109} INFO - [2021-11-16 11:38:24,618] {dag.py:2928} INFO - Setting next_dagrun for example_python_operator to None
[2021-11-16 11:38:24,699] {processor.py:171} INFO - Processing /home/ana/Documentos/airflowML/venv/lib/python3.8/site-packages/airflow/example_dags/example_python_operator.py took 0.141 seconds
[2021-11-16 11:39:12,864] {processor.py:163} INFO - Started process (PID=11328) to work on /home/ana/Documentos/airflowML/venv/lib/python3.8/site-packages/airflow/example_dags/example_python_operator.py
[2021-11-16 11:39:12,882] {processor.py:625} INFO - Processing file /home/ana/Documentos/airflowML/venv/lib/python3.8/site-packages/airflow/example_dags/example_python_operator.py for tasks to queue
[2021-11-16 11:39:12,882] {logging_mixin.py:109} INFO - [2021-11-16 11:39:12,882] {dagbag.py:500} INFO - Filling up the DagBag from /home/ana/Documentos/airflowML/venv/lib/python3.8/site-packages/airflow/example_dags/example_python_operator.py
[2021-11-16 11:39:12,904] {processor.py:637} INFO - DAG(s) dict_keys(['example_python_operator']) retrieved from /home/ana/Documentos/airflowML/venv/lib/python3.8/site-packages/airflow/example_dags/example_python_operator.py
[2021-11-16 11:39:12,915] {logging_mixin.py:109} INFO - [2021-11-16 11:39:12,915] {dag.py:2396} INFO - Sync 1 DAGs
[2021-11-16 11:39:12,929] {logging_mixin.py:109} INFO - [2021-11-16 11:39:12,929] {dag.py:2928} INFO - Setting next_dagrun for example_python_operator to None
[2021-11-16 11:39:13,020] {processor.py:171} INFO - Processing /home/ana/Documentos/airflowML/venv/lib/python3.8/site-packages/airflow/example_dags/example_python_operator.py took 0.158 seconds
[2021-11-16 11:39:58,433] {processor.py:163} INFO - Started process (PID=11427) to work on /home/ana/Documentos/airflowML/venv/lib/python3.8/site-packages/airflow/example_dags/example_python_operator.py
[2021-11-16 11:39:58,448] {processor.py:625} INFO - Processing file /home/ana/Documentos/airflowML/venv/lib/python3.8/site-packages/airflow/example_dags/example_python_operator.py for tasks to queue
[2021-11-16 11:39:58,449] {logging_mixin.py:109} INFO - [2021-11-16 11:39:58,449] {dagbag.py:500} INFO - Filling up the DagBag from /home/ana/Documentos/airflowML/venv/lib/python3.8/site-packages/airflow/example_dags/example_python_operator.py
[2021-11-16 11:39:58,481] {processor.py:637} INFO - DAG(s) dict_keys(['example_python_operator']) retrieved from /home/ana/Documentos/airflowML/venv/lib/python3.8/site-packages/airflow/example_dags/example_python_operator.py
[2021-11-16 11:39:58,498] {logging_mixin.py:109} INFO - [2021-11-16 11:39:58,497] {dag.py:2396} INFO - Sync 1 DAGs
[2021-11-16 11:39:58,518] {logging_mixin.py:109} INFO - [2021-11-16 11:39:58,518] {dag.py:2928} INFO - Setting next_dagrun for example_python_operator to None
[2021-11-16 11:39:58,627] {processor.py:171} INFO - Processing /home/ana/Documentos/airflowML/venv/lib/python3.8/site-packages/airflow/example_dags/example_python_operator.py took 0.197 seconds
[2021-11-16 11:40:42,494] {processor.py:163} INFO - Started process (PID=11525) to work on /home/ana/Documentos/airflowML/venv/lib/python3.8/site-packages/airflow/example_dags/example_python_operator.py
[2021-11-16 11:40:42,498] {processor.py:625} INFO - Processing file /home/ana/Documentos/airflowML/venv/lib/python3.8/site-packages/airflow/example_dags/example_python_operator.py for tasks to queue
[2021-11-16 11:40:42,500] {logging_mixin.py:109} INFO - [2021-11-16 11:40:42,499] {dagbag.py:500} INFO - Filling up the DagBag from /home/ana/Documentos/airflowML/venv/lib/python3.8/site-packages/airflow/example_dags/example_python_operator.py
[2021-11-16 11:40:42,523] {processor.py:637} INFO - DAG(s) dict_keys(['example_python_operator']) retrieved from /home/ana/Documentos/airflowML/venv/lib/python3.8/site-packages/airflow/example_dags/example_python_operator.py
[2021-11-16 11:40:42,534] {logging_mixin.py:109} INFO - [2021-11-16 11:40:42,534] {dag.py:2396} INFO - Sync 1 DAGs
[2021-11-16 11:40:42,548] {logging_mixin.py:109} INFO - [2021-11-16 11:40:42,548] {dag.py:2928} INFO - Setting next_dagrun for example_python_operator to None
[2021-11-16 11:40:42,617] {processor.py:171} INFO - Processing /home/ana/Documentos/airflowML/venv/lib/python3.8/site-packages/airflow/example_dags/example_python_operator.py took 0.129 seconds
[2021-11-16 11:41:29,214] {processor.py:163} INFO - Started process (PID=11624) to work on /home/ana/Documentos/airflowML/venv/lib/python3.8/site-packages/airflow/example_dags/example_python_operator.py
[2021-11-16 11:41:29,222] {processor.py:625} INFO - Processing file /home/ana/Documentos/airflowML/venv/lib/python3.8/site-packages/airflow/example_dags/example_python_operator.py for tasks to queue
[2021-11-16 11:41:29,223] {logging_mixin.py:109} INFO - [2021-11-16 11:41:29,223] {dagbag.py:500} INFO - Filling up the DagBag from /home/ana/Documentos/airflowML/venv/lib/python3.8/site-packages/airflow/example_dags/example_python_operator.py
[2021-11-16 11:41:29,246] {processor.py:637} INFO - DAG(s) dict_keys(['example_python_operator']) retrieved from /home/ana/Documentos/airflowML/venv/lib/python3.8/site-packages/airflow/example_dags/example_python_operator.py
[2021-11-16 11:41:29,256] {logging_mixin.py:109} INFO - [2021-11-16 11:41:29,256] {dag.py:2396} INFO - Sync 1 DAGs
[2021-11-16 11:41:29,271] {logging_mixin.py:109} INFO - [2021-11-16 11:41:29,271] {dag.py:2928} INFO - Setting next_dagrun for example_python_operator to None
[2021-11-16 11:41:29,382] {processor.py:171} INFO - Processing /home/ana/Documentos/airflowML/venv/lib/python3.8/site-packages/airflow/example_dags/example_python_operator.py took 0.171 seconds
[2021-11-16 11:42:08,692] {processor.py:163} INFO - Started process (PID=11715) to work on /home/ana/Documentos/airflowML/venv/lib/python3.8/site-packages/airflow/example_dags/example_python_operator.py
[2021-11-16 11:42:08,694] {processor.py:625} INFO - Processing file /home/ana/Documentos/airflowML/venv/lib/python3.8/site-packages/airflow/example_dags/example_python_operator.py for tasks to queue
[2021-11-16 11:42:08,695] {logging_mixin.py:109} INFO - [2021-11-16 11:42:08,695] {dagbag.py:500} INFO - Filling up the DagBag from /home/ana/Documentos/airflowML/venv/lib/python3.8/site-packages/airflow/example_dags/example_python_operator.py
[2021-11-16 11:42:08,719] {processor.py:637} INFO - DAG(s) dict_keys(['example_python_operator']) retrieved from /home/ana/Documentos/airflowML/venv/lib/python3.8/site-packages/airflow/example_dags/example_python_operator.py
[2021-11-16 11:42:08,730] {logging_mixin.py:109} INFO - [2021-11-16 11:42:08,730] {dag.py:2396} INFO - Sync 1 DAGs
[2021-11-16 11:42:08,748] {logging_mixin.py:109} INFO - [2021-11-16 11:42:08,748] {dag.py:2928} INFO - Setting next_dagrun for example_python_operator to None
[2021-11-16 11:42:08,824] {processor.py:171} INFO - Processing /home/ana/Documentos/airflowML/venv/lib/python3.8/site-packages/airflow/example_dags/example_python_operator.py took 0.135 seconds
[2021-11-16 11:42:47,481] {processor.py:163} INFO - Started process (PID=11816) to work on /home/ana/Documentos/airflowML/venv/lib/python3.8/site-packages/airflow/example_dags/example_python_operator.py
[2021-11-16 11:42:47,483] {processor.py:625} INFO - Processing file /home/ana/Documentos/airflowML/venv/lib/python3.8/site-packages/airflow/example_dags/example_python_operator.py for tasks to queue
[2021-11-16 11:42:47,484] {logging_mixin.py:109} INFO - [2021-11-16 11:42:47,484] {dagbag.py:500} INFO - Filling up the DagBag from /home/ana/Documentos/airflowML/venv/lib/python3.8/site-packages/airflow/example_dags/example_python_operator.py
[2021-11-16 11:42:47,515] {processor.py:637} INFO - DAG(s) dict_keys(['example_python_operator']) retrieved from /home/ana/Documentos/airflowML/venv/lib/python3.8/site-packages/airflow/example_dags/example_python_operator.py
[2021-11-16 11:42:47,526] {logging_mixin.py:109} INFO - [2021-11-16 11:42:47,526] {dag.py:2396} INFO - Sync 1 DAGs
[2021-11-16 11:42:47,541] {logging_mixin.py:109} INFO - [2021-11-16 11:42:47,541] {dag.py:2928} INFO - Setting next_dagrun for example_python_operator to None
[2021-11-16 11:42:47,621] {processor.py:171} INFO - Processing /home/ana/Documentos/airflowML/venv/lib/python3.8/site-packages/airflow/example_dags/example_python_operator.py took 0.142 seconds
[2021-11-16 11:43:44,205] {processor.py:163} INFO - Started process (PID=11902) to work on /home/ana/Documentos/airflowML/venv/lib/python3.8/site-packages/airflow/example_dags/example_python_operator.py
[2021-11-16 11:43:44,224] {processor.py:625} INFO - Processing file /home/ana/Documentos/airflowML/venv/lib/python3.8/site-packages/airflow/example_dags/example_python_operator.py for tasks to queue
[2021-11-16 11:43:44,225] {logging_mixin.py:109} INFO - [2021-11-16 11:43:44,225] {dagbag.py:500} INFO - Filling up the DagBag from /home/ana/Documentos/airflowML/venv/lib/python3.8/site-packages/airflow/example_dags/example_python_operator.py
[2021-11-16 11:43:44,251] {processor.py:637} INFO - DAG(s) dict_keys(['example_python_operator']) retrieved from /home/ana/Documentos/airflowML/venv/lib/python3.8/site-packages/airflow/example_dags/example_python_operator.py
[2021-11-16 11:43:44,262] {logging_mixin.py:109} INFO - [2021-11-16 11:43:44,262] {dag.py:2396} INFO - Sync 1 DAGs
[2021-11-16 11:43:44,278] {logging_mixin.py:109} INFO - [2021-11-16 11:43:44,278] {dag.py:2928} INFO - Setting next_dagrun for example_python_operator to None
[2021-11-16 11:43:44,367] {processor.py:171} INFO - Processing /home/ana/Documentos/airflowML/venv/lib/python3.8/site-packages/airflow/example_dags/example_python_operator.py took 0.165 seconds
[2021-11-16 11:44:25,651] {processor.py:163} INFO - Started process (PID=11944) to work on /home/ana/Documentos/airflowML/venv/lib/python3.8/site-packages/airflow/example_dags/example_python_operator.py
[2021-11-16 11:44:25,653] {processor.py:625} INFO - Processing file /home/ana/Documentos/airflowML/venv/lib/python3.8/site-packages/airflow/example_dags/example_python_operator.py for tasks to queue
[2021-11-16 11:44:25,654] {logging_mixin.py:109} INFO - [2021-11-16 11:44:25,654] {dagbag.py:500} INFO - Filling up the DagBag from /home/ana/Documentos/airflowML/venv/lib/python3.8/site-packages/airflow/example_dags/example_python_operator.py
[2021-11-16 11:44:25,679] {processor.py:637} INFO - DAG(s) dict_keys(['example_python_operator']) retrieved from /home/ana/Documentos/airflowML/venv/lib/python3.8/site-packages/airflow/example_dags/example_python_operator.py
[2021-11-16 11:44:25,692] {logging_mixin.py:109} INFO - [2021-11-16 11:44:25,692] {dag.py:2396} INFO - Sync 1 DAGs
[2021-11-16 11:44:25,708] {logging_mixin.py:109} INFO - [2021-11-16 11:44:25,708] {dag.py:2928} INFO - Setting next_dagrun for example_python_operator to None
[2021-11-16 11:44:25,787] {processor.py:171} INFO - Processing /home/ana/Documentos/airflowML/venv/lib/python3.8/site-packages/airflow/example_dags/example_python_operator.py took 0.139 seconds
[2021-11-16 11:45:02,992] {processor.py:163} INFO - Started process (PID=12042) to work on /home/ana/Documentos/airflowML/venv/lib/python3.8/site-packages/airflow/example_dags/example_python_operator.py
[2021-11-16 11:45:02,993] {processor.py:625} INFO - Processing file /home/ana/Documentos/airflowML/venv/lib/python3.8/site-packages/airflow/example_dags/example_python_operator.py for tasks to queue
[2021-11-16 11:45:02,994] {logging_mixin.py:109} INFO - [2021-11-16 11:45:02,994] {dagbag.py:500} INFO - Filling up the DagBag from /home/ana/Documentos/airflowML/venv/lib/python3.8/site-packages/airflow/example_dags/example_python_operator.py
[2021-11-16 11:45:03,019] {processor.py:637} INFO - DAG(s) dict_keys(['example_python_operator']) retrieved from /home/ana/Documentos/airflowML/venv/lib/python3.8/site-packages/airflow/example_dags/example_python_operator.py
[2021-11-16 11:45:03,030] {logging_mixin.py:109} INFO - [2021-11-16 11:45:03,030] {dag.py:2396} INFO - Sync 1 DAGs
[2021-11-16 11:45:03,050] {logging_mixin.py:109} INFO - [2021-11-16 11:45:03,050] {dag.py:2928} INFO - Setting next_dagrun for example_python_operator to None
[2021-11-16 11:45:03,120] {processor.py:171} INFO - Processing /home/ana/Documentos/airflowML/venv/lib/python3.8/site-packages/airflow/example_dags/example_python_operator.py took 0.132 seconds
[2021-11-16 11:45:53,685] {processor.py:163} INFO - Started process (PID=12109) to work on /home/ana/Documentos/airflowML/venv/lib/python3.8/site-packages/airflow/example_dags/example_python_operator.py
[2021-11-16 11:45:53,687] {processor.py:625} INFO - Processing file /home/ana/Documentos/airflowML/venv/lib/python3.8/site-packages/airflow/example_dags/example_python_operator.py for tasks to queue
[2021-11-16 11:45:53,688] {logging_mixin.py:109} INFO - [2021-11-16 11:45:53,688] {dagbag.py:500} INFO - Filling up the DagBag from /home/ana/Documentos/airflowML/venv/lib/python3.8/site-packages/airflow/example_dags/example_python_operator.py
[2021-11-16 11:45:53,715] {processor.py:637} INFO - DAG(s) dict_keys(['example_python_operator']) retrieved from /home/ana/Documentos/airflowML/venv/lib/python3.8/site-packages/airflow/example_dags/example_python_operator.py
[2021-11-16 11:45:53,727] {logging_mixin.py:109} INFO - [2021-11-16 11:45:53,727] {dag.py:2396} INFO - Sync 1 DAGs
[2021-11-16 11:45:53,743] {logging_mixin.py:109} INFO - [2021-11-16 11:45:53,743] {dag.py:2928} INFO - Setting next_dagrun for example_python_operator to None
[2021-11-16 11:45:53,823] {processor.py:171} INFO - Processing /home/ana/Documentos/airflowML/venv/lib/python3.8/site-packages/airflow/example_dags/example_python_operator.py took 0.140 seconds
[2021-11-16 11:46:36,684] {processor.py:163} INFO - Started process (PID=12151) to work on /home/ana/Documentos/airflowML/venv/lib/python3.8/site-packages/airflow/example_dags/example_python_operator.py
[2021-11-16 11:46:36,686] {processor.py:625} INFO - Processing file /home/ana/Documentos/airflowML/venv/lib/python3.8/site-packages/airflow/example_dags/example_python_operator.py for tasks to queue
[2021-11-16 11:46:36,687] {logging_mixin.py:109} INFO - [2021-11-16 11:46:36,687] {dagbag.py:500} INFO - Filling up the DagBag from /home/ana/Documentos/airflowML/venv/lib/python3.8/site-packages/airflow/example_dags/example_python_operator.py
[2021-11-16 11:46:36,709] {processor.py:637} INFO - DAG(s) dict_keys(['example_python_operator']) retrieved from /home/ana/Documentos/airflowML/venv/lib/python3.8/site-packages/airflow/example_dags/example_python_operator.py
[2021-11-16 11:46:36,720] {logging_mixin.py:109} INFO - [2021-11-16 11:46:36,720] {dag.py:2396} INFO - Sync 1 DAGs
[2021-11-16 11:46:36,734] {logging_mixin.py:109} INFO - [2021-11-16 11:46:36,733] {dag.py:2928} INFO - Setting next_dagrun for example_python_operator to None
[2021-11-16 11:46:36,802] {processor.py:171} INFO - Processing /home/ana/Documentos/airflowML/venv/lib/python3.8/site-packages/airflow/example_dags/example_python_operator.py took 0.120 seconds
[2021-11-16 11:47:11,935] {processor.py:163} INFO - Started process (PID=12200) to work on /home/ana/Documentos/airflowML/venv/lib/python3.8/site-packages/airflow/example_dags/example_python_operator.py
[2021-11-16 11:47:11,937] {processor.py:625} INFO - Processing file /home/ana/Documentos/airflowML/venv/lib/python3.8/site-packages/airflow/example_dags/example_python_operator.py for tasks to queue
[2021-11-16 11:47:11,937] {logging_mixin.py:109} INFO - [2021-11-16 11:47:11,937] {dagbag.py:500} INFO - Filling up the DagBag from /home/ana/Documentos/airflowML/venv/lib/python3.8/site-packages/airflow/example_dags/example_python_operator.py
[2021-11-16 11:47:11,959] {processor.py:637} INFO - DAG(s) dict_keys(['example_python_operator']) retrieved from /home/ana/Documentos/airflowML/venv/lib/python3.8/site-packages/airflow/example_dags/example_python_operator.py
[2021-11-16 11:47:11,970] {logging_mixin.py:109} INFO - [2021-11-16 11:47:11,970] {dag.py:2396} INFO - Sync 1 DAGs
[2021-11-16 11:47:11,984] {logging_mixin.py:109} INFO - [2021-11-16 11:47:11,984] {dag.py:2928} INFO - Setting next_dagrun for example_python_operator to None
[2021-11-16 11:47:12,082] {processor.py:171} INFO - Processing /home/ana/Documentos/airflowML/venv/lib/python3.8/site-packages/airflow/example_dags/example_python_operator.py took 0.151 seconds
[2021-11-16 11:47:58,124] {processor.py:163} INFO - Started process (PID=12288) to work on /home/ana/Documentos/airflowML/venv/lib/python3.8/site-packages/airflow/example_dags/example_python_operator.py
[2021-11-16 11:47:58,126] {processor.py:625} INFO - Processing file /home/ana/Documentos/airflowML/venv/lib/python3.8/site-packages/airflow/example_dags/example_python_operator.py for tasks to queue
[2021-11-16 11:47:58,126] {logging_mixin.py:109} INFO - [2021-11-16 11:47:58,126] {dagbag.py:500} INFO - Filling up the DagBag from /home/ana/Documentos/airflowML/venv/lib/python3.8/site-packages/airflow/example_dags/example_python_operator.py
[2021-11-16 11:47:58,256] {processor.py:637} INFO - DAG(s) dict_keys(['example_python_operator']) retrieved from /home/ana/Documentos/airflowML/venv/lib/python3.8/site-packages/airflow/example_dags/example_python_operator.py
[2021-11-16 11:47:58,271] {logging_mixin.py:109} INFO - [2021-11-16 11:47:58,271] {dag.py:2396} INFO - Sync 1 DAGs
[2021-11-16 11:47:58,293] {logging_mixin.py:109} INFO - [2021-11-16 11:47:58,292] {dag.py:2928} INFO - Setting next_dagrun for example_python_operator to None
[2021-11-16 11:47:58,379] {processor.py:171} INFO - Processing /home/ana/Documentos/airflowML/venv/lib/python3.8/site-packages/airflow/example_dags/example_python_operator.py took 0.258 seconds
[2021-11-16 11:48:42,772] {processor.py:163} INFO - Started process (PID=12344) to work on /home/ana/Documentos/airflowML/venv/lib/python3.8/site-packages/airflow/example_dags/example_python_operator.py
[2021-11-16 11:48:42,794] {processor.py:625} INFO - Processing file /home/ana/Documentos/airflowML/venv/lib/python3.8/site-packages/airflow/example_dags/example_python_operator.py for tasks to queue
[2021-11-16 11:48:42,795] {logging_mixin.py:109} INFO - [2021-11-16 11:48:42,795] {dagbag.py:500} INFO - Filling up the DagBag from /home/ana/Documentos/airflowML/venv/lib/python3.8/site-packages/airflow/example_dags/example_python_operator.py
[2021-11-16 11:48:42,818] {processor.py:637} INFO - DAG(s) dict_keys(['example_python_operator']) retrieved from /home/ana/Documentos/airflowML/venv/lib/python3.8/site-packages/airflow/example_dags/example_python_operator.py
[2021-11-16 11:48:42,829] {logging_mixin.py:109} INFO - [2021-11-16 11:48:42,829] {dag.py:2396} INFO - Sync 1 DAGs
[2021-11-16 11:48:42,846] {logging_mixin.py:109} INFO - [2021-11-16 11:48:42,846] {dag.py:2928} INFO - Setting next_dagrun for example_python_operator to None
[2021-11-16 11:48:42,954] {processor.py:171} INFO - Processing /home/ana/Documentos/airflowML/venv/lib/python3.8/site-packages/airflow/example_dags/example_python_operator.py took 0.186 seconds
[2021-11-16 11:49:25,879] {processor.py:163} INFO - Started process (PID=12443) to work on /home/ana/Documentos/airflowML/venv/lib/python3.8/site-packages/airflow/example_dags/example_python_operator.py
[2021-11-16 11:49:25,880] {processor.py:625} INFO - Processing file /home/ana/Documentos/airflowML/venv/lib/python3.8/site-packages/airflow/example_dags/example_python_operator.py for tasks to queue
[2021-11-16 11:49:25,881] {logging_mixin.py:109} INFO - [2021-11-16 11:49:25,881] {dagbag.py:500} INFO - Filling up the DagBag from /home/ana/Documentos/airflowML/venv/lib/python3.8/site-packages/airflow/example_dags/example_python_operator.py
[2021-11-16 11:49:25,904] {processor.py:637} INFO - DAG(s) dict_keys(['example_python_operator']) retrieved from /home/ana/Documentos/airflowML/venv/lib/python3.8/site-packages/airflow/example_dags/example_python_operator.py
[2021-11-16 11:49:25,916] {logging_mixin.py:109} INFO - [2021-11-16 11:49:25,915] {dag.py:2396} INFO - Sync 1 DAGs
[2021-11-16 11:49:25,931] {logging_mixin.py:109} INFO - [2021-11-16 11:49:25,931] {dag.py:2928} INFO - Setting next_dagrun for example_python_operator to None
[2021-11-16 11:49:26,028] {processor.py:171} INFO - Processing /home/ana/Documentos/airflowML/venv/lib/python3.8/site-packages/airflow/example_dags/example_python_operator.py took 0.152 seconds
[2021-11-16 11:50:05,952] {processor.py:163} INFO - Started process (PID=12527) to work on /home/ana/Documentos/airflowML/venv/lib/python3.8/site-packages/airflow/example_dags/example_python_operator.py
[2021-11-16 11:50:05,964] {processor.py:625} INFO - Processing file /home/ana/Documentos/airflowML/venv/lib/python3.8/site-packages/airflow/example_dags/example_python_operator.py for tasks to queue
[2021-11-16 11:50:05,965] {logging_mixin.py:109} INFO - [2021-11-16 11:50:05,965] {dagbag.py:500} INFO - Filling up the DagBag from /home/ana/Documentos/airflowML/venv/lib/python3.8/site-packages/airflow/example_dags/example_python_operator.py
[2021-11-16 11:50:05,986] {processor.py:637} INFO - DAG(s) dict_keys(['example_python_operator']) retrieved from /home/ana/Documentos/airflowML/venv/lib/python3.8/site-packages/airflow/example_dags/example_python_operator.py
[2021-11-16 11:50:05,997] {logging_mixin.py:109} INFO - [2021-11-16 11:50:05,997] {dag.py:2396} INFO - Sync 1 DAGs
[2021-11-16 11:50:06,011] {logging_mixin.py:109} INFO - [2021-11-16 11:50:06,011] {dag.py:2928} INFO - Setting next_dagrun for example_python_operator to None
[2021-11-16 11:50:06,106] {processor.py:171} INFO - Processing /home/ana/Documentos/airflowML/venv/lib/python3.8/site-packages/airflow/example_dags/example_python_operator.py took 0.157 seconds
[2021-11-16 11:51:02,798] {processor.py:163} INFO - Started process (PID=12662) to work on /home/ana/Documentos/airflowML/venv/lib/python3.8/site-packages/airflow/example_dags/example_python_operator.py
[2021-11-16 11:51:02,845] {processor.py:625} INFO - Processing file /home/ana/Documentos/airflowML/venv/lib/python3.8/site-packages/airflow/example_dags/example_python_operator.py for tasks to queue
[2021-11-16 11:51:02,846] {logging_mixin.py:109} INFO - [2021-11-16 11:51:02,846] {dagbag.py:500} INFO - Filling up the DagBag from /home/ana/Documentos/airflowML/venv/lib/python3.8/site-packages/airflow/example_dags/example_python_operator.py
[2021-11-16 11:51:02,929] {processor.py:637} INFO - DAG(s) dict_keys(['example_python_operator']) retrieved from /home/ana/Documentos/airflowML/venv/lib/python3.8/site-packages/airflow/example_dags/example_python_operator.py
[2021-11-16 11:51:02,948] {logging_mixin.py:109} INFO - [2021-11-16 11:51:02,948] {dag.py:2396} INFO - Sync 1 DAGs
[2021-11-16 11:51:02,970] {logging_mixin.py:109} INFO - [2021-11-16 11:51:02,970] {dag.py:2928} INFO - Setting next_dagrun for example_python_operator to None
[2021-11-16 11:51:03,052] {processor.py:171} INFO - Processing /home/ana/Documentos/airflowML/venv/lib/python3.8/site-packages/airflow/example_dags/example_python_operator.py took 0.257 seconds
[2021-11-16 11:51:47,970] {processor.py:163} INFO - Started process (PID=12781) to work on /home/ana/Documentos/airflowML/venv/lib/python3.8/site-packages/airflow/example_dags/example_python_operator.py
[2021-11-16 11:51:47,989] {processor.py:625} INFO - Processing file /home/ana/Documentos/airflowML/venv/lib/python3.8/site-packages/airflow/example_dags/example_python_operator.py for tasks to queue
[2021-11-16 11:51:47,990] {logging_mixin.py:109} INFO - [2021-11-16 11:51:47,990] {dagbag.py:500} INFO - Filling up the DagBag from /home/ana/Documentos/airflowML/venv/lib/python3.8/site-packages/airflow/example_dags/example_python_operator.py
[2021-11-16 11:51:48,018] {processor.py:637} INFO - DAG(s) dict_keys(['example_python_operator']) retrieved from /home/ana/Documentos/airflowML/venv/lib/python3.8/site-packages/airflow/example_dags/example_python_operator.py
[2021-11-16 11:51:48,033] {logging_mixin.py:109} INFO - [2021-11-16 11:51:48,033] {dag.py:2396} INFO - Sync 1 DAGs
[2021-11-16 11:51:48,052] {logging_mixin.py:109} INFO - [2021-11-16 11:51:48,052] {dag.py:2928} INFO - Setting next_dagrun for example_python_operator to None
[2021-11-16 11:51:48,130] {processor.py:171} INFO - Processing /home/ana/Documentos/airflowML/venv/lib/python3.8/site-packages/airflow/example_dags/example_python_operator.py took 0.163 seconds
[2021-11-16 11:52:25,404] {processor.py:163} INFO - Started process (PID=12870) to work on /home/ana/Documentos/airflowML/venv/lib/python3.8/site-packages/airflow/example_dags/example_python_operator.py
[2021-11-16 11:52:25,406] {processor.py:625} INFO - Processing file /home/ana/Documentos/airflowML/venv/lib/python3.8/site-packages/airflow/example_dags/example_python_operator.py for tasks to queue
[2021-11-16 11:52:25,407] {logging_mixin.py:109} INFO - [2021-11-16 11:52:25,407] {dagbag.py:500} INFO - Filling up the DagBag from /home/ana/Documentos/airflowML/venv/lib/python3.8/site-packages/airflow/example_dags/example_python_operator.py
[2021-11-16 11:52:25,439] {processor.py:637} INFO - DAG(s) dict_keys(['example_python_operator']) retrieved from /home/ana/Documentos/airflowML/venv/lib/python3.8/site-packages/airflow/example_dags/example_python_operator.py
[2021-11-16 11:52:25,453] {logging_mixin.py:109} INFO - [2021-11-16 11:52:25,453] {dag.py:2396} INFO - Sync 1 DAGs
[2021-11-16 11:52:25,474] {logging_mixin.py:109} INFO - [2021-11-16 11:52:25,474] {dag.py:2928} INFO - Setting next_dagrun for example_python_operator to None
[2021-11-16 11:52:25,548] {processor.py:171} INFO - Processing /home/ana/Documentos/airflowML/venv/lib/python3.8/site-packages/airflow/example_dags/example_python_operator.py took 0.147 seconds
[2021-11-16 11:53:03,974] {processor.py:163} INFO - Started process (PID=12970) to work on /home/ana/Documentos/airflowML/venv/lib/python3.8/site-packages/airflow/example_dags/example_python_operator.py
[2021-11-16 11:53:03,987] {processor.py:625} INFO - Processing file /home/ana/Documentos/airflowML/venv/lib/python3.8/site-packages/airflow/example_dags/example_python_operator.py for tasks to queue
[2021-11-16 11:53:03,989] {logging_mixin.py:109} INFO - [2021-11-16 11:53:03,988] {dagbag.py:500} INFO - Filling up the DagBag from /home/ana/Documentos/airflowML/venv/lib/python3.8/site-packages/airflow/example_dags/example_python_operator.py
[2021-11-16 11:53:04,016] {processor.py:637} INFO - DAG(s) dict_keys(['example_python_operator']) retrieved from /home/ana/Documentos/airflowML/venv/lib/python3.8/site-packages/airflow/example_dags/example_python_operator.py
[2021-11-16 11:53:04,029] {logging_mixin.py:109} INFO - [2021-11-16 11:53:04,028] {dag.py:2396} INFO - Sync 1 DAGs
[2021-11-16 11:53:04,048] {logging_mixin.py:109} INFO - [2021-11-16 11:53:04,048] {dag.py:2928} INFO - Setting next_dagrun for example_python_operator to None
[2021-11-16 11:53:04,151] {processor.py:171} INFO - Processing /home/ana/Documentos/airflowML/venv/lib/python3.8/site-packages/airflow/example_dags/example_python_operator.py took 0.182 seconds
[2021-11-16 11:53:52,535] {processor.py:163} INFO - Started process (PID=13097) to work on /home/ana/Documentos/airflowML/venv/lib/python3.8/site-packages/airflow/example_dags/example_python_operator.py
[2021-11-16 11:53:52,551] {processor.py:625} INFO - Processing file /home/ana/Documentos/airflowML/venv/lib/python3.8/site-packages/airflow/example_dags/example_python_operator.py for tasks to queue
[2021-11-16 11:53:52,552] {logging_mixin.py:109} INFO - [2021-11-16 11:53:52,552] {dagbag.py:500} INFO - Filling up the DagBag from /home/ana/Documentos/airflowML/venv/lib/python3.8/site-packages/airflow/example_dags/example_python_operator.py
[2021-11-16 11:53:52,579] {processor.py:637} INFO - DAG(s) dict_keys(['example_python_operator']) retrieved from /home/ana/Documentos/airflowML/venv/lib/python3.8/site-packages/airflow/example_dags/example_python_operator.py
[2021-11-16 11:53:52,593] {logging_mixin.py:109} INFO - [2021-11-16 11:53:52,592] {dag.py:2396} INFO - Sync 1 DAGs
[2021-11-16 11:53:52,610] {logging_mixin.py:109} INFO - [2021-11-16 11:53:52,610] {dag.py:2928} INFO - Setting next_dagrun for example_python_operator to None
[2021-11-16 11:53:52,691] {processor.py:171} INFO - Processing /home/ana/Documentos/airflowML/venv/lib/python3.8/site-packages/airflow/example_dags/example_python_operator.py took 0.159 seconds
[2021-11-16 11:54:31,820] {processor.py:163} INFO - Started process (PID=13193) to work on /home/ana/Documentos/airflowML/venv/lib/python3.8/site-packages/airflow/example_dags/example_python_operator.py
[2021-11-16 11:54:31,821] {processor.py:625} INFO - Processing file /home/ana/Documentos/airflowML/venv/lib/python3.8/site-packages/airflow/example_dags/example_python_operator.py for tasks to queue
[2021-11-16 11:54:31,822] {logging_mixin.py:109} INFO - [2021-11-16 11:54:31,822] {dagbag.py:500} INFO - Filling up the DagBag from /home/ana/Documentos/airflowML/venv/lib/python3.8/site-packages/airflow/example_dags/example_python_operator.py
[2021-11-16 11:54:31,851] {processor.py:637} INFO - DAG(s) dict_keys(['example_python_operator']) retrieved from /home/ana/Documentos/airflowML/venv/lib/python3.8/site-packages/airflow/example_dags/example_python_operator.py
[2021-11-16 11:54:31,865] {logging_mixin.py:109} INFO - [2021-11-16 11:54:31,865] {dag.py:2396} INFO - Sync 1 DAGs
[2021-11-16 11:54:31,898] {logging_mixin.py:109} INFO - [2021-11-16 11:54:31,897] {dag.py:2928} INFO - Setting next_dagrun for example_python_operator to None
[2021-11-16 11:54:31,980] {processor.py:171} INFO - Processing /home/ana/Documentos/airflowML/venv/lib/python3.8/site-packages/airflow/example_dags/example_python_operator.py took 0.164 seconds
[2021-11-16 11:55:15,924] {processor.py:163} INFO - Started process (PID=13264) to work on /home/ana/Documentos/airflowML/venv/lib/python3.8/site-packages/airflow/example_dags/example_python_operator.py
[2021-11-16 11:55:16,018] {processor.py:625} INFO - Processing file /home/ana/Documentos/airflowML/venv/lib/python3.8/site-packages/airflow/example_dags/example_python_operator.py for tasks to queue
[2021-11-16 11:55:16,019] {logging_mixin.py:109} INFO - [2021-11-16 11:55:16,019] {dagbag.py:500} INFO - Filling up the DagBag from /home/ana/Documentos/airflowML/venv/lib/python3.8/site-packages/airflow/example_dags/example_python_operator.py
[2021-11-16 11:55:16,077] {processor.py:637} INFO - DAG(s) dict_keys(['example_python_operator']) retrieved from /home/ana/Documentos/airflowML/venv/lib/python3.8/site-packages/airflow/example_dags/example_python_operator.py
[2021-11-16 11:55:16,094] {logging_mixin.py:109} INFO - [2021-11-16 11:55:16,093] {dag.py:2396} INFO - Sync 1 DAGs
[2021-11-16 11:55:16,116] {logging_mixin.py:109} INFO - [2021-11-16 11:55:16,116] {dag.py:2928} INFO - Setting next_dagrun for example_python_operator to None
[2021-11-16 11:55:16,193] {processor.py:171} INFO - Processing /home/ana/Documentos/airflowML/venv/lib/python3.8/site-packages/airflow/example_dags/example_python_operator.py took 0.271 seconds
[2021-11-16 11:55:53,222] {processor.py:163} INFO - Started process (PID=13351) to work on /home/ana/Documentos/airflowML/venv/lib/python3.8/site-packages/airflow/example_dags/example_python_operator.py
[2021-11-16 11:55:53,224] {processor.py:625} INFO - Processing file /home/ana/Documentos/airflowML/venv/lib/python3.8/site-packages/airflow/example_dags/example_python_operator.py for tasks to queue
[2021-11-16 11:55:53,225] {logging_mixin.py:109} INFO - [2021-11-16 11:55:53,225] {dagbag.py:500} INFO - Filling up the DagBag from /home/ana/Documentos/airflowML/venv/lib/python3.8/site-packages/airflow/example_dags/example_python_operator.py
[2021-11-16 11:55:53,247] {processor.py:637} INFO - DAG(s) dict_keys(['example_python_operator']) retrieved from /home/ana/Documentos/airflowML/venv/lib/python3.8/site-packages/airflow/example_dags/example_python_operator.py
[2021-11-16 11:55:53,258] {logging_mixin.py:109} INFO - [2021-11-16 11:55:53,257] {dag.py:2396} INFO - Sync 1 DAGs
[2021-11-16 11:55:53,271] {logging_mixin.py:109} INFO - [2021-11-16 11:55:53,271] {dag.py:2928} INFO - Setting next_dagrun for example_python_operator to None
[2021-11-16 11:55:53,374] {processor.py:171} INFO - Processing /home/ana/Documentos/airflowML/venv/lib/python3.8/site-packages/airflow/example_dags/example_python_operator.py took 0.156 seconds
[2021-11-16 11:57:13,625] {processor.py:163} INFO - Started process (PID=13566) to work on /home/ana/Documentos/airflowML/venv/lib/python3.8/site-packages/airflow/example_dags/example_python_operator.py
[2021-11-16 11:57:13,642] {processor.py:625} INFO - Processing file /home/ana/Documentos/airflowML/venv/lib/python3.8/site-packages/airflow/example_dags/example_python_operator.py for tasks to queue
[2021-11-16 11:57:13,643] {logging_mixin.py:109} INFO - [2021-11-16 11:57:13,643] {dagbag.py:500} INFO - Filling up the DagBag from /home/ana/Documentos/airflowML/venv/lib/python3.8/site-packages/airflow/example_dags/example_python_operator.py
[2021-11-16 11:57:13,669] {processor.py:637} INFO - DAG(s) dict_keys(['example_python_operator']) retrieved from /home/ana/Documentos/airflowML/venv/lib/python3.8/site-packages/airflow/example_dags/example_python_operator.py
[2021-11-16 11:57:13,685] {logging_mixin.py:109} INFO - [2021-11-16 11:57:13,685] {dag.py:2396} INFO - Sync 1 DAGs
[2021-11-16 11:57:13,700] {logging_mixin.py:109} INFO - [2021-11-16 11:57:13,700] {dag.py:2928} INFO - Setting next_dagrun for example_python_operator to None
[2021-11-16 11:57:13,780] {processor.py:171} INFO - Processing /home/ana/Documentos/airflowML/venv/lib/python3.8/site-packages/airflow/example_dags/example_python_operator.py took 0.159 seconds
[2021-11-16 11:58:22,495] {processor.py:163} INFO - Started process (PID=13722) to work on /home/ana/Documentos/airflowML/venv/lib/python3.8/site-packages/airflow/example_dags/example_python_operator.py
[2021-11-16 11:58:22,582] {processor.py:625} INFO - Processing file /home/ana/Documentos/airflowML/venv/lib/python3.8/site-packages/airflow/example_dags/example_python_operator.py for tasks to queue
[2021-11-16 11:58:22,582] {logging_mixin.py:109} INFO - [2021-11-16 11:58:22,582] {dagbag.py:500} INFO - Filling up the DagBag from /home/ana/Documentos/airflowML/venv/lib/python3.8/site-packages/airflow/example_dags/example_python_operator.py
[2021-11-16 11:58:22,623] {processor.py:637} INFO - DAG(s) dict_keys(['example_python_operator']) retrieved from /home/ana/Documentos/airflowML/venv/lib/python3.8/site-packages/airflow/example_dags/example_python_operator.py
[2021-11-16 11:58:22,640] {logging_mixin.py:109} INFO - [2021-11-16 11:58:22,640] {dag.py:2396} INFO - Sync 1 DAGs
[2021-11-16 11:58:22,666] {logging_mixin.py:109} INFO - [2021-11-16 11:58:22,665] {dag.py:2928} INFO - Setting next_dagrun for example_python_operator to None
[2021-11-16 11:58:22,771] {processor.py:171} INFO - Processing /home/ana/Documentos/airflowML/venv/lib/python3.8/site-packages/airflow/example_dags/example_python_operator.py took 0.284 seconds
[2021-11-16 11:59:05,337] {processor.py:163} INFO - Started process (PID=13839) to work on /home/ana/Documentos/airflowML/venv/lib/python3.8/site-packages/airflow/example_dags/example_python_operator.py
[2021-11-16 11:59:05,352] {processor.py:625} INFO - Processing file /home/ana/Documentos/airflowML/venv/lib/python3.8/site-packages/airflow/example_dags/example_python_operator.py for tasks to queue
[2021-11-16 11:59:05,354] {logging_mixin.py:109} INFO - [2021-11-16 11:59:05,353] {dagbag.py:500} INFO - Filling up the DagBag from /home/ana/Documentos/airflowML/venv/lib/python3.8/site-packages/airflow/example_dags/example_python_operator.py
[2021-11-16 11:59:05,407] {processor.py:637} INFO - DAG(s) dict_keys(['example_python_operator']) retrieved from /home/ana/Documentos/airflowML/venv/lib/python3.8/site-packages/airflow/example_dags/example_python_operator.py
[2021-11-16 11:59:05,435] {logging_mixin.py:109} INFO - [2021-11-16 11:59:05,435] {dag.py:2396} INFO - Sync 1 DAGs
[2021-11-16 11:59:05,481] {logging_mixin.py:109} INFO - [2021-11-16 11:59:05,481] {dag.py:2928} INFO - Setting next_dagrun for example_python_operator to None
[2021-11-16 11:59:05,635] {processor.py:171} INFO - Processing /home/ana/Documentos/airflowML/venv/lib/python3.8/site-packages/airflow/example_dags/example_python_operator.py took 0.317 seconds
[2021-11-16 11:59:57,991] {processor.py:163} INFO - Started process (PID=13913) to work on /home/ana/Documentos/airflowML/venv/lib/python3.8/site-packages/airflow/example_dags/example_python_operator.py
[2021-11-16 11:59:58,013] {processor.py:625} INFO - Processing file /home/ana/Documentos/airflowML/venv/lib/python3.8/site-packages/airflow/example_dags/example_python_operator.py for tasks to queue
[2021-11-16 11:59:58,014] {logging_mixin.py:109} INFO - [2021-11-16 11:59:58,014] {dagbag.py:500} INFO - Filling up the DagBag from /home/ana/Documentos/airflowML/venv/lib/python3.8/site-packages/airflow/example_dags/example_python_operator.py
[2021-11-16 11:59:58,042] {processor.py:637} INFO - DAG(s) dict_keys(['example_python_operator']) retrieved from /home/ana/Documentos/airflowML/venv/lib/python3.8/site-packages/airflow/example_dags/example_python_operator.py
[2021-11-16 11:59:58,063] {logging_mixin.py:109} INFO - [2021-11-16 11:59:58,063] {dag.py:2396} INFO - Sync 1 DAGs
[2021-11-16 11:59:58,083] {logging_mixin.py:109} INFO - [2021-11-16 11:59:58,083] {dag.py:2928} INFO - Setting next_dagrun for example_python_operator to None
[2021-11-16 11:59:58,191] {processor.py:171} INFO - Processing /home/ana/Documentos/airflowML/venv/lib/python3.8/site-packages/airflow/example_dags/example_python_operator.py took 0.203 seconds
[2021-11-16 12:00:40,128] {processor.py:163} INFO - Started process (PID=14005) to work on /home/ana/Documentos/airflowML/venv/lib/python3.8/site-packages/airflow/example_dags/example_python_operator.py
[2021-11-16 12:00:40,146] {processor.py:625} INFO - Processing file /home/ana/Documentos/airflowML/venv/lib/python3.8/site-packages/airflow/example_dags/example_python_operator.py for tasks to queue
[2021-11-16 12:00:40,147] {logging_mixin.py:109} INFO - [2021-11-16 12:00:40,147] {dagbag.py:500} INFO - Filling up the DagBag from /home/ana/Documentos/airflowML/venv/lib/python3.8/site-packages/airflow/example_dags/example_python_operator.py
[2021-11-16 12:00:40,174] {processor.py:637} INFO - DAG(s) dict_keys(['example_python_operator']) retrieved from /home/ana/Documentos/airflowML/venv/lib/python3.8/site-packages/airflow/example_dags/example_python_operator.py
[2021-11-16 12:00:40,187] {logging_mixin.py:109} INFO - [2021-11-16 12:00:40,187] {dag.py:2396} INFO - Sync 1 DAGs
[2021-11-16 12:00:40,203] {logging_mixin.py:109} INFO - [2021-11-16 12:00:40,203] {dag.py:2928} INFO - Setting next_dagrun for example_python_operator to None
[2021-11-16 12:00:40,305] {processor.py:171} INFO - Processing /home/ana/Documentos/airflowML/venv/lib/python3.8/site-packages/airflow/example_dags/example_python_operator.py took 0.182 seconds
[2021-11-16 12:01:26,496] {processor.py:163} INFO - Started process (PID=14068) to work on /home/ana/Documentos/airflowML/venv/lib/python3.8/site-packages/airflow/example_dags/example_python_operator.py
[2021-11-16 12:01:26,497] {processor.py:625} INFO - Processing file /home/ana/Documentos/airflowML/venv/lib/python3.8/site-packages/airflow/example_dags/example_python_operator.py for tasks to queue
[2021-11-16 12:01:26,498] {logging_mixin.py:109} INFO - [2021-11-16 12:01:26,498] {dagbag.py:500} INFO - Filling up the DagBag from /home/ana/Documentos/airflowML/venv/lib/python3.8/site-packages/airflow/example_dags/example_python_operator.py
[2021-11-16 12:01:26,520] {processor.py:637} INFO - DAG(s) dict_keys(['example_python_operator']) retrieved from /home/ana/Documentos/airflowML/venv/lib/python3.8/site-packages/airflow/example_dags/example_python_operator.py
[2021-11-16 12:01:26,531] {logging_mixin.py:109} INFO - [2021-11-16 12:01:26,531] {dag.py:2396} INFO - Sync 1 DAGs
[2021-11-16 12:01:26,544] {logging_mixin.py:109} INFO - [2021-11-16 12:01:26,544] {dag.py:2928} INFO - Setting next_dagrun for example_python_operator to None
[2021-11-16 12:01:26,644] {processor.py:171} INFO - Processing /home/ana/Documentos/airflowML/venv/lib/python3.8/site-packages/airflow/example_dags/example_python_operator.py took 0.151 seconds
[2021-11-16 12:02:15,035] {processor.py:163} INFO - Started process (PID=14133) to work on /home/ana/Documentos/airflowML/venv/lib/python3.8/site-packages/airflow/example_dags/example_python_operator.py
[2021-11-16 12:02:15,050] {processor.py:625} INFO - Processing file /home/ana/Documentos/airflowML/venv/lib/python3.8/site-packages/airflow/example_dags/example_python_operator.py for tasks to queue
[2021-11-16 12:02:15,051] {logging_mixin.py:109} INFO - [2021-11-16 12:02:15,051] {dagbag.py:500} INFO - Filling up the DagBag from /home/ana/Documentos/airflowML/venv/lib/python3.8/site-packages/airflow/example_dags/example_python_operator.py
[2021-11-16 12:02:15,163] {processor.py:637} INFO - DAG(s) dict_keys(['example_python_operator']) retrieved from /home/ana/Documentos/airflowML/venv/lib/python3.8/site-packages/airflow/example_dags/example_python_operator.py
[2021-11-16 12:02:15,180] {logging_mixin.py:109} INFO - [2021-11-16 12:02:15,180] {dag.py:2396} INFO - Sync 1 DAGs
[2021-11-16 12:02:15,201] {logging_mixin.py:109} INFO - [2021-11-16 12:02:15,201] {dag.py:2928} INFO - Setting next_dagrun for example_python_operator to None
[2021-11-16 12:02:15,307] {processor.py:171} INFO - Processing /home/ana/Documentos/airflowML/venv/lib/python3.8/site-packages/airflow/example_dags/example_python_operator.py took 0.275 seconds
[2021-11-16 12:03:53,474] {processor.py:163} INFO - Started process (PID=14334) to work on /home/ana/Documentos/airflowML/venv/lib/python3.8/site-packages/airflow/example_dags/example_python_operator.py
[2021-11-16 12:03:53,486] {processor.py:625} INFO - Processing file /home/ana/Documentos/airflowML/venv/lib/python3.8/site-packages/airflow/example_dags/example_python_operator.py for tasks to queue
[2021-11-16 12:03:53,486] {logging_mixin.py:109} INFO - [2021-11-16 12:03:53,486] {dagbag.py:500} INFO - Filling up the DagBag from /home/ana/Documentos/airflowML/venv/lib/python3.8/site-packages/airflow/example_dags/example_python_operator.py
[2021-11-16 12:03:53,510] {processor.py:637} INFO - DAG(s) dict_keys(['example_python_operator']) retrieved from /home/ana/Documentos/airflowML/venv/lib/python3.8/site-packages/airflow/example_dags/example_python_operator.py
[2021-11-16 12:03:53,521] {logging_mixin.py:109} INFO - [2021-11-16 12:03:53,521] {dag.py:2396} INFO - Sync 1 DAGs
[2021-11-16 12:03:53,535] {logging_mixin.py:109} INFO - [2021-11-16 12:03:53,535] {dag.py:2928} INFO - Setting next_dagrun for example_python_operator to None
[2021-11-16 12:03:53,633] {processor.py:171} INFO - Processing /home/ana/Documentos/airflowML/venv/lib/python3.8/site-packages/airflow/example_dags/example_python_operator.py took 0.163 seconds
[2021-11-16 12:04:49,900] {processor.py:163} INFO - Started process (PID=14438) to work on /home/ana/Documentos/airflowML/venv/lib/python3.8/site-packages/airflow/example_dags/example_python_operator.py
[2021-11-16 12:04:49,902] {processor.py:625} INFO - Processing file /home/ana/Documentos/airflowML/venv/lib/python3.8/site-packages/airflow/example_dags/example_python_operator.py for tasks to queue
[2021-11-16 12:04:49,902] {logging_mixin.py:109} INFO - [2021-11-16 12:04:49,902] {dagbag.py:500} INFO - Filling up the DagBag from /home/ana/Documentos/airflowML/venv/lib/python3.8/site-packages/airflow/example_dags/example_python_operator.py
[2021-11-16 12:04:49,926] {processor.py:637} INFO - DAG(s) dict_keys(['example_python_operator']) retrieved from /home/ana/Documentos/airflowML/venv/lib/python3.8/site-packages/airflow/example_dags/example_python_operator.py
[2021-11-16 12:04:49,938] {logging_mixin.py:109} INFO - [2021-11-16 12:04:49,938] {dag.py:2396} INFO - Sync 1 DAGs
[2021-11-16 12:04:49,954] {logging_mixin.py:109} INFO - [2021-11-16 12:04:49,954] {dag.py:2928} INFO - Setting next_dagrun for example_python_operator to None
[2021-11-16 12:04:50,032] {processor.py:171} INFO - Processing /home/ana/Documentos/airflowML/venv/lib/python3.8/site-packages/airflow/example_dags/example_python_operator.py took 0.136 seconds
[2021-11-16 12:05:29,600] {processor.py:163} INFO - Started process (PID=14540) to work on /home/ana/Documentos/airflowML/venv/lib/python3.8/site-packages/airflow/example_dags/example_python_operator.py
[2021-11-16 12:05:29,602] {processor.py:625} INFO - Processing file /home/ana/Documentos/airflowML/venv/lib/python3.8/site-packages/airflow/example_dags/example_python_operator.py for tasks to queue
[2021-11-16 12:05:29,603] {logging_mixin.py:109} INFO - [2021-11-16 12:05:29,603] {dagbag.py:500} INFO - Filling up the DagBag from /home/ana/Documentos/airflowML/venv/lib/python3.8/site-packages/airflow/example_dags/example_python_operator.py
[2021-11-16 12:05:29,628] {processor.py:637} INFO - DAG(s) dict_keys(['example_python_operator']) retrieved from /home/ana/Documentos/airflowML/venv/lib/python3.8/site-packages/airflow/example_dags/example_python_operator.py
[2021-11-16 12:05:29,641] {logging_mixin.py:109} INFO - [2021-11-16 12:05:29,641] {dag.py:2396} INFO - Sync 1 DAGs
[2021-11-16 12:05:29,658] {logging_mixin.py:109} INFO - [2021-11-16 12:05:29,658] {dag.py:2928} INFO - Setting next_dagrun for example_python_operator to None
[2021-11-16 12:05:29,755] {processor.py:171} INFO - Processing /home/ana/Documentos/airflowML/venv/lib/python3.8/site-packages/airflow/example_dags/example_python_operator.py took 0.157 seconds
[2021-11-16 12:06:11,891] {processor.py:163} INFO - Started process (PID=14611) to work on /home/ana/Documentos/airflowML/venv/lib/python3.8/site-packages/airflow/example_dags/example_python_operator.py
[2021-11-16 12:06:11,893] {processor.py:625} INFO - Processing file /home/ana/Documentos/airflowML/venv/lib/python3.8/site-packages/airflow/example_dags/example_python_operator.py for tasks to queue
[2021-11-16 12:06:11,894] {logging_mixin.py:109} INFO - [2021-11-16 12:06:11,893] {dagbag.py:500} INFO - Filling up the DagBag from /home/ana/Documentos/airflowML/venv/lib/python3.8/site-packages/airflow/example_dags/example_python_operator.py
[2021-11-16 12:06:11,922] {processor.py:637} INFO - DAG(s) dict_keys(['example_python_operator']) retrieved from /home/ana/Documentos/airflowML/venv/lib/python3.8/site-packages/airflow/example_dags/example_python_operator.py
[2021-11-16 12:06:11,935] {logging_mixin.py:109} INFO - [2021-11-16 12:06:11,935] {dag.py:2396} INFO - Sync 1 DAGs
[2021-11-16 12:06:11,949] {logging_mixin.py:109} INFO - [2021-11-16 12:06:11,949] {dag.py:2928} INFO - Setting next_dagrun for example_python_operator to None
[2021-11-16 12:06:12,020] {processor.py:171} INFO - Processing /home/ana/Documentos/airflowML/venv/lib/python3.8/site-packages/airflow/example_dags/example_python_operator.py took 0.132 seconds
[2021-11-16 12:06:56,296] {processor.py:163} INFO - Started process (PID=14699) to work on /home/ana/Documentos/airflowML/venv/lib/python3.8/site-packages/airflow/example_dags/example_python_operator.py
[2021-11-16 12:06:56,297] {processor.py:625} INFO - Processing file /home/ana/Documentos/airflowML/venv/lib/python3.8/site-packages/airflow/example_dags/example_python_operator.py for tasks to queue
[2021-11-16 12:06:56,298] {logging_mixin.py:109} INFO - [2021-11-16 12:06:56,298] {dagbag.py:500} INFO - Filling up the DagBag from /home/ana/Documentos/airflowML/venv/lib/python3.8/site-packages/airflow/example_dags/example_python_operator.py
[2021-11-16 12:06:56,326] {processor.py:637} INFO - DAG(s) dict_keys(['example_python_operator']) retrieved from /home/ana/Documentos/airflowML/venv/lib/python3.8/site-packages/airflow/example_dags/example_python_operator.py
[2021-11-16 12:06:56,339] {logging_mixin.py:109} INFO - [2021-11-16 12:06:56,339] {dag.py:2396} INFO - Sync 1 DAGs
[2021-11-16 12:06:56,356] {logging_mixin.py:109} INFO - [2021-11-16 12:06:56,356] {dag.py:2928} INFO - Setting next_dagrun for example_python_operator to None
[2021-11-16 12:06:56,457] {processor.py:171} INFO - Processing /home/ana/Documentos/airflowML/venv/lib/python3.8/site-packages/airflow/example_dags/example_python_operator.py took 0.164 seconds
[2021-11-16 12:07:36,603] {processor.py:163} INFO - Started process (PID=14792) to work on /home/ana/Documentos/airflowML/venv/lib/python3.8/site-packages/airflow/example_dags/example_python_operator.py
[2021-11-16 12:07:36,618] {processor.py:625} INFO - Processing file /home/ana/Documentos/airflowML/venv/lib/python3.8/site-packages/airflow/example_dags/example_python_operator.py for tasks to queue
[2021-11-16 12:07:36,619] {logging_mixin.py:109} INFO - [2021-11-16 12:07:36,618] {dagbag.py:500} INFO - Filling up the DagBag from /home/ana/Documentos/airflowML/venv/lib/python3.8/site-packages/airflow/example_dags/example_python_operator.py
[2021-11-16 12:07:36,648] {processor.py:637} INFO - DAG(s) dict_keys(['example_python_operator']) retrieved from /home/ana/Documentos/airflowML/venv/lib/python3.8/site-packages/airflow/example_dags/example_python_operator.py
[2021-11-16 12:07:36,662] {logging_mixin.py:109} INFO - [2021-11-16 12:07:36,662] {dag.py:2396} INFO - Sync 1 DAGs
[2021-11-16 12:07:36,679] {logging_mixin.py:109} INFO - [2021-11-16 12:07:36,679] {dag.py:2928} INFO - Setting next_dagrun for example_python_operator to None
[2021-11-16 12:07:36,775] {processor.py:171} INFO - Processing /home/ana/Documentos/airflowML/venv/lib/python3.8/site-packages/airflow/example_dags/example_python_operator.py took 0.175 seconds
[2021-11-16 12:08:35,921] {processor.py:163} INFO - Started process (PID=14891) to work on /home/ana/Documentos/airflowML/venv/lib/python3.8/site-packages/airflow/example_dags/example_python_operator.py
[2021-11-16 12:08:35,926] {processor.py:625} INFO - Processing file /home/ana/Documentos/airflowML/venv/lib/python3.8/site-packages/airflow/example_dags/example_python_operator.py for tasks to queue
[2021-11-16 12:08:35,927] {logging_mixin.py:109} INFO - [2021-11-16 12:08:35,927] {dagbag.py:500} INFO - Filling up the DagBag from /home/ana/Documentos/airflowML/venv/lib/python3.8/site-packages/airflow/example_dags/example_python_operator.py
[2021-11-16 12:08:35,967] {processor.py:637} INFO - DAG(s) dict_keys(['example_python_operator']) retrieved from /home/ana/Documentos/airflowML/venv/lib/python3.8/site-packages/airflow/example_dags/example_python_operator.py
[2021-11-16 12:08:35,993] {logging_mixin.py:109} INFO - [2021-11-16 12:08:35,992] {dag.py:2396} INFO - Sync 1 DAGs
[2021-11-16 12:08:36,029] {logging_mixin.py:109} INFO - [2021-11-16 12:08:36,028] {dag.py:2928} INFO - Setting next_dagrun for example_python_operator to None
[2021-11-16 12:08:36,105] {processor.py:171} INFO - Processing /home/ana/Documentos/airflowML/venv/lib/python3.8/site-packages/airflow/example_dags/example_python_operator.py took 0.188 seconds
[2021-11-16 12:09:18,588] {processor.py:163} INFO - Started process (PID=14955) to work on /home/ana/Documentos/airflowML/venv/lib/python3.8/site-packages/airflow/example_dags/example_python_operator.py
[2021-11-16 12:09:18,589] {processor.py:625} INFO - Processing file /home/ana/Documentos/airflowML/venv/lib/python3.8/site-packages/airflow/example_dags/example_python_operator.py for tasks to queue
[2021-11-16 12:09:18,590] {logging_mixin.py:109} INFO - [2021-11-16 12:09:18,590] {dagbag.py:500} INFO - Filling up the DagBag from /home/ana/Documentos/airflowML/venv/lib/python3.8/site-packages/airflow/example_dags/example_python_operator.py
[2021-11-16 12:09:18,612] {processor.py:637} INFO - DAG(s) dict_keys(['example_python_operator']) retrieved from /home/ana/Documentos/airflowML/venv/lib/python3.8/site-packages/airflow/example_dags/example_python_operator.py
[2021-11-16 12:09:18,623] {logging_mixin.py:109} INFO - [2021-11-16 12:09:18,623] {dag.py:2396} INFO - Sync 1 DAGs
[2021-11-16 12:09:18,636] {logging_mixin.py:109} INFO - [2021-11-16 12:09:18,636] {dag.py:2928} INFO - Setting next_dagrun for example_python_operator to None
[2021-11-16 12:09:18,787] {processor.py:171} INFO - Processing /home/ana/Documentos/airflowML/venv/lib/python3.8/site-packages/airflow/example_dags/example_python_operator.py took 0.202 seconds
[2021-11-16 12:09:57,693] {processor.py:163} INFO - Started process (PID=14995) to work on /home/ana/Documentos/airflowML/venv/lib/python3.8/site-packages/airflow/example_dags/example_python_operator.py
[2021-11-16 12:09:57,694] {processor.py:625} INFO - Processing file /home/ana/Documentos/airflowML/venv/lib/python3.8/site-packages/airflow/example_dags/example_python_operator.py for tasks to queue
[2021-11-16 12:09:57,695] {logging_mixin.py:109} INFO - [2021-11-16 12:09:57,695] {dagbag.py:500} INFO - Filling up the DagBag from /home/ana/Documentos/airflowML/venv/lib/python3.8/site-packages/airflow/example_dags/example_python_operator.py
[2021-11-16 12:09:57,719] {processor.py:637} INFO - DAG(s) dict_keys(['example_python_operator']) retrieved from /home/ana/Documentos/airflowML/venv/lib/python3.8/site-packages/airflow/example_dags/example_python_operator.py
[2021-11-16 12:09:57,730] {logging_mixin.py:109} INFO - [2021-11-16 12:09:57,730] {dag.py:2396} INFO - Sync 1 DAGs
[2021-11-16 12:09:57,744] {logging_mixin.py:109} INFO - [2021-11-16 12:09:57,743] {dag.py:2928} INFO - Setting next_dagrun for example_python_operator to None
[2021-11-16 12:09:57,873] {processor.py:171} INFO - Processing /home/ana/Documentos/airflowML/venv/lib/python3.8/site-packages/airflow/example_dags/example_python_operator.py took 0.183 seconds
[2021-11-16 12:10:45,066] {processor.py:163} INFO - Started process (PID=15043) to work on /home/ana/Documentos/airflowML/venv/lib/python3.8/site-packages/airflow/example_dags/example_python_operator.py
[2021-11-16 12:10:45,087] {processor.py:625} INFO - Processing file /home/ana/Documentos/airflowML/venv/lib/python3.8/site-packages/airflow/example_dags/example_python_operator.py for tasks to queue
[2021-11-16 12:10:45,088] {logging_mixin.py:109} INFO - [2021-11-16 12:10:45,088] {dagbag.py:500} INFO - Filling up the DagBag from /home/ana/Documentos/airflowML/venv/lib/python3.8/site-packages/airflow/example_dags/example_python_operator.py
[2021-11-16 12:10:45,114] {processor.py:637} INFO - DAG(s) dict_keys(['example_python_operator']) retrieved from /home/ana/Documentos/airflowML/venv/lib/python3.8/site-packages/airflow/example_dags/example_python_operator.py
[2021-11-16 12:10:45,127] {logging_mixin.py:109} INFO - [2021-11-16 12:10:45,126] {dag.py:2396} INFO - Sync 1 DAGs
[2021-11-16 12:10:45,143] {logging_mixin.py:109} INFO - [2021-11-16 12:10:45,142] {dag.py:2928} INFO - Setting next_dagrun for example_python_operator to None
[2021-11-16 12:10:45,242] {processor.py:171} INFO - Processing /home/ana/Documentos/airflowML/venv/lib/python3.8/site-packages/airflow/example_dags/example_python_operator.py took 0.179 seconds
[2021-11-16 12:11:24,026] {processor.py:163} INFO - Started process (PID=15743) to work on /home/ana/Documentos/airflowML/venv/lib/python3.8/site-packages/airflow/example_dags/example_python_operator.py
[2021-11-16 12:11:24,055] {processor.py:625} INFO - Processing file /home/ana/Documentos/airflowML/venv/lib/python3.8/site-packages/airflow/example_dags/example_python_operator.py for tasks to queue
[2021-11-16 12:11:24,056] {logging_mixin.py:109} INFO - [2021-11-16 12:11:24,056] {dagbag.py:500} INFO - Filling up the DagBag from /home/ana/Documentos/airflowML/venv/lib/python3.8/site-packages/airflow/example_dags/example_python_operator.py
[2021-11-16 12:11:24,079] {processor.py:637} INFO - DAG(s) dict_keys(['example_python_operator']) retrieved from /home/ana/Documentos/airflowML/venv/lib/python3.8/site-packages/airflow/example_dags/example_python_operator.py
[2021-11-16 12:11:24,090] {logging_mixin.py:109} INFO - [2021-11-16 12:11:24,090] {dag.py:2396} INFO - Sync 1 DAGs
[2021-11-16 12:11:24,105] {logging_mixin.py:109} INFO - [2021-11-16 12:11:24,104] {dag.py:2928} INFO - Setting next_dagrun for example_python_operator to None
[2021-11-16 12:11:24,275] {processor.py:171} INFO - Processing /home/ana/Documentos/airflowML/venv/lib/python3.8/site-packages/airflow/example_dags/example_python_operator.py took 0.252 seconds
[2021-11-16 12:12:03,085] {processor.py:163} INFO - Started process (PID=15872) to work on /home/ana/Documentos/airflowML/venv/lib/python3.8/site-packages/airflow/example_dags/example_python_operator.py
[2021-11-16 12:12:03,087] {processor.py:625} INFO - Processing file /home/ana/Documentos/airflowML/venv/lib/python3.8/site-packages/airflow/example_dags/example_python_operator.py for tasks to queue
[2021-11-16 12:12:03,088] {logging_mixin.py:109} INFO - [2021-11-16 12:12:03,087] {dagbag.py:500} INFO - Filling up the DagBag from /home/ana/Documentos/airflowML/venv/lib/python3.8/site-packages/airflow/example_dags/example_python_operator.py
[2021-11-16 12:12:03,110] {processor.py:637} INFO - DAG(s) dict_keys(['example_python_operator']) retrieved from /home/ana/Documentos/airflowML/venv/lib/python3.8/site-packages/airflow/example_dags/example_python_operator.py
[2021-11-16 12:12:03,124] {logging_mixin.py:109} INFO - [2021-11-16 12:12:03,124] {dag.py:2396} INFO - Sync 1 DAGs
[2021-11-16 12:12:03,142] {logging_mixin.py:109} INFO - [2021-11-16 12:12:03,142] {dag.py:2928} INFO - Setting next_dagrun for example_python_operator to None
[2021-11-16 12:12:03,220] {processor.py:171} INFO - Processing /home/ana/Documentos/airflowML/venv/lib/python3.8/site-packages/airflow/example_dags/example_python_operator.py took 0.140 seconds
[2021-11-16 12:12:50,864] {processor.py:163} INFO - Started process (PID=15922) to work on /home/ana/Documentos/airflowML/venv/lib/python3.8/site-packages/airflow/example_dags/example_python_operator.py
[2021-11-16 12:12:50,878] {processor.py:625} INFO - Processing file /home/ana/Documentos/airflowML/venv/lib/python3.8/site-packages/airflow/example_dags/example_python_operator.py for tasks to queue
[2021-11-16 12:12:50,879] {logging_mixin.py:109} INFO - [2021-11-16 12:12:50,878] {dagbag.py:500} INFO - Filling up the DagBag from /home/ana/Documentos/airflowML/venv/lib/python3.8/site-packages/airflow/example_dags/example_python_operator.py
[2021-11-16 12:12:50,901] {processor.py:637} INFO - DAG(s) dict_keys(['example_python_operator']) retrieved from /home/ana/Documentos/airflowML/venv/lib/python3.8/site-packages/airflow/example_dags/example_python_operator.py
[2021-11-16 12:12:50,912] {logging_mixin.py:109} INFO - [2021-11-16 12:12:50,912] {dag.py:2396} INFO - Sync 1 DAGs
[2021-11-16 12:12:50,926] {logging_mixin.py:109} INFO - [2021-11-16 12:12:50,926] {dag.py:2928} INFO - Setting next_dagrun for example_python_operator to None
[2021-11-16 12:12:51,009] {processor.py:171} INFO - Processing /home/ana/Documentos/airflowML/venv/lib/python3.8/site-packages/airflow/example_dags/example_python_operator.py took 0.149 seconds
[2021-11-16 12:13:28,302] {processor.py:163} INFO - Started process (PID=15958) to work on /home/ana/Documentos/airflowML/venv/lib/python3.8/site-packages/airflow/example_dags/example_python_operator.py
[2021-11-16 12:13:28,304] {processor.py:625} INFO - Processing file /home/ana/Documentos/airflowML/venv/lib/python3.8/site-packages/airflow/example_dags/example_python_operator.py for tasks to queue
[2021-11-16 12:13:28,305] {logging_mixin.py:109} INFO - [2021-11-16 12:13:28,305] {dagbag.py:500} INFO - Filling up the DagBag from /home/ana/Documentos/airflowML/venv/lib/python3.8/site-packages/airflow/example_dags/example_python_operator.py
[2021-11-16 12:13:28,327] {processor.py:637} INFO - DAG(s) dict_keys(['example_python_operator']) retrieved from /home/ana/Documentos/airflowML/venv/lib/python3.8/site-packages/airflow/example_dags/example_python_operator.py
[2021-11-16 12:13:28,338] {logging_mixin.py:109} INFO - [2021-11-16 12:13:28,338] {dag.py:2396} INFO - Sync 1 DAGs
[2021-11-16 12:13:28,352] {logging_mixin.py:109} INFO - [2021-11-16 12:13:28,351] {dag.py:2928} INFO - Setting next_dagrun for example_python_operator to None
[2021-11-16 12:13:28,448] {processor.py:171} INFO - Processing /home/ana/Documentos/airflowML/venv/lib/python3.8/site-packages/airflow/example_dags/example_python_operator.py took 0.151 seconds
[2021-11-16 12:14:08,398] {processor.py:163} INFO - Started process (PID=15996) to work on /home/ana/Documentos/airflowML/venv/lib/python3.8/site-packages/airflow/example_dags/example_python_operator.py
[2021-11-16 12:14:08,399] {processor.py:625} INFO - Processing file /home/ana/Documentos/airflowML/venv/lib/python3.8/site-packages/airflow/example_dags/example_python_operator.py for tasks to queue
[2021-11-16 12:14:08,400] {logging_mixin.py:109} INFO - [2021-11-16 12:14:08,400] {dagbag.py:500} INFO - Filling up the DagBag from /home/ana/Documentos/airflowML/venv/lib/python3.8/site-packages/airflow/example_dags/example_python_operator.py
[2021-11-16 12:14:08,423] {processor.py:637} INFO - DAG(s) dict_keys(['example_python_operator']) retrieved from /home/ana/Documentos/airflowML/venv/lib/python3.8/site-packages/airflow/example_dags/example_python_operator.py
[2021-11-16 12:14:08,434] {logging_mixin.py:109} INFO - [2021-11-16 12:14:08,434] {dag.py:2396} INFO - Sync 1 DAGs
[2021-11-16 12:14:08,448] {logging_mixin.py:109} INFO - [2021-11-16 12:14:08,448] {dag.py:2928} INFO - Setting next_dagrun for example_python_operator to None
[2021-11-16 12:14:08,524] {processor.py:171} INFO - Processing /home/ana/Documentos/airflowML/venv/lib/python3.8/site-packages/airflow/example_dags/example_python_operator.py took 0.129 seconds
[2021-11-16 12:14:45,996] {processor.py:163} INFO - Started process (PID=16034) to work on /home/ana/Documentos/airflowML/venv/lib/python3.8/site-packages/airflow/example_dags/example_python_operator.py
[2021-11-16 12:14:46,008] {processor.py:625} INFO - Processing file /home/ana/Documentos/airflowML/venv/lib/python3.8/site-packages/airflow/example_dags/example_python_operator.py for tasks to queue
[2021-11-16 12:14:46,009] {logging_mixin.py:109} INFO - [2021-11-16 12:14:46,008] {dagbag.py:500} INFO - Filling up the DagBag from /home/ana/Documentos/airflowML/venv/lib/python3.8/site-packages/airflow/example_dags/example_python_operator.py
[2021-11-16 12:14:46,030] {processor.py:637} INFO - DAG(s) dict_keys(['example_python_operator']) retrieved from /home/ana/Documentos/airflowML/venv/lib/python3.8/site-packages/airflow/example_dags/example_python_operator.py
[2021-11-16 12:14:46,041] {logging_mixin.py:109} INFO - [2021-11-16 12:14:46,041] {dag.py:2396} INFO - Sync 1 DAGs
[2021-11-16 12:14:46,055] {logging_mixin.py:109} INFO - [2021-11-16 12:14:46,055] {dag.py:2928} INFO - Setting next_dagrun for example_python_operator to None
[2021-11-16 12:14:46,139] {processor.py:171} INFO - Processing /home/ana/Documentos/airflowML/venv/lib/python3.8/site-packages/airflow/example_dags/example_python_operator.py took 0.146 seconds
[2021-11-16 12:15:25,464] {processor.py:163} INFO - Started process (PID=16070) to work on /home/ana/Documentos/airflowML/venv/lib/python3.8/site-packages/airflow/example_dags/example_python_operator.py
[2021-11-16 12:15:25,465] {processor.py:625} INFO - Processing file /home/ana/Documentos/airflowML/venv/lib/python3.8/site-packages/airflow/example_dags/example_python_operator.py for tasks to queue
[2021-11-16 12:15:25,466] {logging_mixin.py:109} INFO - [2021-11-16 12:15:25,466] {dagbag.py:500} INFO - Filling up the DagBag from /home/ana/Documentos/airflowML/venv/lib/python3.8/site-packages/airflow/example_dags/example_python_operator.py
[2021-11-16 12:15:25,489] {processor.py:637} INFO - DAG(s) dict_keys(['example_python_operator']) retrieved from /home/ana/Documentos/airflowML/venv/lib/python3.8/site-packages/airflow/example_dags/example_python_operator.py
[2021-11-16 12:15:25,500] {logging_mixin.py:109} INFO - [2021-11-16 12:15:25,500] {dag.py:2396} INFO - Sync 1 DAGs
[2021-11-16 12:15:25,514] {logging_mixin.py:109} INFO - [2021-11-16 12:15:25,514] {dag.py:2928} INFO - Setting next_dagrun for example_python_operator to None
[2021-11-16 12:15:25,581] {processor.py:171} INFO - Processing /home/ana/Documentos/airflowML/venv/lib/python3.8/site-packages/airflow/example_dags/example_python_operator.py took 0.121 seconds
[2021-11-16 12:16:02,932] {processor.py:163} INFO - Started process (PID=16106) to work on /home/ana/Documentos/airflowML/venv/lib/python3.8/site-packages/airflow/example_dags/example_python_operator.py
[2021-11-16 12:16:02,934] {processor.py:625} INFO - Processing file /home/ana/Documentos/airflowML/venv/lib/python3.8/site-packages/airflow/example_dags/example_python_operator.py for tasks to queue
[2021-11-16 12:16:02,934] {logging_mixin.py:109} INFO - [2021-11-16 12:16:02,934] {dagbag.py:500} INFO - Filling up the DagBag from /home/ana/Documentos/airflowML/venv/lib/python3.8/site-packages/airflow/example_dags/example_python_operator.py
[2021-11-16 12:16:02,958] {processor.py:637} INFO - DAG(s) dict_keys(['example_python_operator']) retrieved from /home/ana/Documentos/airflowML/venv/lib/python3.8/site-packages/airflow/example_dags/example_python_operator.py
[2021-11-16 12:16:02,969] {logging_mixin.py:109} INFO - [2021-11-16 12:16:02,969] {dag.py:2396} INFO - Sync 1 DAGs
[2021-11-16 12:16:02,984] {logging_mixin.py:109} INFO - [2021-11-16 12:16:02,984] {dag.py:2928} INFO - Setting next_dagrun for example_python_operator to None
[2021-11-16 12:16:03,064] {processor.py:171} INFO - Processing /home/ana/Documentos/airflowML/venv/lib/python3.8/site-packages/airflow/example_dags/example_python_operator.py took 0.135 seconds
[2021-11-16 12:16:41,989] {processor.py:163} INFO - Started process (PID=16152) to work on /home/ana/Documentos/airflowML/venv/lib/python3.8/site-packages/airflow/example_dags/example_python_operator.py
[2021-11-16 12:16:42,003] {processor.py:625} INFO - Processing file /home/ana/Documentos/airflowML/venv/lib/python3.8/site-packages/airflow/example_dags/example_python_operator.py for tasks to queue
[2021-11-16 12:16:42,004] {logging_mixin.py:109} INFO - [2021-11-16 12:16:42,004] {dagbag.py:500} INFO - Filling up the DagBag from /home/ana/Documentos/airflowML/venv/lib/python3.8/site-packages/airflow/example_dags/example_python_operator.py
[2021-11-16 12:16:42,027] {processor.py:637} INFO - DAG(s) dict_keys(['example_python_operator']) retrieved from /home/ana/Documentos/airflowML/venv/lib/python3.8/site-packages/airflow/example_dags/example_python_operator.py
[2021-11-16 12:16:42,039] {logging_mixin.py:109} INFO - [2021-11-16 12:16:42,039] {dag.py:2396} INFO - Sync 1 DAGs
[2021-11-16 12:16:42,053] {logging_mixin.py:109} INFO - [2021-11-16 12:16:42,053] {dag.py:2928} INFO - Setting next_dagrun for example_python_operator to None
[2021-11-16 12:16:42,131] {processor.py:171} INFO - Processing /home/ana/Documentos/airflowML/venv/lib/python3.8/site-packages/airflow/example_dags/example_python_operator.py took 0.145 seconds
[2021-11-16 12:17:20,875] {processor.py:163} INFO - Started process (PID=16222) to work on /home/ana/Documentos/airflowML/venv/lib/python3.8/site-packages/airflow/example_dags/example_python_operator.py
[2021-11-16 12:17:20,893] {processor.py:625} INFO - Processing file /home/ana/Documentos/airflowML/venv/lib/python3.8/site-packages/airflow/example_dags/example_python_operator.py for tasks to queue
[2021-11-16 12:17:20,894] {logging_mixin.py:109} INFO - [2021-11-16 12:17:20,894] {dagbag.py:500} INFO - Filling up the DagBag from /home/ana/Documentos/airflowML/venv/lib/python3.8/site-packages/airflow/example_dags/example_python_operator.py
[2021-11-16 12:17:20,926] {processor.py:637} INFO - DAG(s) dict_keys(['example_python_operator']) retrieved from /home/ana/Documentos/airflowML/venv/lib/python3.8/site-packages/airflow/example_dags/example_python_operator.py
[2021-11-16 12:17:20,939] {logging_mixin.py:109} INFO - [2021-11-16 12:17:20,939] {dag.py:2396} INFO - Sync 1 DAGs
[2021-11-16 12:17:20,957] {logging_mixin.py:109} INFO - [2021-11-16 12:17:20,957] {dag.py:2928} INFO - Setting next_dagrun for example_python_operator to None
[2021-11-16 12:17:21,254] {processor.py:171} INFO - Processing /home/ana/Documentos/airflowML/venv/lib/python3.8/site-packages/airflow/example_dags/example_python_operator.py took 0.383 seconds
[2021-11-16 12:18:04,856] {processor.py:163} INFO - Started process (PID=16307) to work on /home/ana/Documentos/airflowML/venv/lib/python3.8/site-packages/airflow/example_dags/example_python_operator.py
[2021-11-16 12:18:04,874] {processor.py:625} INFO - Processing file /home/ana/Documentos/airflowML/venv/lib/python3.8/site-packages/airflow/example_dags/example_python_operator.py for tasks to queue
[2021-11-16 12:18:04,875] {logging_mixin.py:109} INFO - [2021-11-16 12:18:04,875] {dagbag.py:500} INFO - Filling up the DagBag from /home/ana/Documentos/airflowML/venv/lib/python3.8/site-packages/airflow/example_dags/example_python_operator.py
[2021-11-16 12:18:04,897] {processor.py:637} INFO - DAG(s) dict_keys(['example_python_operator']) retrieved from /home/ana/Documentos/airflowML/venv/lib/python3.8/site-packages/airflow/example_dags/example_python_operator.py
[2021-11-16 12:18:04,908] {logging_mixin.py:109} INFO - [2021-11-16 12:18:04,908] {dag.py:2396} INFO - Sync 1 DAGs
[2021-11-16 12:18:04,921] {logging_mixin.py:109} INFO - [2021-11-16 12:18:04,921] {dag.py:2928} INFO - Setting next_dagrun for example_python_operator to None
[2021-11-16 12:18:05,012] {processor.py:171} INFO - Processing /home/ana/Documentos/airflowML/venv/lib/python3.8/site-packages/airflow/example_dags/example_python_operator.py took 0.159 seconds
