[2021-11-16 11:13:17,710] {processor.py:163} INFO - Started process (PID=9480) to work on /home/ana/Documentos/airflowML/venv/lib/python3.8/site-packages/airflow/example_dags/example_branch_day_of_week_operator.py
[2021-11-16 11:13:17,711] {processor.py:625} INFO - Processing file /home/ana/Documentos/airflowML/venv/lib/python3.8/site-packages/airflow/example_dags/example_branch_day_of_week_operator.py for tasks to queue
[2021-11-16 11:13:17,712] {logging_mixin.py:109} INFO - [2021-11-16 11:13:17,712] {dagbag.py:500} INFO - Filling up the DagBag from /home/ana/Documentos/airflowML/venv/lib/python3.8/site-packages/airflow/example_dags/example_branch_day_of_week_operator.py
[2021-11-16 11:13:17,734] {processor.py:637} INFO - DAG(s) dict_keys(['example_weekday_branch_operator']) retrieved from /home/ana/Documentos/airflowML/venv/lib/python3.8/site-packages/airflow/example_dags/example_branch_day_of_week_operator.py
[2021-11-16 11:13:17,744] {logging_mixin.py:109} INFO - [2021-11-16 11:13:17,744] {dag.py:2396} INFO - Sync 1 DAGs
[2021-11-16 11:13:17,759] {logging_mixin.py:109} INFO - [2021-11-16 11:13:17,759] {dag.py:2928} INFO - Setting next_dagrun for example_weekday_branch_operator to 2021-11-15 00:00:00+00:00
[2021-11-16 11:13:17,878] {processor.py:171} INFO - Processing /home/ana/Documentos/airflowML/venv/lib/python3.8/site-packages/airflow/example_dags/example_branch_day_of_week_operator.py took 0.171 seconds
[2021-11-16 11:14:03,169] {processor.py:163} INFO - Started process (PID=9597) to work on /home/ana/Documentos/airflowML/venv/lib/python3.8/site-packages/airflow/example_dags/example_branch_day_of_week_operator.py
[2021-11-16 11:14:03,170] {processor.py:625} INFO - Processing file /home/ana/Documentos/airflowML/venv/lib/python3.8/site-packages/airflow/example_dags/example_branch_day_of_week_operator.py for tasks to queue
[2021-11-16 11:14:03,171] {logging_mixin.py:109} INFO - [2021-11-16 11:14:03,171] {dagbag.py:500} INFO - Filling up the DagBag from /home/ana/Documentos/airflowML/venv/lib/python3.8/site-packages/airflow/example_dags/example_branch_day_of_week_operator.py
[2021-11-16 11:14:03,196] {processor.py:637} INFO - DAG(s) dict_keys(['example_weekday_branch_operator']) retrieved from /home/ana/Documentos/airflowML/venv/lib/python3.8/site-packages/airflow/example_dags/example_branch_day_of_week_operator.py
[2021-11-16 11:14:03,206] {logging_mixin.py:109} INFO - [2021-11-16 11:14:03,205] {dag.py:2396} INFO - Sync 1 DAGs
[2021-11-16 11:14:03,222] {logging_mixin.py:109} INFO - [2021-11-16 11:14:03,221] {dag.py:2928} INFO - Setting next_dagrun for example_weekday_branch_operator to 2021-11-15 00:00:00+00:00
[2021-11-16 11:14:03,332] {processor.py:171} INFO - Processing /home/ana/Documentos/airflowML/venv/lib/python3.8/site-packages/airflow/example_dags/example_branch_day_of_week_operator.py took 0.167 seconds
[2021-11-16 11:14:46,374] {processor.py:163} INFO - Started process (PID=9704) to work on /home/ana/Documentos/airflowML/venv/lib/python3.8/site-packages/airflow/example_dags/example_branch_day_of_week_operator.py
[2021-11-16 11:14:46,376] {processor.py:625} INFO - Processing file /home/ana/Documentos/airflowML/venv/lib/python3.8/site-packages/airflow/example_dags/example_branch_day_of_week_operator.py for tasks to queue
[2021-11-16 11:14:46,377] {logging_mixin.py:109} INFO - [2021-11-16 11:14:46,377] {dagbag.py:500} INFO - Filling up the DagBag from /home/ana/Documentos/airflowML/venv/lib/python3.8/site-packages/airflow/example_dags/example_branch_day_of_week_operator.py
[2021-11-16 11:14:46,405] {processor.py:637} INFO - DAG(s) dict_keys(['example_weekday_branch_operator']) retrieved from /home/ana/Documentos/airflowML/venv/lib/python3.8/site-packages/airflow/example_dags/example_branch_day_of_week_operator.py
[2021-11-16 11:14:46,417] {logging_mixin.py:109} INFO - [2021-11-16 11:14:46,417] {dag.py:2396} INFO - Sync 1 DAGs
[2021-11-16 11:14:46,436] {logging_mixin.py:109} INFO - [2021-11-16 11:14:46,436] {dag.py:2928} INFO - Setting next_dagrun for example_weekday_branch_operator to 2021-11-15 00:00:00+00:00
[2021-11-16 11:14:46,528] {processor.py:171} INFO - Processing /home/ana/Documentos/airflowML/venv/lib/python3.8/site-packages/airflow/example_dags/example_branch_day_of_week_operator.py took 0.157 seconds
[2021-11-16 11:15:32,287] {processor.py:163} INFO - Started process (PID=9765) to work on /home/ana/Documentos/airflowML/venv/lib/python3.8/site-packages/airflow/example_dags/example_branch_day_of_week_operator.py
[2021-11-16 11:15:32,293] {processor.py:625} INFO - Processing file /home/ana/Documentos/airflowML/venv/lib/python3.8/site-packages/airflow/example_dags/example_branch_day_of_week_operator.py for tasks to queue
[2021-11-16 11:15:32,295] {logging_mixin.py:109} INFO - [2021-11-16 11:15:32,295] {dagbag.py:500} INFO - Filling up the DagBag from /home/ana/Documentos/airflowML/venv/lib/python3.8/site-packages/airflow/example_dags/example_branch_day_of_week_operator.py
[2021-11-16 11:15:32,329] {processor.py:637} INFO - DAG(s) dict_keys(['example_weekday_branch_operator']) retrieved from /home/ana/Documentos/airflowML/venv/lib/python3.8/site-packages/airflow/example_dags/example_branch_day_of_week_operator.py
[2021-11-16 11:15:32,344] {logging_mixin.py:109} INFO - [2021-11-16 11:15:32,344] {dag.py:2396} INFO - Sync 1 DAGs
[2021-11-16 11:15:32,366] {logging_mixin.py:109} INFO - [2021-11-16 11:15:32,366] {dag.py:2928} INFO - Setting next_dagrun for example_weekday_branch_operator to 2021-11-15 00:00:00+00:00
[2021-11-16 11:15:32,539] {processor.py:171} INFO - Processing /home/ana/Documentos/airflowML/venv/lib/python3.8/site-packages/airflow/example_dags/example_branch_day_of_week_operator.py took 0.256 seconds
[2021-11-16 11:16:31,968] {processor.py:163} INFO - Started process (PID=9841) to work on /home/ana/Documentos/airflowML/venv/lib/python3.8/site-packages/airflow/example_dags/example_branch_day_of_week_operator.py
[2021-11-16 11:16:31,973] {processor.py:625} INFO - Processing file /home/ana/Documentos/airflowML/venv/lib/python3.8/site-packages/airflow/example_dags/example_branch_day_of_week_operator.py for tasks to queue
[2021-11-16 11:16:31,974] {logging_mixin.py:109} INFO - [2021-11-16 11:16:31,974] {dagbag.py:500} INFO - Filling up the DagBag from /home/ana/Documentos/airflowML/venv/lib/python3.8/site-packages/airflow/example_dags/example_branch_day_of_week_operator.py
[2021-11-16 11:16:32,005] {processor.py:637} INFO - DAG(s) dict_keys(['example_weekday_branch_operator']) retrieved from /home/ana/Documentos/airflowML/venv/lib/python3.8/site-packages/airflow/example_dags/example_branch_day_of_week_operator.py
[2021-11-16 11:16:32,017] {logging_mixin.py:109} INFO - [2021-11-16 11:16:32,017] {dag.py:2396} INFO - Sync 1 DAGs
[2021-11-16 11:16:32,032] {logging_mixin.py:109} INFO - [2021-11-16 11:16:32,032] {dag.py:2928} INFO - Setting next_dagrun for example_weekday_branch_operator to 2021-11-15 00:00:00+00:00
[2021-11-16 11:16:32,118] {processor.py:171} INFO - Processing /home/ana/Documentos/airflowML/venv/lib/python3.8/site-packages/airflow/example_dags/example_branch_day_of_week_operator.py took 0.154 seconds
[2021-11-16 11:17:22,014] {processor.py:163} INFO - Started process (PID=9894) to work on /home/ana/Documentos/airflowML/venv/lib/python3.8/site-packages/airflow/example_dags/example_branch_day_of_week_operator.py
[2021-11-16 11:17:22,016] {processor.py:625} INFO - Processing file /home/ana/Documentos/airflowML/venv/lib/python3.8/site-packages/airflow/example_dags/example_branch_day_of_week_operator.py for tasks to queue
[2021-11-16 11:17:22,017] {logging_mixin.py:109} INFO - [2021-11-16 11:17:22,016] {dagbag.py:500} INFO - Filling up the DagBag from /home/ana/Documentos/airflowML/venv/lib/python3.8/site-packages/airflow/example_dags/example_branch_day_of_week_operator.py
[2021-11-16 11:17:22,042] {processor.py:637} INFO - DAG(s) dict_keys(['example_weekday_branch_operator']) retrieved from /home/ana/Documentos/airflowML/venv/lib/python3.8/site-packages/airflow/example_dags/example_branch_day_of_week_operator.py
[2021-11-16 11:17:22,054] {logging_mixin.py:109} INFO - [2021-11-16 11:17:22,054] {dag.py:2396} INFO - Sync 1 DAGs
[2021-11-16 11:17:22,072] {logging_mixin.py:109} INFO - [2021-11-16 11:17:22,072] {dag.py:2928} INFO - Setting next_dagrun for example_weekday_branch_operator to 2021-11-15 00:00:00+00:00
[2021-11-16 11:17:22,167] {processor.py:171} INFO - Processing /home/ana/Documentos/airflowML/venv/lib/python3.8/site-packages/airflow/example_dags/example_branch_day_of_week_operator.py took 0.158 seconds
[2021-11-16 11:18:06,400] {processor.py:163} INFO - Started process (PID=9983) to work on /home/ana/Documentos/airflowML/venv/lib/python3.8/site-packages/airflow/example_dags/example_branch_day_of_week_operator.py
[2021-11-16 11:18:06,424] {processor.py:625} INFO - Processing file /home/ana/Documentos/airflowML/venv/lib/python3.8/site-packages/airflow/example_dags/example_branch_day_of_week_operator.py for tasks to queue
[2021-11-16 11:18:06,425] {logging_mixin.py:109} INFO - [2021-11-16 11:18:06,425] {dagbag.py:500} INFO - Filling up the DagBag from /home/ana/Documentos/airflowML/venv/lib/python3.8/site-packages/airflow/example_dags/example_branch_day_of_week_operator.py
[2021-11-16 11:18:06,448] {processor.py:637} INFO - DAG(s) dict_keys(['example_weekday_branch_operator']) retrieved from /home/ana/Documentos/airflowML/venv/lib/python3.8/site-packages/airflow/example_dags/example_branch_day_of_week_operator.py
[2021-11-16 11:18:06,458] {logging_mixin.py:109} INFO - [2021-11-16 11:18:06,458] {dag.py:2396} INFO - Sync 1 DAGs
[2021-11-16 11:18:06,473] {logging_mixin.py:109} INFO - [2021-11-16 11:18:06,473] {dag.py:2928} INFO - Setting next_dagrun for example_weekday_branch_operator to 2021-11-15 00:00:00+00:00
[2021-11-16 11:18:06,581] {processor.py:171} INFO - Processing /home/ana/Documentos/airflowML/venv/lib/python3.8/site-packages/airflow/example_dags/example_branch_day_of_week_operator.py took 0.186 seconds
[2021-11-16 11:18:56,832] {processor.py:163} INFO - Started process (PID=10041) to work on /home/ana/Documentos/airflowML/venv/lib/python3.8/site-packages/airflow/example_dags/example_branch_day_of_week_operator.py
[2021-11-16 11:18:56,849] {processor.py:625} INFO - Processing file /home/ana/Documentos/airflowML/venv/lib/python3.8/site-packages/airflow/example_dags/example_branch_day_of_week_operator.py for tasks to queue
[2021-11-16 11:18:56,850] {logging_mixin.py:109} INFO - [2021-11-16 11:18:56,850] {dagbag.py:500} INFO - Filling up the DagBag from /home/ana/Documentos/airflowML/venv/lib/python3.8/site-packages/airflow/example_dags/example_branch_day_of_week_operator.py
[2021-11-16 11:18:56,874] {processor.py:637} INFO - DAG(s) dict_keys(['example_weekday_branch_operator']) retrieved from /home/ana/Documentos/airflowML/venv/lib/python3.8/site-packages/airflow/example_dags/example_branch_day_of_week_operator.py
[2021-11-16 11:18:56,884] {logging_mixin.py:109} INFO - [2021-11-16 11:18:56,883] {dag.py:2396} INFO - Sync 1 DAGs
[2021-11-16 11:18:56,899] {logging_mixin.py:109} INFO - [2021-11-16 11:18:56,899] {dag.py:2928} INFO - Setting next_dagrun for example_weekday_branch_operator to 2021-11-15 00:00:00+00:00
[2021-11-16 11:18:57,018] {processor.py:171} INFO - Processing /home/ana/Documentos/airflowML/venv/lib/python3.8/site-packages/airflow/example_dags/example_branch_day_of_week_operator.py took 0.192 seconds
[2021-11-16 11:30:38,913] {processor.py:163} INFO - Started process (PID=10679) to work on /home/ana/Documentos/airflowML/venv/lib/python3.8/site-packages/airflow/example_dags/example_branch_day_of_week_operator.py
[2021-11-16 11:30:38,931] {processor.py:625} INFO - Processing file /home/ana/Documentos/airflowML/venv/lib/python3.8/site-packages/airflow/example_dags/example_branch_day_of_week_operator.py for tasks to queue
[2021-11-16 11:30:38,932] {logging_mixin.py:109} INFO - [2021-11-16 11:30:38,932] {dagbag.py:500} INFO - Filling up the DagBag from /home/ana/Documentos/airflowML/venv/lib/python3.8/site-packages/airflow/example_dags/example_branch_day_of_week_operator.py
[2021-11-16 11:30:38,954] {processor.py:637} INFO - DAG(s) dict_keys(['example_weekday_branch_operator']) retrieved from /home/ana/Documentos/airflowML/venv/lib/python3.8/site-packages/airflow/example_dags/example_branch_day_of_week_operator.py
[2021-11-16 11:30:38,964] {logging_mixin.py:109} INFO - [2021-11-16 11:30:38,964] {dag.py:2396} INFO - Sync 1 DAGs
[2021-11-16 11:30:38,980] {logging_mixin.py:109} INFO - [2021-11-16 11:30:38,980] {dag.py:2928} INFO - Setting next_dagrun for example_weekday_branch_operator to 2021-11-15 00:00:00+00:00
[2021-11-16 11:30:39,057] {processor.py:171} INFO - Processing /home/ana/Documentos/airflowML/venv/lib/python3.8/site-packages/airflow/example_dags/example_branch_day_of_week_operator.py took 0.149 seconds
[2021-11-16 11:31:22,825] {processor.py:163} INFO - Started process (PID=10729) to work on /home/ana/Documentos/airflowML/venv/lib/python3.8/site-packages/airflow/example_dags/example_branch_day_of_week_operator.py
[2021-11-16 11:31:22,826] {processor.py:625} INFO - Processing file /home/ana/Documentos/airflowML/venv/lib/python3.8/site-packages/airflow/example_dags/example_branch_day_of_week_operator.py for tasks to queue
[2021-11-16 11:31:22,827] {logging_mixin.py:109} INFO - [2021-11-16 11:31:22,827] {dagbag.py:500} INFO - Filling up the DagBag from /home/ana/Documentos/airflowML/venv/lib/python3.8/site-packages/airflow/example_dags/example_branch_day_of_week_operator.py
[2021-11-16 11:31:22,851] {processor.py:637} INFO - DAG(s) dict_keys(['example_weekday_branch_operator']) retrieved from /home/ana/Documentos/airflowML/venv/lib/python3.8/site-packages/airflow/example_dags/example_branch_day_of_week_operator.py
[2021-11-16 11:31:22,861] {logging_mixin.py:109} INFO - [2021-11-16 11:31:22,861] {dag.py:2396} INFO - Sync 1 DAGs
[2021-11-16 11:31:22,878] {logging_mixin.py:109} INFO - [2021-11-16 11:31:22,878] {dag.py:2928} INFO - Setting next_dagrun for example_weekday_branch_operator to 2021-11-15 00:00:00+00:00
[2021-11-16 11:31:22,980] {processor.py:171} INFO - Processing /home/ana/Documentos/airflowML/venv/lib/python3.8/site-packages/airflow/example_dags/example_branch_day_of_week_operator.py took 0.160 seconds
[2021-11-16 11:32:06,208] {processor.py:163} INFO - Started process (PID=10803) to work on /home/ana/Documentos/airflowML/venv/lib/python3.8/site-packages/airflow/example_dags/example_branch_day_of_week_operator.py
[2021-11-16 11:32:06,209] {processor.py:625} INFO - Processing file /home/ana/Documentos/airflowML/venv/lib/python3.8/site-packages/airflow/example_dags/example_branch_day_of_week_operator.py for tasks to queue
[2021-11-16 11:32:06,210] {logging_mixin.py:109} INFO - [2021-11-16 11:32:06,210] {dagbag.py:500} INFO - Filling up the DagBag from /home/ana/Documentos/airflowML/venv/lib/python3.8/site-packages/airflow/example_dags/example_branch_day_of_week_operator.py
[2021-11-16 11:32:06,233] {processor.py:637} INFO - DAG(s) dict_keys(['example_weekday_branch_operator']) retrieved from /home/ana/Documentos/airflowML/venv/lib/python3.8/site-packages/airflow/example_dags/example_branch_day_of_week_operator.py
[2021-11-16 11:32:06,243] {logging_mixin.py:109} INFO - [2021-11-16 11:32:06,242] {dag.py:2396} INFO - Sync 1 DAGs
[2021-11-16 11:32:06,258] {logging_mixin.py:109} INFO - [2021-11-16 11:32:06,257] {dag.py:2928} INFO - Setting next_dagrun for example_weekday_branch_operator to 2021-11-15 00:00:00+00:00
[2021-11-16 11:32:06,330] {processor.py:171} INFO - Processing /home/ana/Documentos/airflowML/venv/lib/python3.8/site-packages/airflow/example_dags/example_branch_day_of_week_operator.py took 0.125 seconds
[2021-11-16 11:32:47,268] {processor.py:163} INFO - Started process (PID=10865) to work on /home/ana/Documentos/airflowML/venv/lib/python3.8/site-packages/airflow/example_dags/example_branch_day_of_week_operator.py
[2021-11-16 11:32:47,270] {processor.py:625} INFO - Processing file /home/ana/Documentos/airflowML/venv/lib/python3.8/site-packages/airflow/example_dags/example_branch_day_of_week_operator.py for tasks to queue
[2021-11-16 11:32:47,270] {logging_mixin.py:109} INFO - [2021-11-16 11:32:47,270] {dagbag.py:500} INFO - Filling up the DagBag from /home/ana/Documentos/airflowML/venv/lib/python3.8/site-packages/airflow/example_dags/example_branch_day_of_week_operator.py
[2021-11-16 11:32:47,294] {processor.py:637} INFO - DAG(s) dict_keys(['example_weekday_branch_operator']) retrieved from /home/ana/Documentos/airflowML/venv/lib/python3.8/site-packages/airflow/example_dags/example_branch_day_of_week_operator.py
[2021-11-16 11:32:47,304] {logging_mixin.py:109} INFO - [2021-11-16 11:32:47,304] {dag.py:2396} INFO - Sync 1 DAGs
[2021-11-16 11:32:47,320] {logging_mixin.py:109} INFO - [2021-11-16 11:32:47,320] {dag.py:2928} INFO - Setting next_dagrun for example_weekday_branch_operator to 2021-11-15 00:00:00+00:00
[2021-11-16 11:32:47,393] {processor.py:171} INFO - Processing /home/ana/Documentos/airflowML/venv/lib/python3.8/site-packages/airflow/example_dags/example_branch_day_of_week_operator.py took 0.129 seconds
[2021-11-16 11:33:32,926] {processor.py:163} INFO - Started process (PID=10907) to work on /home/ana/Documentos/airflowML/venv/lib/python3.8/site-packages/airflow/example_dags/example_branch_day_of_week_operator.py
[2021-11-16 11:33:32,927] {processor.py:625} INFO - Processing file /home/ana/Documentos/airflowML/venv/lib/python3.8/site-packages/airflow/example_dags/example_branch_day_of_week_operator.py for tasks to queue
[2021-11-16 11:33:32,928] {logging_mixin.py:109} INFO - [2021-11-16 11:33:32,928] {dagbag.py:500} INFO - Filling up the DagBag from /home/ana/Documentos/airflowML/venv/lib/python3.8/site-packages/airflow/example_dags/example_branch_day_of_week_operator.py
[2021-11-16 11:33:32,949] {processor.py:637} INFO - DAG(s) dict_keys(['example_weekday_branch_operator']) retrieved from /home/ana/Documentos/airflowML/venv/lib/python3.8/site-packages/airflow/example_dags/example_branch_day_of_week_operator.py
[2021-11-16 11:33:32,959] {logging_mixin.py:109} INFO - [2021-11-16 11:33:32,959] {dag.py:2396} INFO - Sync 1 DAGs
[2021-11-16 11:33:32,974] {logging_mixin.py:109} INFO - [2021-11-16 11:33:32,974] {dag.py:2928} INFO - Setting next_dagrun for example_weekday_branch_operator to 2021-11-15 00:00:00+00:00
[2021-11-16 11:33:33,079] {processor.py:171} INFO - Processing /home/ana/Documentos/airflowML/venv/lib/python3.8/site-packages/airflow/example_dags/example_branch_day_of_week_operator.py took 0.160 seconds
[2021-11-16 11:34:24,607] {processor.py:163} INFO - Started process (PID=10955) to work on /home/ana/Documentos/airflowML/venv/lib/python3.8/site-packages/airflow/example_dags/example_branch_day_of_week_operator.py
[2021-11-16 11:34:24,625] {processor.py:625} INFO - Processing file /home/ana/Documentos/airflowML/venv/lib/python3.8/site-packages/airflow/example_dags/example_branch_day_of_week_operator.py for tasks to queue
[2021-11-16 11:34:24,626] {logging_mixin.py:109} INFO - [2021-11-16 11:34:24,626] {dagbag.py:500} INFO - Filling up the DagBag from /home/ana/Documentos/airflowML/venv/lib/python3.8/site-packages/airflow/example_dags/example_branch_day_of_week_operator.py
[2021-11-16 11:34:24,649] {processor.py:637} INFO - DAG(s) dict_keys(['example_weekday_branch_operator']) retrieved from /home/ana/Documentos/airflowML/venv/lib/python3.8/site-packages/airflow/example_dags/example_branch_day_of_week_operator.py
[2021-11-16 11:34:24,659] {logging_mixin.py:109} INFO - [2021-11-16 11:34:24,659] {dag.py:2396} INFO - Sync 1 DAGs
[2021-11-16 11:34:24,675] {logging_mixin.py:109} INFO - [2021-11-16 11:34:24,675] {dag.py:2928} INFO - Setting next_dagrun for example_weekday_branch_operator to 2021-11-15 00:00:00+00:00
[2021-11-16 11:34:24,762] {processor.py:171} INFO - Processing /home/ana/Documentos/airflowML/venv/lib/python3.8/site-packages/airflow/example_dags/example_branch_day_of_week_operator.py took 0.159 seconds
[2021-11-16 11:35:14,801] {processor.py:163} INFO - Started process (PID=11023) to work on /home/ana/Documentos/airflowML/venv/lib/python3.8/site-packages/airflow/example_dags/example_branch_day_of_week_operator.py
[2021-11-16 11:35:14,817] {processor.py:625} INFO - Processing file /home/ana/Documentos/airflowML/venv/lib/python3.8/site-packages/airflow/example_dags/example_branch_day_of_week_operator.py for tasks to queue
[2021-11-16 11:35:14,818] {logging_mixin.py:109} INFO - [2021-11-16 11:35:14,818] {dagbag.py:500} INFO - Filling up the DagBag from /home/ana/Documentos/airflowML/venv/lib/python3.8/site-packages/airflow/example_dags/example_branch_day_of_week_operator.py
[2021-11-16 11:35:14,839] {processor.py:637} INFO - DAG(s) dict_keys(['example_weekday_branch_operator']) retrieved from /home/ana/Documentos/airflowML/venv/lib/python3.8/site-packages/airflow/example_dags/example_branch_day_of_week_operator.py
[2021-11-16 11:35:14,850] {logging_mixin.py:109} INFO - [2021-11-16 11:35:14,850] {dag.py:2396} INFO - Sync 1 DAGs
[2021-11-16 11:35:14,865] {logging_mixin.py:109} INFO - [2021-11-16 11:35:14,865] {dag.py:2928} INFO - Setting next_dagrun for example_weekday_branch_operator to 2021-11-15 00:00:00+00:00
[2021-11-16 11:35:14,946] {processor.py:171} INFO - Processing /home/ana/Documentos/airflowML/venv/lib/python3.8/site-packages/airflow/example_dags/example_branch_day_of_week_operator.py took 0.148 seconds
[2021-11-16 11:35:59,799] {processor.py:163} INFO - Started process (PID=11066) to work on /home/ana/Documentos/airflowML/venv/lib/python3.8/site-packages/airflow/example_dags/example_branch_day_of_week_operator.py
[2021-11-16 11:35:59,801] {processor.py:625} INFO - Processing file /home/ana/Documentos/airflowML/venv/lib/python3.8/site-packages/airflow/example_dags/example_branch_day_of_week_operator.py for tasks to queue
[2021-11-16 11:35:59,801] {logging_mixin.py:109} INFO - [2021-11-16 11:35:59,801] {dagbag.py:500} INFO - Filling up the DagBag from /home/ana/Documentos/airflowML/venv/lib/python3.8/site-packages/airflow/example_dags/example_branch_day_of_week_operator.py
[2021-11-16 11:35:59,824] {processor.py:637} INFO - DAG(s) dict_keys(['example_weekday_branch_operator']) retrieved from /home/ana/Documentos/airflowML/venv/lib/python3.8/site-packages/airflow/example_dags/example_branch_day_of_week_operator.py
[2021-11-16 11:35:59,834] {logging_mixin.py:109} INFO - [2021-11-16 11:35:59,834] {dag.py:2396} INFO - Sync 1 DAGs
[2021-11-16 11:35:59,856] {logging_mixin.py:109} INFO - [2021-11-16 11:35:59,856] {dag.py:2928} INFO - Setting next_dagrun for example_weekday_branch_operator to 2021-11-15 00:00:00+00:00
[2021-11-16 11:35:59,935] {processor.py:171} INFO - Processing /home/ana/Documentos/airflowML/venv/lib/python3.8/site-packages/airflow/example_dags/example_branch_day_of_week_operator.py took 0.141 seconds
[2021-11-16 11:36:48,161] {processor.py:163} INFO - Started process (PID=11117) to work on /home/ana/Documentos/airflowML/venv/lib/python3.8/site-packages/airflow/example_dags/example_branch_day_of_week_operator.py
[2021-11-16 11:36:48,173] {processor.py:625} INFO - Processing file /home/ana/Documentos/airflowML/venv/lib/python3.8/site-packages/airflow/example_dags/example_branch_day_of_week_operator.py for tasks to queue
[2021-11-16 11:36:48,173] {logging_mixin.py:109} INFO - [2021-11-16 11:36:48,173] {dagbag.py:500} INFO - Filling up the DagBag from /home/ana/Documentos/airflowML/venv/lib/python3.8/site-packages/airflow/example_dags/example_branch_day_of_week_operator.py
[2021-11-16 11:36:48,196] {processor.py:637} INFO - DAG(s) dict_keys(['example_weekday_branch_operator']) retrieved from /home/ana/Documentos/airflowML/venv/lib/python3.8/site-packages/airflow/example_dags/example_branch_day_of_week_operator.py
[2021-11-16 11:36:48,208] {logging_mixin.py:109} INFO - [2021-11-16 11:36:48,207] {dag.py:2396} INFO - Sync 1 DAGs
[2021-11-16 11:36:48,224] {logging_mixin.py:109} INFO - [2021-11-16 11:36:48,224] {dag.py:2928} INFO - Setting next_dagrun for example_weekday_branch_operator to 2021-11-15 00:00:00+00:00
[2021-11-16 11:36:48,301] {processor.py:171} INFO - Processing /home/ana/Documentos/airflowML/venv/lib/python3.8/site-packages/airflow/example_dags/example_branch_day_of_week_operator.py took 0.143 seconds
[2021-11-16 11:37:31,624] {processor.py:163} INFO - Started process (PID=11164) to work on /home/ana/Documentos/airflowML/venv/lib/python3.8/site-packages/airflow/example_dags/example_branch_day_of_week_operator.py
[2021-11-16 11:37:31,626] {processor.py:625} INFO - Processing file /home/ana/Documentos/airflowML/venv/lib/python3.8/site-packages/airflow/example_dags/example_branch_day_of_week_operator.py for tasks to queue
[2021-11-16 11:37:31,627] {logging_mixin.py:109} INFO - [2021-11-16 11:37:31,627] {dagbag.py:500} INFO - Filling up the DagBag from /home/ana/Documentos/airflowML/venv/lib/python3.8/site-packages/airflow/example_dags/example_branch_day_of_week_operator.py
[2021-11-16 11:37:31,654] {processor.py:637} INFO - DAG(s) dict_keys(['example_weekday_branch_operator']) retrieved from /home/ana/Documentos/airflowML/venv/lib/python3.8/site-packages/airflow/example_dags/example_branch_day_of_week_operator.py
[2021-11-16 11:37:31,665] {logging_mixin.py:109} INFO - [2021-11-16 11:37:31,665] {dag.py:2396} INFO - Sync 1 DAGs
[2021-11-16 11:37:31,683] {logging_mixin.py:109} INFO - [2021-11-16 11:37:31,683] {dag.py:2928} INFO - Setting next_dagrun for example_weekday_branch_operator to 2021-11-15 00:00:00+00:00
[2021-11-16 11:37:31,752] {processor.py:171} INFO - Processing /home/ana/Documentos/airflowML/venv/lib/python3.8/site-packages/airflow/example_dags/example_branch_day_of_week_operator.py took 0.130 seconds
[2021-11-16 11:38:15,145] {processor.py:163} INFO - Started process (PID=11230) to work on /home/ana/Documentos/airflowML/venv/lib/python3.8/site-packages/airflow/example_dags/example_branch_day_of_week_operator.py
[2021-11-16 11:38:15,163] {processor.py:625} INFO - Processing file /home/ana/Documentos/airflowML/venv/lib/python3.8/site-packages/airflow/example_dags/example_branch_day_of_week_operator.py for tasks to queue
[2021-11-16 11:38:15,164] {logging_mixin.py:109} INFO - [2021-11-16 11:38:15,164] {dagbag.py:500} INFO - Filling up the DagBag from /home/ana/Documentos/airflowML/venv/lib/python3.8/site-packages/airflow/example_dags/example_branch_day_of_week_operator.py
[2021-11-16 11:38:15,187] {processor.py:637} INFO - DAG(s) dict_keys(['example_weekday_branch_operator']) retrieved from /home/ana/Documentos/airflowML/venv/lib/python3.8/site-packages/airflow/example_dags/example_branch_day_of_week_operator.py
[2021-11-16 11:38:15,197] {logging_mixin.py:109} INFO - [2021-11-16 11:38:15,197] {dag.py:2396} INFO - Sync 1 DAGs
[2021-11-16 11:38:15,213] {logging_mixin.py:109} INFO - [2021-11-16 11:38:15,213] {dag.py:2928} INFO - Setting next_dagrun for example_weekday_branch_operator to 2021-11-15 00:00:00+00:00
[2021-11-16 11:38:15,292] {processor.py:171} INFO - Processing /home/ana/Documentos/airflowML/venv/lib/python3.8/site-packages/airflow/example_dags/example_branch_day_of_week_operator.py took 0.149 seconds
[2021-11-16 11:39:03,912] {processor.py:163} INFO - Started process (PID=11316) to work on /home/ana/Documentos/airflowML/venv/lib/python3.8/site-packages/airflow/example_dags/example_branch_day_of_week_operator.py
[2021-11-16 11:39:03,930] {processor.py:625} INFO - Processing file /home/ana/Documentos/airflowML/venv/lib/python3.8/site-packages/airflow/example_dags/example_branch_day_of_week_operator.py for tasks to queue
[2021-11-16 11:39:03,931] {logging_mixin.py:109} INFO - [2021-11-16 11:39:03,931] {dagbag.py:500} INFO - Filling up the DagBag from /home/ana/Documentos/airflowML/venv/lib/python3.8/site-packages/airflow/example_dags/example_branch_day_of_week_operator.py
[2021-11-16 11:39:03,964] {processor.py:637} INFO - DAG(s) dict_keys(['example_weekday_branch_operator']) retrieved from /home/ana/Documentos/airflowML/venv/lib/python3.8/site-packages/airflow/example_dags/example_branch_day_of_week_operator.py
[2021-11-16 11:39:03,976] {logging_mixin.py:109} INFO - [2021-11-16 11:39:03,975] {dag.py:2396} INFO - Sync 1 DAGs
[2021-11-16 11:39:04,003] {logging_mixin.py:109} INFO - [2021-11-16 11:39:04,003] {dag.py:2928} INFO - Setting next_dagrun for example_weekday_branch_operator to 2021-11-15 00:00:00+00:00
[2021-11-16 11:39:04,143] {processor.py:171} INFO - Processing /home/ana/Documentos/airflowML/venv/lib/python3.8/site-packages/airflow/example_dags/example_branch_day_of_week_operator.py took 0.238 seconds
[2021-11-16 11:39:51,904] {processor.py:163} INFO - Started process (PID=11407) to work on /home/ana/Documentos/airflowML/venv/lib/python3.8/site-packages/airflow/example_dags/example_branch_day_of_week_operator.py
[2021-11-16 11:39:51,913] {processor.py:625} INFO - Processing file /home/ana/Documentos/airflowML/venv/lib/python3.8/site-packages/airflow/example_dags/example_branch_day_of_week_operator.py for tasks to queue
[2021-11-16 11:39:51,914] {logging_mixin.py:109} INFO - [2021-11-16 11:39:51,914] {dagbag.py:500} INFO - Filling up the DagBag from /home/ana/Documentos/airflowML/venv/lib/python3.8/site-packages/airflow/example_dags/example_branch_day_of_week_operator.py
[2021-11-16 11:39:51,947] {processor.py:637} INFO - DAG(s) dict_keys(['example_weekday_branch_operator']) retrieved from /home/ana/Documentos/airflowML/venv/lib/python3.8/site-packages/airflow/example_dags/example_branch_day_of_week_operator.py
[2021-11-16 11:39:51,959] {logging_mixin.py:109} INFO - [2021-11-16 11:39:51,959] {dag.py:2396} INFO - Sync 1 DAGs
[2021-11-16 11:39:51,982] {logging_mixin.py:109} INFO - [2021-11-16 11:39:51,981] {dag.py:2928} INFO - Setting next_dagrun for example_weekday_branch_operator to 2021-11-15 00:00:00+00:00
[2021-11-16 11:39:52,064] {processor.py:171} INFO - Processing /home/ana/Documentos/airflowML/venv/lib/python3.8/site-packages/airflow/example_dags/example_branch_day_of_week_operator.py took 0.164 seconds
[2021-11-16 11:40:34,635] {processor.py:163} INFO - Started process (PID=11507) to work on /home/ana/Documentos/airflowML/venv/lib/python3.8/site-packages/airflow/example_dags/example_branch_day_of_week_operator.py
[2021-11-16 11:40:34,637] {processor.py:625} INFO - Processing file /home/ana/Documentos/airflowML/venv/lib/python3.8/site-packages/airflow/example_dags/example_branch_day_of_week_operator.py for tasks to queue
[2021-11-16 11:40:34,638] {logging_mixin.py:109} INFO - [2021-11-16 11:40:34,638] {dagbag.py:500} INFO - Filling up the DagBag from /home/ana/Documentos/airflowML/venv/lib/python3.8/site-packages/airflow/example_dags/example_branch_day_of_week_operator.py
[2021-11-16 11:40:34,662] {processor.py:637} INFO - DAG(s) dict_keys(['example_weekday_branch_operator']) retrieved from /home/ana/Documentos/airflowML/venv/lib/python3.8/site-packages/airflow/example_dags/example_branch_day_of_week_operator.py
[2021-11-16 11:40:34,674] {logging_mixin.py:109} INFO - [2021-11-16 11:40:34,674] {dag.py:2396} INFO - Sync 1 DAGs
[2021-11-16 11:40:34,694] {logging_mixin.py:109} INFO - [2021-11-16 11:40:34,694] {dag.py:2928} INFO - Setting next_dagrun for example_weekday_branch_operator to 2021-11-15 00:00:00+00:00
[2021-11-16 11:40:34,795] {processor.py:171} INFO - Processing /home/ana/Documentos/airflowML/venv/lib/python3.8/site-packages/airflow/example_dags/example_branch_day_of_week_operator.py took 0.163 seconds
[2021-11-16 11:41:21,395] {processor.py:163} INFO - Started process (PID=11611) to work on /home/ana/Documentos/airflowML/venv/lib/python3.8/site-packages/airflow/example_dags/example_branch_day_of_week_operator.py
[2021-11-16 11:41:21,397] {processor.py:625} INFO - Processing file /home/ana/Documentos/airflowML/venv/lib/python3.8/site-packages/airflow/example_dags/example_branch_day_of_week_operator.py for tasks to queue
[2021-11-16 11:41:21,398] {logging_mixin.py:109} INFO - [2021-11-16 11:41:21,398] {dagbag.py:500} INFO - Filling up the DagBag from /home/ana/Documentos/airflowML/venv/lib/python3.8/site-packages/airflow/example_dags/example_branch_day_of_week_operator.py
[2021-11-16 11:41:21,425] {processor.py:637} INFO - DAG(s) dict_keys(['example_weekday_branch_operator']) retrieved from /home/ana/Documentos/airflowML/venv/lib/python3.8/site-packages/airflow/example_dags/example_branch_day_of_week_operator.py
[2021-11-16 11:41:21,437] {logging_mixin.py:109} INFO - [2021-11-16 11:41:21,437] {dag.py:2396} INFO - Sync 1 DAGs
[2021-11-16 11:41:21,457] {logging_mixin.py:109} INFO - [2021-11-16 11:41:21,457] {dag.py:2928} INFO - Setting next_dagrun for example_weekday_branch_operator to 2021-11-15 00:00:00+00:00
[2021-11-16 11:41:21,554] {processor.py:171} INFO - Processing /home/ana/Documentos/airflowML/venv/lib/python3.8/site-packages/airflow/example_dags/example_branch_day_of_week_operator.py took 0.163 seconds
[2021-11-16 11:42:11,426] {processor.py:163} INFO - Started process (PID=11725) to work on /home/ana/Documentos/airflowML/venv/lib/python3.8/site-packages/airflow/example_dags/example_branch_day_of_week_operator.py
[2021-11-16 11:42:11,448] {processor.py:625} INFO - Processing file /home/ana/Documentos/airflowML/venv/lib/python3.8/site-packages/airflow/example_dags/example_branch_day_of_week_operator.py for tasks to queue
[2021-11-16 11:42:11,449] {logging_mixin.py:109} INFO - [2021-11-16 11:42:11,449] {dagbag.py:500} INFO - Filling up the DagBag from /home/ana/Documentos/airflowML/venv/lib/python3.8/site-packages/airflow/example_dags/example_branch_day_of_week_operator.py
[2021-11-16 11:42:11,485] {processor.py:637} INFO - DAG(s) dict_keys(['example_weekday_branch_operator']) retrieved from /home/ana/Documentos/airflowML/venv/lib/python3.8/site-packages/airflow/example_dags/example_branch_day_of_week_operator.py
[2021-11-16 11:42:11,500] {logging_mixin.py:109} INFO - [2021-11-16 11:42:11,500] {dag.py:2396} INFO - Sync 1 DAGs
[2021-11-16 11:42:11,523] {logging_mixin.py:109} INFO - [2021-11-16 11:42:11,523] {dag.py:2928} INFO - Setting next_dagrun for example_weekday_branch_operator to 2021-11-15 00:00:00+00:00
[2021-11-16 11:42:11,711] {processor.py:171} INFO - Processing /home/ana/Documentos/airflowML/venv/lib/python3.8/site-packages/airflow/example_dags/example_branch_day_of_week_operator.py took 0.288 seconds
[2021-11-16 11:43:00,412] {processor.py:163} INFO - Started process (PID=11831) to work on /home/ana/Documentos/airflowML/venv/lib/python3.8/site-packages/airflow/example_dags/example_branch_day_of_week_operator.py
[2021-11-16 11:43:00,430] {processor.py:625} INFO - Processing file /home/ana/Documentos/airflowML/venv/lib/python3.8/site-packages/airflow/example_dags/example_branch_day_of_week_operator.py for tasks to queue
[2021-11-16 11:43:00,432] {logging_mixin.py:109} INFO - [2021-11-16 11:43:00,431] {dagbag.py:500} INFO - Filling up the DagBag from /home/ana/Documentos/airflowML/venv/lib/python3.8/site-packages/airflow/example_dags/example_branch_day_of_week_operator.py
[2021-11-16 11:43:00,460] {processor.py:637} INFO - DAG(s) dict_keys(['example_weekday_branch_operator']) retrieved from /home/ana/Documentos/airflowML/venv/lib/python3.8/site-packages/airflow/example_dags/example_branch_day_of_week_operator.py
[2021-11-16 11:43:00,471] {logging_mixin.py:109} INFO - [2021-11-16 11:43:00,470] {dag.py:2396} INFO - Sync 1 DAGs
[2021-11-16 11:43:00,491] {logging_mixin.py:109} INFO - [2021-11-16 11:43:00,491] {dag.py:2928} INFO - Setting next_dagrun for example_weekday_branch_operator to 2021-11-15 00:00:00+00:00
[2021-11-16 11:43:00,602] {processor.py:171} INFO - Processing /home/ana/Documentos/airflowML/venv/lib/python3.8/site-packages/airflow/example_dags/example_branch_day_of_week_operator.py took 0.193 seconds
[2021-11-16 11:44:00,563] {processor.py:163} INFO - Started process (PID=11919) to work on /home/ana/Documentos/airflowML/venv/lib/python3.8/site-packages/airflow/example_dags/example_branch_day_of_week_operator.py
[2021-11-16 11:44:00,576] {processor.py:625} INFO - Processing file /home/ana/Documentos/airflowML/venv/lib/python3.8/site-packages/airflow/example_dags/example_branch_day_of_week_operator.py for tasks to queue
[2021-11-16 11:44:00,577] {logging_mixin.py:109} INFO - [2021-11-16 11:44:00,576] {dagbag.py:500} INFO - Filling up the DagBag from /home/ana/Documentos/airflowML/venv/lib/python3.8/site-packages/airflow/example_dags/example_branch_day_of_week_operator.py
[2021-11-16 11:44:00,609] {processor.py:637} INFO - DAG(s) dict_keys(['example_weekday_branch_operator']) retrieved from /home/ana/Documentos/airflowML/venv/lib/python3.8/site-packages/airflow/example_dags/example_branch_day_of_week_operator.py
[2021-11-16 11:44:00,622] {logging_mixin.py:109} INFO - [2021-11-16 11:44:00,621] {dag.py:2396} INFO - Sync 1 DAGs
[2021-11-16 11:44:00,642] {logging_mixin.py:109} INFO - [2021-11-16 11:44:00,642] {dag.py:2928} INFO - Setting next_dagrun for example_weekday_branch_operator to 2021-11-15 00:00:00+00:00
[2021-11-16 11:44:00,729] {processor.py:171} INFO - Processing /home/ana/Documentos/airflowML/venv/lib/python3.8/site-packages/airflow/example_dags/example_branch_day_of_week_operator.py took 0.169 seconds
[2021-11-16 11:44:42,943] {processor.py:163} INFO - Started process (PID=11996) to work on /home/ana/Documentos/airflowML/venv/lib/python3.8/site-packages/airflow/example_dags/example_branch_day_of_week_operator.py
[2021-11-16 11:44:42,946] {processor.py:625} INFO - Processing file /home/ana/Documentos/airflowML/venv/lib/python3.8/site-packages/airflow/example_dags/example_branch_day_of_week_operator.py for tasks to queue
[2021-11-16 11:44:42,947] {logging_mixin.py:109} INFO - [2021-11-16 11:44:42,947] {dagbag.py:500} INFO - Filling up the DagBag from /home/ana/Documentos/airflowML/venv/lib/python3.8/site-packages/airflow/example_dags/example_branch_day_of_week_operator.py
[2021-11-16 11:44:42,976] {processor.py:637} INFO - DAG(s) dict_keys(['example_weekday_branch_operator']) retrieved from /home/ana/Documentos/airflowML/venv/lib/python3.8/site-packages/airflow/example_dags/example_branch_day_of_week_operator.py
[2021-11-16 11:44:42,988] {logging_mixin.py:109} INFO - [2021-11-16 11:44:42,988] {dag.py:2396} INFO - Sync 1 DAGs
[2021-11-16 11:44:43,011] {logging_mixin.py:109} INFO - [2021-11-16 11:44:43,011] {dag.py:2928} INFO - Setting next_dagrun for example_weekday_branch_operator to 2021-11-15 00:00:00+00:00
[2021-11-16 11:44:43,163] {processor.py:171} INFO - Processing /home/ana/Documentos/airflowML/venv/lib/python3.8/site-packages/airflow/example_dags/example_branch_day_of_week_operator.py took 0.223 seconds
[2021-11-16 11:45:41,336] {processor.py:163} INFO - Started process (PID=12099) to work on /home/ana/Documentos/airflowML/venv/lib/python3.8/site-packages/airflow/example_dags/example_branch_day_of_week_operator.py
[2021-11-16 11:45:41,338] {processor.py:625} INFO - Processing file /home/ana/Documentos/airflowML/venv/lib/python3.8/site-packages/airflow/example_dags/example_branch_day_of_week_operator.py for tasks to queue
[2021-11-16 11:45:41,339] {logging_mixin.py:109} INFO - [2021-11-16 11:45:41,339] {dagbag.py:500} INFO - Filling up the DagBag from /home/ana/Documentos/airflowML/venv/lib/python3.8/site-packages/airflow/example_dags/example_branch_day_of_week_operator.py
[2021-11-16 11:45:41,363] {processor.py:637} INFO - DAG(s) dict_keys(['example_weekday_branch_operator']) retrieved from /home/ana/Documentos/airflowML/venv/lib/python3.8/site-packages/airflow/example_dags/example_branch_day_of_week_operator.py
[2021-11-16 11:45:41,374] {logging_mixin.py:109} INFO - [2021-11-16 11:45:41,374] {dag.py:2396} INFO - Sync 1 DAGs
[2021-11-16 11:45:41,391] {logging_mixin.py:109} INFO - [2021-11-16 11:45:41,390] {dag.py:2928} INFO - Setting next_dagrun for example_weekday_branch_operator to 2021-11-15 00:00:00+00:00
[2021-11-16 11:45:41,502] {processor.py:171} INFO - Processing /home/ana/Documentos/airflowML/venv/lib/python3.8/site-packages/airflow/example_dags/example_branch_day_of_week_operator.py took 0.169 seconds
[2021-11-16 11:46:29,784] {processor.py:163} INFO - Started process (PID=12146) to work on /home/ana/Documentos/airflowML/venv/lib/python3.8/site-packages/airflow/example_dags/example_branch_day_of_week_operator.py
[2021-11-16 11:46:29,808] {processor.py:625} INFO - Processing file /home/ana/Documentos/airflowML/venv/lib/python3.8/site-packages/airflow/example_dags/example_branch_day_of_week_operator.py for tasks to queue
[2021-11-16 11:46:29,809] {logging_mixin.py:109} INFO - [2021-11-16 11:46:29,808] {dagbag.py:500} INFO - Filling up the DagBag from /home/ana/Documentos/airflowML/venv/lib/python3.8/site-packages/airflow/example_dags/example_branch_day_of_week_operator.py
[2021-11-16 11:46:29,858] {processor.py:637} INFO - DAG(s) dict_keys(['example_weekday_branch_operator']) retrieved from /home/ana/Documentos/airflowML/venv/lib/python3.8/site-packages/airflow/example_dags/example_branch_day_of_week_operator.py
[2021-11-16 11:46:29,875] {logging_mixin.py:109} INFO - [2021-11-16 11:46:29,875] {dag.py:2396} INFO - Sync 1 DAGs
[2021-11-16 11:46:29,895] {logging_mixin.py:109} INFO - [2021-11-16 11:46:29,895] {dag.py:2928} INFO - Setting next_dagrun for example_weekday_branch_operator to 2021-11-15 00:00:00+00:00
[2021-11-16 11:46:30,001] {processor.py:171} INFO - Processing /home/ana/Documentos/airflowML/venv/lib/python3.8/site-packages/airflow/example_dags/example_branch_day_of_week_operator.py took 0.220 seconds
[2021-11-16 11:47:17,581] {processor.py:163} INFO - Started process (PID=12213) to work on /home/ana/Documentos/airflowML/venv/lib/python3.8/site-packages/airflow/example_dags/example_branch_day_of_week_operator.py
[2021-11-16 11:47:17,583] {processor.py:625} INFO - Processing file /home/ana/Documentos/airflowML/venv/lib/python3.8/site-packages/airflow/example_dags/example_branch_day_of_week_operator.py for tasks to queue
[2021-11-16 11:47:17,584] {logging_mixin.py:109} INFO - [2021-11-16 11:47:17,584] {dagbag.py:500} INFO - Filling up the DagBag from /home/ana/Documentos/airflowML/venv/lib/python3.8/site-packages/airflow/example_dags/example_branch_day_of_week_operator.py
[2021-11-16 11:47:17,614] {processor.py:637} INFO - DAG(s) dict_keys(['example_weekday_branch_operator']) retrieved from /home/ana/Documentos/airflowML/venv/lib/python3.8/site-packages/airflow/example_dags/example_branch_day_of_week_operator.py
[2021-11-16 11:47:17,627] {logging_mixin.py:109} INFO - [2021-11-16 11:47:17,627] {dag.py:2396} INFO - Sync 1 DAGs
[2021-11-16 11:47:17,645] {logging_mixin.py:109} INFO - [2021-11-16 11:47:17,645] {dag.py:2928} INFO - Setting next_dagrun for example_weekday_branch_operator to 2021-11-15 00:00:00+00:00
[2021-11-16 11:47:17,724] {processor.py:171} INFO - Processing /home/ana/Documentos/airflowML/venv/lib/python3.8/site-packages/airflow/example_dags/example_branch_day_of_week_operator.py took 0.147 seconds
[2021-11-16 11:48:07,905] {processor.py:163} INFO - Started process (PID=12306) to work on /home/ana/Documentos/airflowML/venv/lib/python3.8/site-packages/airflow/example_dags/example_branch_day_of_week_operator.py
[2021-11-16 11:48:07,907] {processor.py:625} INFO - Processing file /home/ana/Documentos/airflowML/venv/lib/python3.8/site-packages/airflow/example_dags/example_branch_day_of_week_operator.py for tasks to queue
[2021-11-16 11:48:07,908] {logging_mixin.py:109} INFO - [2021-11-16 11:48:07,907] {dagbag.py:500} INFO - Filling up the DagBag from /home/ana/Documentos/airflowML/venv/lib/python3.8/site-packages/airflow/example_dags/example_branch_day_of_week_operator.py
[2021-11-16 11:48:08,016] {processor.py:637} INFO - DAG(s) dict_keys(['example_weekday_branch_operator']) retrieved from /home/ana/Documentos/airflowML/venv/lib/python3.8/site-packages/airflow/example_dags/example_branch_day_of_week_operator.py
[2021-11-16 11:48:08,031] {logging_mixin.py:109} INFO - [2021-11-16 11:48:08,031] {dag.py:2396} INFO - Sync 1 DAGs
[2021-11-16 11:48:08,052] {logging_mixin.py:109} INFO - [2021-11-16 11:48:08,052] {dag.py:2928} INFO - Setting next_dagrun for example_weekday_branch_operator to 2021-11-15 00:00:00+00:00
[2021-11-16 11:48:08,153] {processor.py:171} INFO - Processing /home/ana/Documentos/airflowML/venv/lib/python3.8/site-packages/airflow/example_dags/example_branch_day_of_week_operator.py took 0.252 seconds
[2021-11-16 11:49:04,393] {processor.py:163} INFO - Started process (PID=12393) to work on /home/ana/Documentos/airflowML/venv/lib/python3.8/site-packages/airflow/example_dags/example_branch_day_of_week_operator.py
[2021-11-16 11:49:04,403] {processor.py:625} INFO - Processing file /home/ana/Documentos/airflowML/venv/lib/python3.8/site-packages/airflow/example_dags/example_branch_day_of_week_operator.py for tasks to queue
[2021-11-16 11:49:04,405] {logging_mixin.py:109} INFO - [2021-11-16 11:49:04,405] {dagbag.py:500} INFO - Filling up the DagBag from /home/ana/Documentos/airflowML/venv/lib/python3.8/site-packages/airflow/example_dags/example_branch_day_of_week_operator.py
[2021-11-16 11:49:04,440] {processor.py:637} INFO - DAG(s) dict_keys(['example_weekday_branch_operator']) retrieved from /home/ana/Documentos/airflowML/venv/lib/python3.8/site-packages/airflow/example_dags/example_branch_day_of_week_operator.py
[2021-11-16 11:49:04,454] {logging_mixin.py:109} INFO - [2021-11-16 11:49:04,453] {dag.py:2396} INFO - Sync 1 DAGs
[2021-11-16 11:49:04,473] {logging_mixin.py:109} INFO - [2021-11-16 11:49:04,473] {dag.py:2928} INFO - Setting next_dagrun for example_weekday_branch_operator to 2021-11-15 00:00:00+00:00
[2021-11-16 11:49:04,611] {processor.py:171} INFO - Processing /home/ana/Documentos/airflowML/venv/lib/python3.8/site-packages/airflow/example_dags/example_branch_day_of_week_operator.py took 0.225 seconds
[2021-11-16 11:49:53,930] {processor.py:163} INFO - Started process (PID=12499) to work on /home/ana/Documentos/airflowML/venv/lib/python3.8/site-packages/airflow/example_dags/example_branch_day_of_week_operator.py
[2021-11-16 11:49:53,943] {processor.py:625} INFO - Processing file /home/ana/Documentos/airflowML/venv/lib/python3.8/site-packages/airflow/example_dags/example_branch_day_of_week_operator.py for tasks to queue
[2021-11-16 11:49:53,944] {logging_mixin.py:109} INFO - [2021-11-16 11:49:53,943] {dagbag.py:500} INFO - Filling up the DagBag from /home/ana/Documentos/airflowML/venv/lib/python3.8/site-packages/airflow/example_dags/example_branch_day_of_week_operator.py
[2021-11-16 11:49:53,968] {processor.py:637} INFO - DAG(s) dict_keys(['example_weekday_branch_operator']) retrieved from /home/ana/Documentos/airflowML/venv/lib/python3.8/site-packages/airflow/example_dags/example_branch_day_of_week_operator.py
[2021-11-16 11:49:53,980] {logging_mixin.py:109} INFO - [2021-11-16 11:49:53,979] {dag.py:2396} INFO - Sync 1 DAGs
[2021-11-16 11:49:53,997] {logging_mixin.py:109} INFO - [2021-11-16 11:49:53,997] {dag.py:2928} INFO - Setting next_dagrun for example_weekday_branch_operator to 2021-11-15 00:00:00+00:00
[2021-11-16 11:49:54,107] {processor.py:171} INFO - Processing /home/ana/Documentos/airflowML/venv/lib/python3.8/site-packages/airflow/example_dags/example_branch_day_of_week_operator.py took 0.180 seconds
[2021-11-16 11:50:43,702] {processor.py:163} INFO - Started process (PID=12606) to work on /home/ana/Documentos/airflowML/venv/lib/python3.8/site-packages/airflow/example_dags/example_branch_day_of_week_operator.py
[2021-11-16 11:50:43,726] {processor.py:625} INFO - Processing file /home/ana/Documentos/airflowML/venv/lib/python3.8/site-packages/airflow/example_dags/example_branch_day_of_week_operator.py for tasks to queue
[2021-11-16 11:50:43,726] {logging_mixin.py:109} INFO - [2021-11-16 11:50:43,726] {dagbag.py:500} INFO - Filling up the DagBag from /home/ana/Documentos/airflowML/venv/lib/python3.8/site-packages/airflow/example_dags/example_branch_day_of_week_operator.py
[2021-11-16 11:50:43,756] {processor.py:637} INFO - DAG(s) dict_keys(['example_weekday_branch_operator']) retrieved from /home/ana/Documentos/airflowML/venv/lib/python3.8/site-packages/airflow/example_dags/example_branch_day_of_week_operator.py
[2021-11-16 11:50:43,766] {logging_mixin.py:109} INFO - [2021-11-16 11:50:43,766] {dag.py:2396} INFO - Sync 1 DAGs
[2021-11-16 11:50:43,782] {logging_mixin.py:109} INFO - [2021-11-16 11:50:43,781] {dag.py:2928} INFO - Setting next_dagrun for example_weekday_branch_operator to 2021-11-15 00:00:00+00:00
[2021-11-16 11:50:43,867] {processor.py:171} INFO - Processing /home/ana/Documentos/airflowML/venv/lib/python3.8/site-packages/airflow/example_dags/example_branch_day_of_week_operator.py took 0.169 seconds
[2021-11-16 11:51:37,096] {processor.py:163} INFO - Started process (PID=12750) to work on /home/ana/Documentos/airflowML/venv/lib/python3.8/site-packages/airflow/example_dags/example_branch_day_of_week_operator.py
[2021-11-16 11:51:37,117] {processor.py:625} INFO - Processing file /home/ana/Documentos/airflowML/venv/lib/python3.8/site-packages/airflow/example_dags/example_branch_day_of_week_operator.py for tasks to queue
[2021-11-16 11:51:37,118] {logging_mixin.py:109} INFO - [2021-11-16 11:51:37,118] {dagbag.py:500} INFO - Filling up the DagBag from /home/ana/Documentos/airflowML/venv/lib/python3.8/site-packages/airflow/example_dags/example_branch_day_of_week_operator.py
[2021-11-16 11:51:37,140] {processor.py:637} INFO - DAG(s) dict_keys(['example_weekday_branch_operator']) retrieved from /home/ana/Documentos/airflowML/venv/lib/python3.8/site-packages/airflow/example_dags/example_branch_day_of_week_operator.py
[2021-11-16 11:51:37,150] {logging_mixin.py:109} INFO - [2021-11-16 11:51:37,150] {dag.py:2396} INFO - Sync 1 DAGs
[2021-11-16 11:51:37,165] {logging_mixin.py:109} INFO - [2021-11-16 11:51:37,165] {dag.py:2928} INFO - Setting next_dagrun for example_weekday_branch_operator to 2021-11-15 00:00:00+00:00
[2021-11-16 11:51:37,247] {processor.py:171} INFO - Processing /home/ana/Documentos/airflowML/venv/lib/python3.8/site-packages/airflow/example_dags/example_branch_day_of_week_operator.py took 0.154 seconds
[2021-11-16 11:52:18,601] {processor.py:163} INFO - Started process (PID=12849) to work on /home/ana/Documentos/airflowML/venv/lib/python3.8/site-packages/airflow/example_dags/example_branch_day_of_week_operator.py
[2021-11-16 11:52:18,603] {processor.py:625} INFO - Processing file /home/ana/Documentos/airflowML/venv/lib/python3.8/site-packages/airflow/example_dags/example_branch_day_of_week_operator.py for tasks to queue
[2021-11-16 11:52:18,604] {logging_mixin.py:109} INFO - [2021-11-16 11:52:18,603] {dagbag.py:500} INFO - Filling up the DagBag from /home/ana/Documentos/airflowML/venv/lib/python3.8/site-packages/airflow/example_dags/example_branch_day_of_week_operator.py
[2021-11-16 11:52:18,625] {processor.py:637} INFO - DAG(s) dict_keys(['example_weekday_branch_operator']) retrieved from /home/ana/Documentos/airflowML/venv/lib/python3.8/site-packages/airflow/example_dags/example_branch_day_of_week_operator.py
[2021-11-16 11:52:18,636] {logging_mixin.py:109} INFO - [2021-11-16 11:52:18,636] {dag.py:2396} INFO - Sync 1 DAGs
[2021-11-16 11:52:18,651] {logging_mixin.py:109} INFO - [2021-11-16 11:52:18,651] {dag.py:2928} INFO - Setting next_dagrun for example_weekday_branch_operator to 2021-11-15 00:00:00+00:00
[2021-11-16 11:52:18,749] {processor.py:171} INFO - Processing /home/ana/Documentos/airflowML/venv/lib/python3.8/site-packages/airflow/example_dags/example_branch_day_of_week_operator.py took 0.151 seconds
[2021-11-16 11:53:07,772] {processor.py:163} INFO - Started process (PID=12979) to work on /home/ana/Documentos/airflowML/venv/lib/python3.8/site-packages/airflow/example_dags/example_branch_day_of_week_operator.py
[2021-11-16 11:53:07,794] {processor.py:625} INFO - Processing file /home/ana/Documentos/airflowML/venv/lib/python3.8/site-packages/airflow/example_dags/example_branch_day_of_week_operator.py for tasks to queue
[2021-11-16 11:53:07,795] {logging_mixin.py:109} INFO - [2021-11-16 11:53:07,795] {dagbag.py:500} INFO - Filling up the DagBag from /home/ana/Documentos/airflowML/venv/lib/python3.8/site-packages/airflow/example_dags/example_branch_day_of_week_operator.py
[2021-11-16 11:53:07,817] {processor.py:637} INFO - DAG(s) dict_keys(['example_weekday_branch_operator']) retrieved from /home/ana/Documentos/airflowML/venv/lib/python3.8/site-packages/airflow/example_dags/example_branch_day_of_week_operator.py
[2021-11-16 11:53:07,828] {logging_mixin.py:109} INFO - [2021-11-16 11:53:07,828] {dag.py:2396} INFO - Sync 1 DAGs
[2021-11-16 11:53:07,843] {logging_mixin.py:109} INFO - [2021-11-16 11:53:07,843] {dag.py:2928} INFO - Setting next_dagrun for example_weekday_branch_operator to 2021-11-15 00:00:00+00:00
[2021-11-16 11:53:07,953] {processor.py:171} INFO - Processing /home/ana/Documentos/airflowML/venv/lib/python3.8/site-packages/airflow/example_dags/example_branch_day_of_week_operator.py took 0.183 seconds
[2021-11-16 11:53:58,814] {processor.py:163} INFO - Started process (PID=13109) to work on /home/ana/Documentos/airflowML/venv/lib/python3.8/site-packages/airflow/example_dags/example_branch_day_of_week_operator.py
[2021-11-16 11:53:58,828] {processor.py:625} INFO - Processing file /home/ana/Documentos/airflowML/venv/lib/python3.8/site-packages/airflow/example_dags/example_branch_day_of_week_operator.py for tasks to queue
[2021-11-16 11:53:58,829] {logging_mixin.py:109} INFO - [2021-11-16 11:53:58,829] {dagbag.py:500} INFO - Filling up the DagBag from /home/ana/Documentos/airflowML/venv/lib/python3.8/site-packages/airflow/example_dags/example_branch_day_of_week_operator.py
[2021-11-16 11:53:58,852] {processor.py:637} INFO - DAG(s) dict_keys(['example_weekday_branch_operator']) retrieved from /home/ana/Documentos/airflowML/venv/lib/python3.8/site-packages/airflow/example_dags/example_branch_day_of_week_operator.py
[2021-11-16 11:53:58,863] {logging_mixin.py:109} INFO - [2021-11-16 11:53:58,863] {dag.py:2396} INFO - Sync 1 DAGs
[2021-11-16 11:53:58,879] {logging_mixin.py:109} INFO - [2021-11-16 11:53:58,879] {dag.py:2928} INFO - Setting next_dagrun for example_weekday_branch_operator to 2021-11-15 00:00:00+00:00
[2021-11-16 11:53:58,986] {processor.py:171} INFO - Processing /home/ana/Documentos/airflowML/venv/lib/python3.8/site-packages/airflow/example_dags/example_branch_day_of_week_operator.py took 0.175 seconds
[2021-11-16 11:54:48,351] {processor.py:163} INFO - Started process (PID=13218) to work on /home/ana/Documentos/airflowML/venv/lib/python3.8/site-packages/airflow/example_dags/example_branch_day_of_week_operator.py
[2021-11-16 11:54:48,353] {processor.py:625} INFO - Processing file /home/ana/Documentos/airflowML/venv/lib/python3.8/site-packages/airflow/example_dags/example_branch_day_of_week_operator.py for tasks to queue
[2021-11-16 11:54:48,354] {logging_mixin.py:109} INFO - [2021-11-16 11:54:48,354] {dagbag.py:500} INFO - Filling up the DagBag from /home/ana/Documentos/airflowML/venv/lib/python3.8/site-packages/airflow/example_dags/example_branch_day_of_week_operator.py
[2021-11-16 11:54:48,381] {processor.py:637} INFO - DAG(s) dict_keys(['example_weekday_branch_operator']) retrieved from /home/ana/Documentos/airflowML/venv/lib/python3.8/site-packages/airflow/example_dags/example_branch_day_of_week_operator.py
[2021-11-16 11:54:48,393] {logging_mixin.py:109} INFO - [2021-11-16 11:54:48,393] {dag.py:2396} INFO - Sync 1 DAGs
[2021-11-16 11:54:48,411] {logging_mixin.py:109} INFO - [2021-11-16 11:54:48,411] {dag.py:2928} INFO - Setting next_dagrun for example_weekday_branch_operator to 2021-11-15 00:00:00+00:00
[2021-11-16 11:54:48,485] {processor.py:171} INFO - Processing /home/ana/Documentos/airflowML/venv/lib/python3.8/site-packages/airflow/example_dags/example_branch_day_of_week_operator.py took 0.136 seconds
[2021-11-16 11:55:32,633] {processor.py:163} INFO - Started process (PID=13306) to work on /home/ana/Documentos/airflowML/venv/lib/python3.8/site-packages/airflow/example_dags/example_branch_day_of_week_operator.py
[2021-11-16 11:55:32,635] {processor.py:625} INFO - Processing file /home/ana/Documentos/airflowML/venv/lib/python3.8/site-packages/airflow/example_dags/example_branch_day_of_week_operator.py for tasks to queue
[2021-11-16 11:55:32,635] {logging_mixin.py:109} INFO - [2021-11-16 11:55:32,635] {dagbag.py:500} INFO - Filling up the DagBag from /home/ana/Documentos/airflowML/venv/lib/python3.8/site-packages/airflow/example_dags/example_branch_day_of_week_operator.py
[2021-11-16 11:55:32,663] {processor.py:637} INFO - DAG(s) dict_keys(['example_weekday_branch_operator']) retrieved from /home/ana/Documentos/airflowML/venv/lib/python3.8/site-packages/airflow/example_dags/example_branch_day_of_week_operator.py
[2021-11-16 11:55:32,674] {logging_mixin.py:109} INFO - [2021-11-16 11:55:32,674] {dag.py:2396} INFO - Sync 1 DAGs
[2021-11-16 11:55:32,693] {logging_mixin.py:109} INFO - [2021-11-16 11:55:32,693] {dag.py:2928} INFO - Setting next_dagrun for example_weekday_branch_operator to 2021-11-15 00:00:00+00:00
[2021-11-16 11:55:32,774] {processor.py:171} INFO - Processing /home/ana/Documentos/airflowML/venv/lib/python3.8/site-packages/airflow/example_dags/example_branch_day_of_week_operator.py took 0.144 seconds
[2021-11-16 11:56:18,321] {processor.py:163} INFO - Started process (PID=13411) to work on /home/ana/Documentos/airflowML/venv/lib/python3.8/site-packages/airflow/example_dags/example_branch_day_of_week_operator.py
[2021-11-16 11:56:18,323] {processor.py:625} INFO - Processing file /home/ana/Documentos/airflowML/venv/lib/python3.8/site-packages/airflow/example_dags/example_branch_day_of_week_operator.py for tasks to queue
[2021-11-16 11:56:18,324] {logging_mixin.py:109} INFO - [2021-11-16 11:56:18,324] {dagbag.py:500} INFO - Filling up the DagBag from /home/ana/Documentos/airflowML/venv/lib/python3.8/site-packages/airflow/example_dags/example_branch_day_of_week_operator.py
[2021-11-16 11:56:18,355] {processor.py:637} INFO - DAG(s) dict_keys(['example_weekday_branch_operator']) retrieved from /home/ana/Documentos/airflowML/venv/lib/python3.8/site-packages/airflow/example_dags/example_branch_day_of_week_operator.py
[2021-11-16 11:56:18,367] {logging_mixin.py:109} INFO - [2021-11-16 11:56:18,367] {dag.py:2396} INFO - Sync 1 DAGs
[2021-11-16 11:56:18,388] {logging_mixin.py:109} INFO - [2021-11-16 11:56:18,388] {dag.py:2928} INFO - Setting next_dagrun for example_weekday_branch_operator to 2021-11-15 00:00:00+00:00
[2021-11-16 11:56:18,459] {processor.py:171} INFO - Processing /home/ana/Documentos/airflowML/venv/lib/python3.8/site-packages/airflow/example_dags/example_branch_day_of_week_operator.py took 0.142 seconds
[2021-11-16 11:58:30,523] {processor.py:163} INFO - Started process (PID=13755) to work on /home/ana/Documentos/airflowML/venv/lib/python3.8/site-packages/airflow/example_dags/example_branch_day_of_week_operator.py
[2021-11-16 11:58:30,524] {processor.py:625} INFO - Processing file /home/ana/Documentos/airflowML/venv/lib/python3.8/site-packages/airflow/example_dags/example_branch_day_of_week_operator.py for tasks to queue
[2021-11-16 11:58:30,525] {logging_mixin.py:109} INFO - [2021-11-16 11:58:30,525] {dagbag.py:500} INFO - Filling up the DagBag from /home/ana/Documentos/airflowML/venv/lib/python3.8/site-packages/airflow/example_dags/example_branch_day_of_week_operator.py
[2021-11-16 11:58:30,549] {processor.py:637} INFO - DAG(s) dict_keys(['example_weekday_branch_operator']) retrieved from /home/ana/Documentos/airflowML/venv/lib/python3.8/site-packages/airflow/example_dags/example_branch_day_of_week_operator.py
[2021-11-16 11:58:30,561] {logging_mixin.py:109} INFO - [2021-11-16 11:58:30,560] {dag.py:2396} INFO - Sync 1 DAGs
[2021-11-16 11:58:30,581] {logging_mixin.py:109} INFO - [2021-11-16 11:58:30,581] {dag.py:2928} INFO - Setting next_dagrun for example_weekday_branch_operator to 2021-11-15 00:00:00+00:00
[2021-11-16 11:58:30,696] {processor.py:171} INFO - Processing /home/ana/Documentos/airflowML/venv/lib/python3.8/site-packages/airflow/example_dags/example_branch_day_of_week_operator.py took 0.178 seconds
[2021-11-16 11:59:12,570] {processor.py:163} INFO - Started process (PID=13846) to work on /home/ana/Documentos/airflowML/venv/lib/python3.8/site-packages/airflow/example_dags/example_branch_day_of_week_operator.py
[2021-11-16 11:59:12,572] {processor.py:625} INFO - Processing file /home/ana/Documentos/airflowML/venv/lib/python3.8/site-packages/airflow/example_dags/example_branch_day_of_week_operator.py for tasks to queue
[2021-11-16 11:59:12,572] {logging_mixin.py:109} INFO - [2021-11-16 11:59:12,572] {dagbag.py:500} INFO - Filling up the DagBag from /home/ana/Documentos/airflowML/venv/lib/python3.8/site-packages/airflow/example_dags/example_branch_day_of_week_operator.py
[2021-11-16 11:59:12,596] {processor.py:637} INFO - DAG(s) dict_keys(['example_weekday_branch_operator']) retrieved from /home/ana/Documentos/airflowML/venv/lib/python3.8/site-packages/airflow/example_dags/example_branch_day_of_week_operator.py
[2021-11-16 11:59:12,607] {logging_mixin.py:109} INFO - [2021-11-16 11:59:12,607] {dag.py:2396} INFO - Sync 1 DAGs
[2021-11-16 11:59:12,623] {logging_mixin.py:109} INFO - [2021-11-16 11:59:12,623] {dag.py:2928} INFO - Setting next_dagrun for example_weekday_branch_operator to 2021-11-15 00:00:00+00:00
[2021-11-16 11:59:12,719] {processor.py:171} INFO - Processing /home/ana/Documentos/airflowML/venv/lib/python3.8/site-packages/airflow/example_dags/example_branch_day_of_week_operator.py took 0.151 seconds
[2021-11-16 12:00:20,039] {processor.py:163} INFO - Started process (PID=13973) to work on /home/ana/Documentos/airflowML/venv/lib/python3.8/site-packages/airflow/example_dags/example_branch_day_of_week_operator.py
[2021-11-16 12:00:20,094] {processor.py:625} INFO - Processing file /home/ana/Documentos/airflowML/venv/lib/python3.8/site-packages/airflow/example_dags/example_branch_day_of_week_operator.py for tasks to queue
[2021-11-16 12:00:20,095] {logging_mixin.py:109} INFO - [2021-11-16 12:00:20,095] {dagbag.py:500} INFO - Filling up the DagBag from /home/ana/Documentos/airflowML/venv/lib/python3.8/site-packages/airflow/example_dags/example_branch_day_of_week_operator.py
[2021-11-16 12:00:20,126] {processor.py:637} INFO - DAG(s) dict_keys(['example_weekday_branch_operator']) retrieved from /home/ana/Documentos/airflowML/venv/lib/python3.8/site-packages/airflow/example_dags/example_branch_day_of_week_operator.py
[2021-11-16 12:00:20,144] {logging_mixin.py:109} INFO - [2021-11-16 12:00:20,144] {dag.py:2396} INFO - Sync 1 DAGs
[2021-11-16 12:00:20,176] {logging_mixin.py:109} INFO - [2021-11-16 12:00:20,176] {dag.py:2928} INFO - Setting next_dagrun for example_weekday_branch_operator to 2021-11-15 00:00:00+00:00
[2021-11-16 12:00:20,335] {processor.py:171} INFO - Processing /home/ana/Documentos/airflowML/venv/lib/python3.8/site-packages/airflow/example_dags/example_branch_day_of_week_operator.py took 0.301 seconds
[2021-11-16 12:01:07,643] {processor.py:163} INFO - Started process (PID=14047) to work on /home/ana/Documentos/airflowML/venv/lib/python3.8/site-packages/airflow/example_dags/example_branch_day_of_week_operator.py
[2021-11-16 12:01:07,645] {processor.py:625} INFO - Processing file /home/ana/Documentos/airflowML/venv/lib/python3.8/site-packages/airflow/example_dags/example_branch_day_of_week_operator.py for tasks to queue
[2021-11-16 12:01:07,646] {logging_mixin.py:109} INFO - [2021-11-16 12:01:07,646] {dagbag.py:500} INFO - Filling up the DagBag from /home/ana/Documentos/airflowML/venv/lib/python3.8/site-packages/airflow/example_dags/example_branch_day_of_week_operator.py
[2021-11-16 12:01:07,670] {processor.py:637} INFO - DAG(s) dict_keys(['example_weekday_branch_operator']) retrieved from /home/ana/Documentos/airflowML/venv/lib/python3.8/site-packages/airflow/example_dags/example_branch_day_of_week_operator.py
[2021-11-16 12:01:07,681] {logging_mixin.py:109} INFO - [2021-11-16 12:01:07,681] {dag.py:2396} INFO - Sync 1 DAGs
[2021-11-16 12:01:07,698] {logging_mixin.py:109} INFO - [2021-11-16 12:01:07,698] {dag.py:2928} INFO - Setting next_dagrun for example_weekday_branch_operator to 2021-11-15 00:00:00+00:00
[2021-11-16 12:01:07,780] {processor.py:171} INFO - Processing /home/ana/Documentos/airflowML/venv/lib/python3.8/site-packages/airflow/example_dags/example_branch_day_of_week_operator.py took 0.140 seconds
[2021-11-16 12:02:23,559] {processor.py:163} INFO - Started process (PID=14153) to work on /home/ana/Documentos/airflowML/venv/lib/python3.8/site-packages/airflow/example_dags/example_branch_day_of_week_operator.py
[2021-11-16 12:02:23,561] {processor.py:625} INFO - Processing file /home/ana/Documentos/airflowML/venv/lib/python3.8/site-packages/airflow/example_dags/example_branch_day_of_week_operator.py for tasks to queue
[2021-11-16 12:02:23,562] {logging_mixin.py:109} INFO - [2021-11-16 12:02:23,562] {dagbag.py:500} INFO - Filling up the DagBag from /home/ana/Documentos/airflowML/venv/lib/python3.8/site-packages/airflow/example_dags/example_branch_day_of_week_operator.py
[2021-11-16 12:02:23,588] {processor.py:637} INFO - DAG(s) dict_keys(['example_weekday_branch_operator']) retrieved from /home/ana/Documentos/airflowML/venv/lib/python3.8/site-packages/airflow/example_dags/example_branch_day_of_week_operator.py
[2021-11-16 12:02:23,602] {logging_mixin.py:109} INFO - [2021-11-16 12:02:23,602] {dag.py:2396} INFO - Sync 1 DAGs
[2021-11-16 12:02:23,623] {logging_mixin.py:109} INFO - [2021-11-16 12:02:23,623] {dag.py:2928} INFO - Setting next_dagrun for example_weekday_branch_operator to 2021-11-15 00:00:00+00:00
[2021-11-16 12:02:23,711] {processor.py:171} INFO - Processing /home/ana/Documentos/airflowML/venv/lib/python3.8/site-packages/airflow/example_dags/example_branch_day_of_week_operator.py took 0.155 seconds
[2021-11-16 12:04:04,392] {processor.py:163} INFO - Started process (PID=14344) to work on /home/ana/Documentos/airflowML/venv/lib/python3.8/site-packages/airflow/example_dags/example_branch_day_of_week_operator.py
[2021-11-16 12:04:04,394] {processor.py:625} INFO - Processing file /home/ana/Documentos/airflowML/venv/lib/python3.8/site-packages/airflow/example_dags/example_branch_day_of_week_operator.py for tasks to queue
[2021-11-16 12:04:04,394] {logging_mixin.py:109} INFO - [2021-11-16 12:04:04,394] {dagbag.py:500} INFO - Filling up the DagBag from /home/ana/Documentos/airflowML/venv/lib/python3.8/site-packages/airflow/example_dags/example_branch_day_of_week_operator.py
[2021-11-16 12:04:04,416] {processor.py:637} INFO - DAG(s) dict_keys(['example_weekday_branch_operator']) retrieved from /home/ana/Documentos/airflowML/venv/lib/python3.8/site-packages/airflow/example_dags/example_branch_day_of_week_operator.py
[2021-11-16 12:04:04,426] {logging_mixin.py:109} INFO - [2021-11-16 12:04:04,426] {dag.py:2396} INFO - Sync 1 DAGs
[2021-11-16 12:04:04,441] {logging_mixin.py:109} INFO - [2021-11-16 12:04:04,441] {dag.py:2928} INFO - Setting next_dagrun for example_weekday_branch_operator to 2021-11-15 00:00:00+00:00
[2021-11-16 12:04:04,515] {processor.py:171} INFO - Processing /home/ana/Documentos/airflowML/venv/lib/python3.8/site-packages/airflow/example_dags/example_branch_day_of_week_operator.py took 0.128 seconds
[2021-11-16 12:04:58,437] {processor.py:163} INFO - Started process (PID=14463) to work on /home/ana/Documentos/airflowML/venv/lib/python3.8/site-packages/airflow/example_dags/example_branch_day_of_week_operator.py
[2021-11-16 12:04:58,439] {processor.py:625} INFO - Processing file /home/ana/Documentos/airflowML/venv/lib/python3.8/site-packages/airflow/example_dags/example_branch_day_of_week_operator.py for tasks to queue
[2021-11-16 12:04:58,440] {logging_mixin.py:109} INFO - [2021-11-16 12:04:58,440] {dagbag.py:500} INFO - Filling up the DagBag from /home/ana/Documentos/airflowML/venv/lib/python3.8/site-packages/airflow/example_dags/example_branch_day_of_week_operator.py
[2021-11-16 12:04:58,469] {processor.py:637} INFO - DAG(s) dict_keys(['example_weekday_branch_operator']) retrieved from /home/ana/Documentos/airflowML/venv/lib/python3.8/site-packages/airflow/example_dags/example_branch_day_of_week_operator.py
[2021-11-16 12:04:58,484] {logging_mixin.py:109} INFO - [2021-11-16 12:04:58,484] {dag.py:2396} INFO - Sync 1 DAGs
[2021-11-16 12:04:58,507] {logging_mixin.py:109} INFO - [2021-11-16 12:04:58,507] {dag.py:2928} INFO - Setting next_dagrun for example_weekday_branch_operator to 2021-11-15 00:00:00+00:00
[2021-11-16 12:04:58,611] {processor.py:171} INFO - Processing /home/ana/Documentos/airflowML/venv/lib/python3.8/site-packages/airflow/example_dags/example_branch_day_of_week_operator.py took 0.178 seconds
[2021-11-16 12:05:40,293] {processor.py:163} INFO - Started process (PID=14550) to work on /home/ana/Documentos/airflowML/venv/lib/python3.8/site-packages/airflow/example_dags/example_branch_day_of_week_operator.py
[2021-11-16 12:05:40,294] {processor.py:625} INFO - Processing file /home/ana/Documentos/airflowML/venv/lib/python3.8/site-packages/airflow/example_dags/example_branch_day_of_week_operator.py for tasks to queue
[2021-11-16 12:05:40,295] {logging_mixin.py:109} INFO - [2021-11-16 12:05:40,295] {dagbag.py:500} INFO - Filling up the DagBag from /home/ana/Documentos/airflowML/venv/lib/python3.8/site-packages/airflow/example_dags/example_branch_day_of_week_operator.py
[2021-11-16 12:05:40,317] {processor.py:637} INFO - DAG(s) dict_keys(['example_weekday_branch_operator']) retrieved from /home/ana/Documentos/airflowML/venv/lib/python3.8/site-packages/airflow/example_dags/example_branch_day_of_week_operator.py
[2021-11-16 12:05:40,327] {logging_mixin.py:109} INFO - [2021-11-16 12:05:40,327] {dag.py:2396} INFO - Sync 1 DAGs
[2021-11-16 12:05:40,342] {logging_mixin.py:109} INFO - [2021-11-16 12:05:40,342] {dag.py:2928} INFO - Setting next_dagrun for example_weekday_branch_operator to 2021-11-15 00:00:00+00:00
[2021-11-16 12:05:40,416] {processor.py:171} INFO - Processing /home/ana/Documentos/airflowML/venv/lib/python3.8/site-packages/airflow/example_dags/example_branch_day_of_week_operator.py took 0.127 seconds
[2021-11-16 12:06:23,094] {processor.py:163} INFO - Started process (PID=14638) to work on /home/ana/Documentos/airflowML/venv/lib/python3.8/site-packages/airflow/example_dags/example_branch_day_of_week_operator.py
[2021-11-16 12:06:23,096] {processor.py:625} INFO - Processing file /home/ana/Documentos/airflowML/venv/lib/python3.8/site-packages/airflow/example_dags/example_branch_day_of_week_operator.py for tasks to queue
[2021-11-16 12:06:23,097] {logging_mixin.py:109} INFO - [2021-11-16 12:06:23,097] {dagbag.py:500} INFO - Filling up the DagBag from /home/ana/Documentos/airflowML/venv/lib/python3.8/site-packages/airflow/example_dags/example_branch_day_of_week_operator.py
[2021-11-16 12:06:23,121] {processor.py:637} INFO - DAG(s) dict_keys(['example_weekday_branch_operator']) retrieved from /home/ana/Documentos/airflowML/venv/lib/python3.8/site-packages/airflow/example_dags/example_branch_day_of_week_operator.py
[2021-11-16 12:06:23,132] {logging_mixin.py:109} INFO - [2021-11-16 12:06:23,132] {dag.py:2396} INFO - Sync 1 DAGs
[2021-11-16 12:06:23,149] {logging_mixin.py:109} INFO - [2021-11-16 12:06:23,149] {dag.py:2928} INFO - Setting next_dagrun for example_weekday_branch_operator to 2021-11-15 00:00:00+00:00
[2021-11-16 12:06:23,227] {processor.py:171} INFO - Processing /home/ana/Documentos/airflowML/venv/lib/python3.8/site-packages/airflow/example_dags/example_branch_day_of_week_operator.py took 0.136 seconds
[2021-11-16 12:07:12,128] {processor.py:163} INFO - Started process (PID=14740) to work on /home/ana/Documentos/airflowML/venv/lib/python3.8/site-packages/airflow/example_dags/example_branch_day_of_week_operator.py
[2021-11-16 12:07:12,129] {processor.py:625} INFO - Processing file /home/ana/Documentos/airflowML/venv/lib/python3.8/site-packages/airflow/example_dags/example_branch_day_of_week_operator.py for tasks to queue
[2021-11-16 12:07:12,130] {logging_mixin.py:109} INFO - [2021-11-16 12:07:12,130] {dagbag.py:500} INFO - Filling up the DagBag from /home/ana/Documentos/airflowML/venv/lib/python3.8/site-packages/airflow/example_dags/example_branch_day_of_week_operator.py
[2021-11-16 12:07:12,154] {processor.py:637} INFO - DAG(s) dict_keys(['example_weekday_branch_operator']) retrieved from /home/ana/Documentos/airflowML/venv/lib/python3.8/site-packages/airflow/example_dags/example_branch_day_of_week_operator.py
[2021-11-16 12:07:12,164] {logging_mixin.py:109} INFO - [2021-11-16 12:07:12,164] {dag.py:2396} INFO - Sync 1 DAGs
[2021-11-16 12:07:12,181] {logging_mixin.py:109} INFO - [2021-11-16 12:07:12,180] {dag.py:2928} INFO - Setting next_dagrun for example_weekday_branch_operator to 2021-11-15 00:00:00+00:00
[2021-11-16 12:07:12,253] {processor.py:171} INFO - Processing /home/ana/Documentos/airflowML/venv/lib/python3.8/site-packages/airflow/example_dags/example_branch_day_of_week_operator.py took 0.129 seconds
[2021-11-16 12:07:59,606] {processor.py:163} INFO - Started process (PID=14831) to work on /home/ana/Documentos/airflowML/venv/lib/python3.8/site-packages/airflow/example_dags/example_branch_day_of_week_operator.py
[2021-11-16 12:07:59,608] {processor.py:625} INFO - Processing file /home/ana/Documentos/airflowML/venv/lib/python3.8/site-packages/airflow/example_dags/example_branch_day_of_week_operator.py for tasks to queue
[2021-11-16 12:07:59,609] {logging_mixin.py:109} INFO - [2021-11-16 12:07:59,608] {dagbag.py:500} INFO - Filling up the DagBag from /home/ana/Documentos/airflowML/venv/lib/python3.8/site-packages/airflow/example_dags/example_branch_day_of_week_operator.py
[2021-11-16 12:07:59,631] {processor.py:637} INFO - DAG(s) dict_keys(['example_weekday_branch_operator']) retrieved from /home/ana/Documentos/airflowML/venv/lib/python3.8/site-packages/airflow/example_dags/example_branch_day_of_week_operator.py
[2021-11-16 12:07:59,641] {logging_mixin.py:109} INFO - [2021-11-16 12:07:59,641] {dag.py:2396} INFO - Sync 1 DAGs
[2021-11-16 12:07:59,657] {logging_mixin.py:109} INFO - [2021-11-16 12:07:59,656] {dag.py:2928} INFO - Setting next_dagrun for example_weekday_branch_operator to 2021-11-15 00:00:00+00:00
[2021-11-16 12:07:59,729] {processor.py:171} INFO - Processing /home/ana/Documentos/airflowML/venv/lib/python3.8/site-packages/airflow/example_dags/example_branch_day_of_week_operator.py took 0.126 seconds
[2021-11-16 12:08:56,455] {processor.py:163} INFO - Started process (PID=14934) to work on /home/ana/Documentos/airflowML/venv/lib/python3.8/site-packages/airflow/example_dags/example_branch_day_of_week_operator.py
[2021-11-16 12:08:56,457] {processor.py:625} INFO - Processing file /home/ana/Documentos/airflowML/venv/lib/python3.8/site-packages/airflow/example_dags/example_branch_day_of_week_operator.py for tasks to queue
[2021-11-16 12:08:56,458] {logging_mixin.py:109} INFO - [2021-11-16 12:08:56,457] {dagbag.py:500} INFO - Filling up the DagBag from /home/ana/Documentos/airflowML/venv/lib/python3.8/site-packages/airflow/example_dags/example_branch_day_of_week_operator.py
[2021-11-16 12:08:56,494] {processor.py:637} INFO - DAG(s) dict_keys(['example_weekday_branch_operator']) retrieved from /home/ana/Documentos/airflowML/venv/lib/python3.8/site-packages/airflow/example_dags/example_branch_day_of_week_operator.py
[2021-11-16 12:08:56,509] {logging_mixin.py:109} INFO - [2021-11-16 12:08:56,508] {dag.py:2396} INFO - Sync 1 DAGs
[2021-11-16 12:08:56,534] {logging_mixin.py:109} INFO - [2021-11-16 12:08:56,534] {dag.py:2928} INFO - Setting next_dagrun for example_weekday_branch_operator to 2021-11-15 00:00:00+00:00
[2021-11-16 12:08:56,611] {processor.py:171} INFO - Processing /home/ana/Documentos/airflowML/venv/lib/python3.8/site-packages/airflow/example_dags/example_branch_day_of_week_operator.py took 0.162 seconds
[2021-11-16 12:09:38,833] {processor.py:163} INFO - Started process (PID=14974) to work on /home/ana/Documentos/airflowML/venv/lib/python3.8/site-packages/airflow/example_dags/example_branch_day_of_week_operator.py
[2021-11-16 12:09:38,834] {processor.py:625} INFO - Processing file /home/ana/Documentos/airflowML/venv/lib/python3.8/site-packages/airflow/example_dags/example_branch_day_of_week_operator.py for tasks to queue
[2021-11-16 12:09:38,835] {logging_mixin.py:109} INFO - [2021-11-16 12:09:38,835] {dagbag.py:500} INFO - Filling up the DagBag from /home/ana/Documentos/airflowML/venv/lib/python3.8/site-packages/airflow/example_dags/example_branch_day_of_week_operator.py
[2021-11-16 12:09:38,857] {processor.py:637} INFO - DAG(s) dict_keys(['example_weekday_branch_operator']) retrieved from /home/ana/Documentos/airflowML/venv/lib/python3.8/site-packages/airflow/example_dags/example_branch_day_of_week_operator.py
[2021-11-16 12:09:38,867] {logging_mixin.py:109} INFO - [2021-11-16 12:09:38,867] {dag.py:2396} INFO - Sync 1 DAGs
[2021-11-16 12:09:38,882] {logging_mixin.py:109} INFO - [2021-11-16 12:09:38,882] {dag.py:2928} INFO - Setting next_dagrun for example_weekday_branch_operator to 2021-11-15 00:00:00+00:00
[2021-11-16 12:09:38,954] {processor.py:171} INFO - Processing /home/ana/Documentos/airflowML/venv/lib/python3.8/site-packages/airflow/example_dags/example_branch_day_of_week_operator.py took 0.126 seconds
[2021-11-16 12:10:25,992] {processor.py:163} INFO - Started process (PID=15025) to work on /home/ana/Documentos/airflowML/venv/lib/python3.8/site-packages/airflow/example_dags/example_branch_day_of_week_operator.py
[2021-11-16 12:10:25,993] {processor.py:625} INFO - Processing file /home/ana/Documentos/airflowML/venv/lib/python3.8/site-packages/airflow/example_dags/example_branch_day_of_week_operator.py for tasks to queue
[2021-11-16 12:10:25,994] {logging_mixin.py:109} INFO - [2021-11-16 12:10:25,994] {dagbag.py:500} INFO - Filling up the DagBag from /home/ana/Documentos/airflowML/venv/lib/python3.8/site-packages/airflow/example_dags/example_branch_day_of_week_operator.py
[2021-11-16 12:10:26,017] {processor.py:637} INFO - DAG(s) dict_keys(['example_weekday_branch_operator']) retrieved from /home/ana/Documentos/airflowML/venv/lib/python3.8/site-packages/airflow/example_dags/example_branch_day_of_week_operator.py
[2021-11-16 12:10:26,027] {logging_mixin.py:109} INFO - [2021-11-16 12:10:26,027] {dag.py:2396} INFO - Sync 1 DAGs
[2021-11-16 12:10:26,042] {logging_mixin.py:109} INFO - [2021-11-16 12:10:26,042] {dag.py:2928} INFO - Setting next_dagrun for example_weekday_branch_operator to 2021-11-15 00:00:00+00:00
[2021-11-16 12:10:26,124] {processor.py:171} INFO - Processing /home/ana/Documentos/airflowML/venv/lib/python3.8/site-packages/airflow/example_dags/example_branch_day_of_week_operator.py took 0.137 seconds
[2021-11-16 12:11:14,505] {processor.py:163} INFO - Started process (PID=15088) to work on /home/ana/Documentos/airflowML/venv/lib/python3.8/site-packages/airflow/example_dags/example_branch_day_of_week_operator.py
[2021-11-16 12:11:14,524] {processor.py:625} INFO - Processing file /home/ana/Documentos/airflowML/venv/lib/python3.8/site-packages/airflow/example_dags/example_branch_day_of_week_operator.py for tasks to queue
[2021-11-16 12:11:14,524] {logging_mixin.py:109} INFO - [2021-11-16 12:11:14,524] {dagbag.py:500} INFO - Filling up the DagBag from /home/ana/Documentos/airflowML/venv/lib/python3.8/site-packages/airflow/example_dags/example_branch_day_of_week_operator.py
[2021-11-16 12:11:14,550] {processor.py:637} INFO - DAG(s) dict_keys(['example_weekday_branch_operator']) retrieved from /home/ana/Documentos/airflowML/venv/lib/python3.8/site-packages/airflow/example_dags/example_branch_day_of_week_operator.py
[2021-11-16 12:11:14,562] {logging_mixin.py:109} INFO - [2021-11-16 12:11:14,562] {dag.py:2396} INFO - Sync 1 DAGs
[2021-11-16 12:11:14,580] {logging_mixin.py:109} INFO - [2021-11-16 12:11:14,580] {dag.py:2928} INFO - Setting next_dagrun for example_weekday_branch_operator to 2021-11-15 00:00:00+00:00
[2021-11-16 12:11:14,729] {processor.py:171} INFO - Processing /home/ana/Documentos/airflowML/venv/lib/python3.8/site-packages/airflow/example_dags/example_branch_day_of_week_operator.py took 0.227 seconds
[2021-11-16 12:12:06,956] {processor.py:163} INFO - Started process (PID=15875) to work on /home/ana/Documentos/airflowML/venv/lib/python3.8/site-packages/airflow/example_dags/example_branch_day_of_week_operator.py
[2021-11-16 12:12:06,958] {processor.py:625} INFO - Processing file /home/ana/Documentos/airflowML/venv/lib/python3.8/site-packages/airflow/example_dags/example_branch_day_of_week_operator.py for tasks to queue
[2021-11-16 12:12:06,958] {logging_mixin.py:109} INFO - [2021-11-16 12:12:06,958] {dagbag.py:500} INFO - Filling up the DagBag from /home/ana/Documentos/airflowML/venv/lib/python3.8/site-packages/airflow/example_dags/example_branch_day_of_week_operator.py
[2021-11-16 12:12:06,981] {processor.py:637} INFO - DAG(s) dict_keys(['example_weekday_branch_operator']) retrieved from /home/ana/Documentos/airflowML/venv/lib/python3.8/site-packages/airflow/example_dags/example_branch_day_of_week_operator.py
[2021-11-16 12:12:06,991] {logging_mixin.py:109} INFO - [2021-11-16 12:12:06,990] {dag.py:2396} INFO - Sync 1 DAGs
[2021-11-16 12:12:07,006] {logging_mixin.py:109} INFO - [2021-11-16 12:12:07,006] {dag.py:2928} INFO - Setting next_dagrun for example_weekday_branch_operator to 2021-11-15 00:00:00+00:00
[2021-11-16 12:12:07,083] {processor.py:171} INFO - Processing /home/ana/Documentos/airflowML/venv/lib/python3.8/site-packages/airflow/example_dags/example_branch_day_of_week_operator.py took 0.131 seconds
[2021-11-16 12:12:53,823] {processor.py:163} INFO - Started process (PID=15925) to work on /home/ana/Documentos/airflowML/venv/lib/python3.8/site-packages/airflow/example_dags/example_branch_day_of_week_operator.py
[2021-11-16 12:12:53,824] {processor.py:625} INFO - Processing file /home/ana/Documentos/airflowML/venv/lib/python3.8/site-packages/airflow/example_dags/example_branch_day_of_week_operator.py for tasks to queue
[2021-11-16 12:12:53,825] {logging_mixin.py:109} INFO - [2021-11-16 12:12:53,825] {dagbag.py:500} INFO - Filling up the DagBag from /home/ana/Documentos/airflowML/venv/lib/python3.8/site-packages/airflow/example_dags/example_branch_day_of_week_operator.py
[2021-11-16 12:12:53,848] {processor.py:637} INFO - DAG(s) dict_keys(['example_weekday_branch_operator']) retrieved from /home/ana/Documentos/airflowML/venv/lib/python3.8/site-packages/airflow/example_dags/example_branch_day_of_week_operator.py
[2021-11-16 12:12:53,858] {logging_mixin.py:109} INFO - [2021-11-16 12:12:53,858] {dag.py:2396} INFO - Sync 1 DAGs
[2021-11-16 12:12:53,873] {logging_mixin.py:109} INFO - [2021-11-16 12:12:53,873] {dag.py:2928} INFO - Setting next_dagrun for example_weekday_branch_operator to 2021-11-15 00:00:00+00:00
[2021-11-16 12:12:53,954] {processor.py:171} INFO - Processing /home/ana/Documentos/airflowML/venv/lib/python3.8/site-packages/airflow/example_dags/example_branch_day_of_week_operator.py took 0.135 seconds
[2021-11-16 12:13:45,421] {processor.py:163} INFO - Started process (PID=15976) to work on /home/ana/Documentos/airflowML/venv/lib/python3.8/site-packages/airflow/example_dags/example_branch_day_of_week_operator.py
[2021-11-16 12:13:45,423] {processor.py:625} INFO - Processing file /home/ana/Documentos/airflowML/venv/lib/python3.8/site-packages/airflow/example_dags/example_branch_day_of_week_operator.py for tasks to queue
[2021-11-16 12:13:45,423] {logging_mixin.py:109} INFO - [2021-11-16 12:13:45,423] {dagbag.py:500} INFO - Filling up the DagBag from /home/ana/Documentos/airflowML/venv/lib/python3.8/site-packages/airflow/example_dags/example_branch_day_of_week_operator.py
[2021-11-16 12:13:45,446] {processor.py:637} INFO - DAG(s) dict_keys(['example_weekday_branch_operator']) retrieved from /home/ana/Documentos/airflowML/venv/lib/python3.8/site-packages/airflow/example_dags/example_branch_day_of_week_operator.py
[2021-11-16 12:13:45,456] {logging_mixin.py:109} INFO - [2021-11-16 12:13:45,456] {dag.py:2396} INFO - Sync 1 DAGs
[2021-11-16 12:13:45,471] {logging_mixin.py:109} INFO - [2021-11-16 12:13:45,471] {dag.py:2928} INFO - Setting next_dagrun for example_weekday_branch_operator to 2021-11-15 00:00:00+00:00
[2021-11-16 12:13:45,551] {processor.py:171} INFO - Processing /home/ana/Documentos/airflowML/venv/lib/python3.8/site-packages/airflow/example_dags/example_branch_day_of_week_operator.py took 0.133 seconds
[2021-11-16 12:14:36,516] {processor.py:163} INFO - Started process (PID=16023) to work on /home/ana/Documentos/airflowML/venv/lib/python3.8/site-packages/airflow/example_dags/example_branch_day_of_week_operator.py
[2021-11-16 12:14:36,518] {processor.py:625} INFO - Processing file /home/ana/Documentos/airflowML/venv/lib/python3.8/site-packages/airflow/example_dags/example_branch_day_of_week_operator.py for tasks to queue
[2021-11-16 12:14:36,519] {logging_mixin.py:109} INFO - [2021-11-16 12:14:36,518] {dagbag.py:500} INFO - Filling up the DagBag from /home/ana/Documentos/airflowML/venv/lib/python3.8/site-packages/airflow/example_dags/example_branch_day_of_week_operator.py
[2021-11-16 12:14:36,541] {processor.py:637} INFO - DAG(s) dict_keys(['example_weekday_branch_operator']) retrieved from /home/ana/Documentos/airflowML/venv/lib/python3.8/site-packages/airflow/example_dags/example_branch_day_of_week_operator.py
[2021-11-16 12:14:36,552] {logging_mixin.py:109} INFO - [2021-11-16 12:14:36,552] {dag.py:2396} INFO - Sync 1 DAGs
[2021-11-16 12:14:36,568] {logging_mixin.py:109} INFO - [2021-11-16 12:14:36,567] {dag.py:2928} INFO - Setting next_dagrun for example_weekday_branch_operator to 2021-11-15 00:00:00+00:00
[2021-11-16 12:14:36,652] {processor.py:171} INFO - Processing /home/ana/Documentos/airflowML/venv/lib/python3.8/site-packages/airflow/example_dags/example_branch_day_of_week_operator.py took 0.140 seconds
[2021-11-16 12:15:28,772] {processor.py:163} INFO - Started process (PID=16073) to work on /home/ana/Documentos/airflowML/venv/lib/python3.8/site-packages/airflow/example_dags/example_branch_day_of_week_operator.py
[2021-11-16 12:15:28,773] {processor.py:625} INFO - Processing file /home/ana/Documentos/airflowML/venv/lib/python3.8/site-packages/airflow/example_dags/example_branch_day_of_week_operator.py for tasks to queue
[2021-11-16 12:15:28,774] {logging_mixin.py:109} INFO - [2021-11-16 12:15:28,774] {dagbag.py:500} INFO - Filling up the DagBag from /home/ana/Documentos/airflowML/venv/lib/python3.8/site-packages/airflow/example_dags/example_branch_day_of_week_operator.py
[2021-11-16 12:15:28,801] {processor.py:637} INFO - DAG(s) dict_keys(['example_weekday_branch_operator']) retrieved from /home/ana/Documentos/airflowML/venv/lib/python3.8/site-packages/airflow/example_dags/example_branch_day_of_week_operator.py
[2021-11-16 12:15:28,816] {logging_mixin.py:109} INFO - [2021-11-16 12:15:28,816] {dag.py:2396} INFO - Sync 1 DAGs
[2021-11-16 12:15:28,832] {logging_mixin.py:109} INFO - [2021-11-16 12:15:28,832] {dag.py:2928} INFO - Setting next_dagrun for example_weekday_branch_operator to 2021-11-15 00:00:00+00:00
[2021-11-16 12:15:28,913] {processor.py:171} INFO - Processing /home/ana/Documentos/airflowML/venv/lib/python3.8/site-packages/airflow/example_dags/example_branch_day_of_week_operator.py took 0.144 seconds
[2021-11-16 12:16:18,875] {processor.py:163} INFO - Started process (PID=16121) to work on /home/ana/Documentos/airflowML/venv/lib/python3.8/site-packages/airflow/example_dags/example_branch_day_of_week_operator.py
[2021-11-16 12:16:18,888] {processor.py:625} INFO - Processing file /home/ana/Documentos/airflowML/venv/lib/python3.8/site-packages/airflow/example_dags/example_branch_day_of_week_operator.py for tasks to queue
[2021-11-16 12:16:18,889] {logging_mixin.py:109} INFO - [2021-11-16 12:16:18,889] {dagbag.py:500} INFO - Filling up the DagBag from /home/ana/Documentos/airflowML/venv/lib/python3.8/site-packages/airflow/example_dags/example_branch_day_of_week_operator.py
[2021-11-16 12:16:18,914] {processor.py:637} INFO - DAG(s) dict_keys(['example_weekday_branch_operator']) retrieved from /home/ana/Documentos/airflowML/venv/lib/python3.8/site-packages/airflow/example_dags/example_branch_day_of_week_operator.py
[2021-11-16 12:16:18,930] {logging_mixin.py:109} INFO - [2021-11-16 12:16:18,930] {dag.py:2396} INFO - Sync 1 DAGs
[2021-11-16 12:16:18,948] {logging_mixin.py:109} INFO - [2021-11-16 12:16:18,948] {dag.py:2928} INFO - Setting next_dagrun for example_weekday_branch_operator to 2021-11-15 00:00:00+00:00
[2021-11-16 12:16:19,035] {processor.py:171} INFO - Processing /home/ana/Documentos/airflowML/venv/lib/python3.8/site-packages/airflow/example_dags/example_branch_day_of_week_operator.py took 0.164 seconds
[2021-11-16 12:17:09,815] {processor.py:163} INFO - Started process (PID=16211) to work on /home/ana/Documentos/airflowML/venv/lib/python3.8/site-packages/airflow/example_dags/example_branch_day_of_week_operator.py
[2021-11-16 12:17:09,833] {processor.py:625} INFO - Processing file /home/ana/Documentos/airflowML/venv/lib/python3.8/site-packages/airflow/example_dags/example_branch_day_of_week_operator.py for tasks to queue
[2021-11-16 12:17:09,833] {logging_mixin.py:109} INFO - [2021-11-16 12:17:09,833] {dagbag.py:500} INFO - Filling up the DagBag from /home/ana/Documentos/airflowML/venv/lib/python3.8/site-packages/airflow/example_dags/example_branch_day_of_week_operator.py
[2021-11-16 12:17:09,856] {processor.py:637} INFO - DAG(s) dict_keys(['example_weekday_branch_operator']) retrieved from /home/ana/Documentos/airflowML/venv/lib/python3.8/site-packages/airflow/example_dags/example_branch_day_of_week_operator.py
[2021-11-16 12:17:09,866] {logging_mixin.py:109} INFO - [2021-11-16 12:17:09,866] {dag.py:2396} INFO - Sync 1 DAGs
[2021-11-16 12:17:09,883] {logging_mixin.py:109} INFO - [2021-11-16 12:17:09,882] {dag.py:2928} INFO - Setting next_dagrun for example_weekday_branch_operator to 2021-11-15 00:00:00+00:00
[2021-11-16 12:17:09,994] {processor.py:171} INFO - Processing /home/ana/Documentos/airflowML/venv/lib/python3.8/site-packages/airflow/example_dags/example_branch_day_of_week_operator.py took 0.183 seconds
[2021-11-16 12:17:52,539] {processor.py:163} INFO - Started process (PID=16271) to work on /home/ana/Documentos/airflowML/venv/lib/python3.8/site-packages/airflow/example_dags/example_branch_day_of_week_operator.py
[2021-11-16 12:17:52,553] {processor.py:625} INFO - Processing file /home/ana/Documentos/airflowML/venv/lib/python3.8/site-packages/airflow/example_dags/example_branch_day_of_week_operator.py for tasks to queue
[2021-11-16 12:17:52,554] {logging_mixin.py:109} INFO - [2021-11-16 12:17:52,554] {dagbag.py:500} INFO - Filling up the DagBag from /home/ana/Documentos/airflowML/venv/lib/python3.8/site-packages/airflow/example_dags/example_branch_day_of_week_operator.py
[2021-11-16 12:17:52,592] {processor.py:637} INFO - DAG(s) dict_keys(['example_weekday_branch_operator']) retrieved from /home/ana/Documentos/airflowML/venv/lib/python3.8/site-packages/airflow/example_dags/example_branch_day_of_week_operator.py
[2021-11-16 12:17:52,610] {logging_mixin.py:109} INFO - [2021-11-16 12:17:52,610] {dag.py:2396} INFO - Sync 1 DAGs
[2021-11-16 12:17:52,637] {logging_mixin.py:109} INFO - [2021-11-16 12:17:52,637] {dag.py:2928} INFO - Setting next_dagrun for example_weekday_branch_operator to 2021-11-15 00:00:00+00:00
[2021-11-16 12:17:52,947] {processor.py:171} INFO - Processing /home/ana/Documentos/airflowML/venv/lib/python3.8/site-packages/airflow/example_dags/example_branch_day_of_week_operator.py took 0.413 seconds
[2021-11-16 12:18:35,387] {processor.py:163} INFO - Started process (PID=16343) to work on /home/ana/Documentos/airflowML/venv/lib/python3.8/site-packages/airflow/example_dags/example_branch_day_of_week_operator.py
[2021-11-16 12:18:35,406] {processor.py:625} INFO - Processing file /home/ana/Documentos/airflowML/venv/lib/python3.8/site-packages/airflow/example_dags/example_branch_day_of_week_operator.py for tasks to queue
[2021-11-16 12:18:35,407] {logging_mixin.py:109} INFO - [2021-11-16 12:18:35,407] {dagbag.py:500} INFO - Filling up the DagBag from /home/ana/Documentos/airflowML/venv/lib/python3.8/site-packages/airflow/example_dags/example_branch_day_of_week_operator.py
[2021-11-16 12:18:35,432] {processor.py:637} INFO - DAG(s) dict_keys(['example_weekday_branch_operator']) retrieved from /home/ana/Documentos/airflowML/venv/lib/python3.8/site-packages/airflow/example_dags/example_branch_day_of_week_operator.py
[2021-11-16 12:18:35,442] {logging_mixin.py:109} INFO - [2021-11-16 12:18:35,442] {dag.py:2396} INFO - Sync 1 DAGs
[2021-11-16 12:18:35,459] {logging_mixin.py:109} INFO - [2021-11-16 12:18:35,459] {dag.py:2928} INFO - Setting next_dagrun for example_weekday_branch_operator to 2021-11-15 00:00:00+00:00
[2021-11-16 12:18:35,540] {processor.py:171} INFO - Processing /home/ana/Documentos/airflowML/venv/lib/python3.8/site-packages/airflow/example_dags/example_branch_day_of_week_operator.py took 0.156 seconds
