[2021-11-16 11:12:54,609] {processor.py:163} INFO - Started process (PID=9448) to work on /home/ana/Documentos/airflowML/venv/lib/python3.8/site-packages/airflow/example_dags/tutorial_taskflow_api_etl_virtualenv.py
[2021-11-16 11:12:54,610] {processor.py:625} INFO - Processing file /home/ana/Documentos/airflowML/venv/lib/python3.8/site-packages/airflow/example_dags/tutorial_taskflow_api_etl_virtualenv.py for tasks to queue
[2021-11-16 11:12:54,611] {logging_mixin.py:109} INFO - [2021-11-16 11:12:54,611] {dagbag.py:500} INFO - Filling up the DagBag from /home/ana/Documentos/airflowML/venv/lib/python3.8/site-packages/airflow/example_dags/tutorial_taskflow_api_etl_virtualenv.py
[2021-11-16 11:12:54,645] {processor.py:637} INFO - DAG(s) dict_keys(['tutorial_taskflow_api_etl_virtualenv']) retrieved from /home/ana/Documentos/airflowML/venv/lib/python3.8/site-packages/airflow/example_dags/tutorial_taskflow_api_etl_virtualenv.py
[2021-11-16 11:12:55,017] {logging_mixin.py:109} INFO - [2021-11-16 11:12:55,017] {dag.py:2396} INFO - Sync 1 DAGs
[2021-11-16 11:12:55,037] {logging_mixin.py:109} INFO - [2021-11-16 11:12:55,037] {dag.py:2928} INFO - Setting next_dagrun for tutorial_taskflow_api_etl_virtualenv to None
[2021-11-16 11:12:55,175] {processor.py:171} INFO - Processing /home/ana/Documentos/airflowML/venv/lib/python3.8/site-packages/airflow/example_dags/tutorial_taskflow_api_etl_virtualenv.py took 0.569 seconds
[2021-11-16 11:13:38,922] {processor.py:163} INFO - Started process (PID=9531) to work on /home/ana/Documentos/airflowML/venv/lib/python3.8/site-packages/airflow/example_dags/tutorial_taskflow_api_etl_virtualenv.py
[2021-11-16 11:13:38,924] {processor.py:625} INFO - Processing file /home/ana/Documentos/airflowML/venv/lib/python3.8/site-packages/airflow/example_dags/tutorial_taskflow_api_etl_virtualenv.py for tasks to queue
[2021-11-16 11:13:38,924] {logging_mixin.py:109} INFO - [2021-11-16 11:13:38,924] {dagbag.py:500} INFO - Filling up the DagBag from /home/ana/Documentos/airflowML/venv/lib/python3.8/site-packages/airflow/example_dags/tutorial_taskflow_api_etl_virtualenv.py
[2021-11-16 11:13:38,951] {processor.py:637} INFO - DAG(s) dict_keys(['tutorial_taskflow_api_etl_virtualenv']) retrieved from /home/ana/Documentos/airflowML/venv/lib/python3.8/site-packages/airflow/example_dags/tutorial_taskflow_api_etl_virtualenv.py
[2021-11-16 11:13:39,212] {logging_mixin.py:109} INFO - [2021-11-16 11:13:39,212] {dag.py:2396} INFO - Sync 1 DAGs
[2021-11-16 11:13:39,228] {logging_mixin.py:109} INFO - [2021-11-16 11:13:39,228] {dag.py:2928} INFO - Setting next_dagrun for tutorial_taskflow_api_etl_virtualenv to None
[2021-11-16 11:13:39,330] {processor.py:171} INFO - Processing /home/ana/Documentos/airflowML/venv/lib/python3.8/site-packages/airflow/example_dags/tutorial_taskflow_api_etl_virtualenv.py took 0.412 seconds
[2021-11-16 11:14:22,158] {processor.py:163} INFO - Started process (PID=9639) to work on /home/ana/Documentos/airflowML/venv/lib/python3.8/site-packages/airflow/example_dags/tutorial_taskflow_api_etl_virtualenv.py
[2021-11-16 11:14:22,159] {processor.py:625} INFO - Processing file /home/ana/Documentos/airflowML/venv/lib/python3.8/site-packages/airflow/example_dags/tutorial_taskflow_api_etl_virtualenv.py for tasks to queue
[2021-11-16 11:14:22,160] {logging_mixin.py:109} INFO - [2021-11-16 11:14:22,160] {dagbag.py:500} INFO - Filling up the DagBag from /home/ana/Documentos/airflowML/venv/lib/python3.8/site-packages/airflow/example_dags/tutorial_taskflow_api_etl_virtualenv.py
[2021-11-16 11:14:22,187] {processor.py:637} INFO - DAG(s) dict_keys(['tutorial_taskflow_api_etl_virtualenv']) retrieved from /home/ana/Documentos/airflowML/venv/lib/python3.8/site-packages/airflow/example_dags/tutorial_taskflow_api_etl_virtualenv.py
[2021-11-16 11:14:22,422] {logging_mixin.py:109} INFO - [2021-11-16 11:14:22,422] {dag.py:2396} INFO - Sync 1 DAGs
[2021-11-16 11:14:22,438] {logging_mixin.py:109} INFO - [2021-11-16 11:14:22,438] {dag.py:2928} INFO - Setting next_dagrun for tutorial_taskflow_api_etl_virtualenv to None
[2021-11-16 11:14:22,564] {processor.py:171} INFO - Processing /home/ana/Documentos/airflowML/venv/lib/python3.8/site-packages/airflow/example_dags/tutorial_taskflow_api_etl_virtualenv.py took 0.409 seconds
[2021-11-16 11:15:06,108] {processor.py:163} INFO - Started process (PID=9739) to work on /home/ana/Documentos/airflowML/venv/lib/python3.8/site-packages/airflow/example_dags/tutorial_taskflow_api_etl_virtualenv.py
[2021-11-16 11:15:06,110] {processor.py:625} INFO - Processing file /home/ana/Documentos/airflowML/venv/lib/python3.8/site-packages/airflow/example_dags/tutorial_taskflow_api_etl_virtualenv.py for tasks to queue
[2021-11-16 11:15:06,111] {logging_mixin.py:109} INFO - [2021-11-16 11:15:06,111] {dagbag.py:500} INFO - Filling up the DagBag from /home/ana/Documentos/airflowML/venv/lib/python3.8/site-packages/airflow/example_dags/tutorial_taskflow_api_etl_virtualenv.py
[2021-11-16 11:15:06,147] {processor.py:637} INFO - DAG(s) dict_keys(['tutorial_taskflow_api_etl_virtualenv']) retrieved from /home/ana/Documentos/airflowML/venv/lib/python3.8/site-packages/airflow/example_dags/tutorial_taskflow_api_etl_virtualenv.py
[2021-11-16 11:15:06,432] {logging_mixin.py:109} INFO - [2021-11-16 11:15:06,431] {dag.py:2396} INFO - Sync 1 DAGs
[2021-11-16 11:15:06,449] {logging_mixin.py:109} INFO - [2021-11-16 11:15:06,449] {dag.py:2928} INFO - Setting next_dagrun for tutorial_taskflow_api_etl_virtualenv to None
[2021-11-16 11:15:06,559] {processor.py:171} INFO - Processing /home/ana/Documentos/airflowML/venv/lib/python3.8/site-packages/airflow/example_dags/tutorial_taskflow_api_etl_virtualenv.py took 0.456 seconds
[2021-11-16 11:15:59,117] {processor.py:163} INFO - Started process (PID=9797) to work on /home/ana/Documentos/airflowML/venv/lib/python3.8/site-packages/airflow/example_dags/tutorial_taskflow_api_etl_virtualenv.py
[2021-11-16 11:15:59,138] {processor.py:625} INFO - Processing file /home/ana/Documentos/airflowML/venv/lib/python3.8/site-packages/airflow/example_dags/tutorial_taskflow_api_etl_virtualenv.py for tasks to queue
[2021-11-16 11:15:59,139] {logging_mixin.py:109} INFO - [2021-11-16 11:15:59,139] {dagbag.py:500} INFO - Filling up the DagBag from /home/ana/Documentos/airflowML/venv/lib/python3.8/site-packages/airflow/example_dags/tutorial_taskflow_api_etl_virtualenv.py
[2021-11-16 11:15:59,177] {processor.py:637} INFO - DAG(s) dict_keys(['tutorial_taskflow_api_etl_virtualenv']) retrieved from /home/ana/Documentos/airflowML/venv/lib/python3.8/site-packages/airflow/example_dags/tutorial_taskflow_api_etl_virtualenv.py
[2021-11-16 11:15:59,426] {logging_mixin.py:109} INFO - [2021-11-16 11:15:59,426] {dag.py:2396} INFO - Sync 1 DAGs
[2021-11-16 11:15:59,439] {logging_mixin.py:109} INFO - [2021-11-16 11:15:59,439] {dag.py:2928} INFO - Setting next_dagrun for tutorial_taskflow_api_etl_virtualenv to None
[2021-11-16 11:15:59,586] {processor.py:171} INFO - Processing /home/ana/Documentos/airflowML/venv/lib/python3.8/site-packages/airflow/example_dags/tutorial_taskflow_api_etl_virtualenv.py took 0.472 seconds
[2021-11-16 11:16:47,740] {processor.py:163} INFO - Started process (PID=9856) to work on /home/ana/Documentos/airflowML/venv/lib/python3.8/site-packages/airflow/example_dags/tutorial_taskflow_api_etl_virtualenv.py
[2021-11-16 11:16:47,759] {processor.py:625} INFO - Processing file /home/ana/Documentos/airflowML/venv/lib/python3.8/site-packages/airflow/example_dags/tutorial_taskflow_api_etl_virtualenv.py for tasks to queue
[2021-11-16 11:16:47,760] {logging_mixin.py:109} INFO - [2021-11-16 11:16:47,760] {dagbag.py:500} INFO - Filling up the DagBag from /home/ana/Documentos/airflowML/venv/lib/python3.8/site-packages/airflow/example_dags/tutorial_taskflow_api_etl_virtualenv.py
[2021-11-16 11:16:47,785] {processor.py:637} INFO - DAG(s) dict_keys(['tutorial_taskflow_api_etl_virtualenv']) retrieved from /home/ana/Documentos/airflowML/venv/lib/python3.8/site-packages/airflow/example_dags/tutorial_taskflow_api_etl_virtualenv.py
[2021-11-16 11:16:47,999] {logging_mixin.py:109} INFO - [2021-11-16 11:16:47,999] {dag.py:2396} INFO - Sync 1 DAGs
[2021-11-16 11:16:48,011] {logging_mixin.py:109} INFO - [2021-11-16 11:16:48,011] {dag.py:2928} INFO - Setting next_dagrun for tutorial_taskflow_api_etl_virtualenv to None
[2021-11-16 11:16:48,117] {processor.py:171} INFO - Processing /home/ana/Documentos/airflowML/venv/lib/python3.8/site-packages/airflow/example_dags/tutorial_taskflow_api_etl_virtualenv.py took 0.380 seconds
[2021-11-16 11:17:31,634] {processor.py:163} INFO - Started process (PID=9903) to work on /home/ana/Documentos/airflowML/venv/lib/python3.8/site-packages/airflow/example_dags/tutorial_taskflow_api_etl_virtualenv.py
[2021-11-16 11:17:31,635] {processor.py:625} INFO - Processing file /home/ana/Documentos/airflowML/venv/lib/python3.8/site-packages/airflow/example_dags/tutorial_taskflow_api_etl_virtualenv.py for tasks to queue
[2021-11-16 11:17:31,636] {logging_mixin.py:109} INFO - [2021-11-16 11:17:31,636] {dagbag.py:500} INFO - Filling up the DagBag from /home/ana/Documentos/airflowML/venv/lib/python3.8/site-packages/airflow/example_dags/tutorial_taskflow_api_etl_virtualenv.py
[2021-11-16 11:17:31,661] {processor.py:637} INFO - DAG(s) dict_keys(['tutorial_taskflow_api_etl_virtualenv']) retrieved from /home/ana/Documentos/airflowML/venv/lib/python3.8/site-packages/airflow/example_dags/tutorial_taskflow_api_etl_virtualenv.py
[2021-11-16 11:17:31,875] {logging_mixin.py:109} INFO - [2021-11-16 11:17:31,875] {dag.py:2396} INFO - Sync 1 DAGs
[2021-11-16 11:17:31,887] {logging_mixin.py:109} INFO - [2021-11-16 11:17:31,887] {dag.py:2928} INFO - Setting next_dagrun for tutorial_taskflow_api_etl_virtualenv to None
[2021-11-16 11:17:31,989] {processor.py:171} INFO - Processing /home/ana/Documentos/airflowML/venv/lib/python3.8/site-packages/airflow/example_dags/tutorial_taskflow_api_etl_virtualenv.py took 0.359 seconds
[2021-11-16 11:18:11,777] {processor.py:163} INFO - Started process (PID=9992) to work on /home/ana/Documentos/airflowML/venv/lib/python3.8/site-packages/airflow/example_dags/tutorial_taskflow_api_etl_virtualenv.py
[2021-11-16 11:18:11,789] {processor.py:625} INFO - Processing file /home/ana/Documentos/airflowML/venv/lib/python3.8/site-packages/airflow/example_dags/tutorial_taskflow_api_etl_virtualenv.py for tasks to queue
[2021-11-16 11:18:11,791] {logging_mixin.py:109} INFO - [2021-11-16 11:18:11,790] {dagbag.py:500} INFO - Filling up the DagBag from /home/ana/Documentos/airflowML/venv/lib/python3.8/site-packages/airflow/example_dags/tutorial_taskflow_api_etl_virtualenv.py
[2021-11-16 11:18:11,817] {processor.py:637} INFO - DAG(s) dict_keys(['tutorial_taskflow_api_etl_virtualenv']) retrieved from /home/ana/Documentos/airflowML/venv/lib/python3.8/site-packages/airflow/example_dags/tutorial_taskflow_api_etl_virtualenv.py
[2021-11-16 11:18:12,030] {logging_mixin.py:109} INFO - [2021-11-16 11:18:12,030] {dag.py:2396} INFO - Sync 1 DAGs
[2021-11-16 11:18:12,042] {logging_mixin.py:109} INFO - [2021-11-16 11:18:12,042] {dag.py:2928} INFO - Setting next_dagrun for tutorial_taskflow_api_etl_virtualenv to None
[2021-11-16 11:18:12,133] {processor.py:171} INFO - Processing /home/ana/Documentos/airflowML/venv/lib/python3.8/site-packages/airflow/example_dags/tutorial_taskflow_api_etl_virtualenv.py took 0.359 seconds
[2021-11-16 11:18:51,845] {processor.py:163} INFO - Started process (PID=10037) to work on /home/ana/Documentos/airflowML/venv/lib/python3.8/site-packages/airflow/example_dags/tutorial_taskflow_api_etl_virtualenv.py
[2021-11-16 11:18:51,847] {processor.py:625} INFO - Processing file /home/ana/Documentos/airflowML/venv/lib/python3.8/site-packages/airflow/example_dags/tutorial_taskflow_api_etl_virtualenv.py for tasks to queue
[2021-11-16 11:18:51,847] {logging_mixin.py:109} INFO - [2021-11-16 11:18:51,847] {dagbag.py:500} INFO - Filling up the DagBag from /home/ana/Documentos/airflowML/venv/lib/python3.8/site-packages/airflow/example_dags/tutorial_taskflow_api_etl_virtualenv.py
[2021-11-16 11:18:51,872] {processor.py:637} INFO - DAG(s) dict_keys(['tutorial_taskflow_api_etl_virtualenv']) retrieved from /home/ana/Documentos/airflowML/venv/lib/python3.8/site-packages/airflow/example_dags/tutorial_taskflow_api_etl_virtualenv.py
[2021-11-16 11:18:52,091] {logging_mixin.py:109} INFO - [2021-11-16 11:18:52,091] {dag.py:2396} INFO - Sync 1 DAGs
[2021-11-16 11:18:52,103] {logging_mixin.py:109} INFO - [2021-11-16 11:18:52,103] {dag.py:2928} INFO - Setting next_dagrun for tutorial_taskflow_api_etl_virtualenv to None
[2021-11-16 11:18:52,215] {processor.py:171} INFO - Processing /home/ana/Documentos/airflowML/venv/lib/python3.8/site-packages/airflow/example_dags/tutorial_taskflow_api_etl_virtualenv.py took 0.375 seconds
