[2021-11-16 11:12:53,048] {processor.py:163} INFO - Started process (PID=9447) to work on /home/ana/Documentos/airflowML/venv/lib/python3.8/site-packages/airflow/example_dags/tutorial.py
[2021-11-16 11:12:53,050] {processor.py:625} INFO - Processing file /home/ana/Documentos/airflowML/venv/lib/python3.8/site-packages/airflow/example_dags/tutorial.py for tasks to queue
[2021-11-16 11:12:53,056] {logging_mixin.py:109} INFO - [2021-11-16 11:12:53,056] {dagbag.py:500} INFO - Filling up the DagBag from /home/ana/Documentos/airflowML/venv/lib/python3.8/site-packages/airflow/example_dags/tutorial.py
[2021-11-16 11:12:53,130] {processor.py:637} INFO - DAG(s) dict_keys(['tutorial']) retrieved from /home/ana/Documentos/airflowML/venv/lib/python3.8/site-packages/airflow/example_dags/tutorial.py
[2021-11-16 11:12:53,151] {logging_mixin.py:109} INFO - [2021-11-16 11:12:53,151] {dag.py:2396} INFO - Sync 1 DAGs
[2021-11-16 11:12:53,179] {logging_mixin.py:109} INFO - [2021-11-16 11:12:53,179] {dag.py:2928} INFO - Setting next_dagrun for tutorial to 2021-11-15T14:12:53.178580+00:00
[2021-11-16 11:12:53,378] {processor.py:171} INFO - Processing /home/ana/Documentos/airflowML/venv/lib/python3.8/site-packages/airflow/example_dags/tutorial.py took 0.346 seconds
[2021-11-16 11:13:37,648] {processor.py:163} INFO - Started process (PID=9530) to work on /home/ana/Documentos/airflowML/venv/lib/python3.8/site-packages/airflow/example_dags/tutorial.py
[2021-11-16 11:13:37,650] {processor.py:625} INFO - Processing file /home/ana/Documentos/airflowML/venv/lib/python3.8/site-packages/airflow/example_dags/tutorial.py for tasks to queue
[2021-11-16 11:13:37,651] {logging_mixin.py:109} INFO - [2021-11-16 11:13:37,651] {dagbag.py:500} INFO - Filling up the DagBag from /home/ana/Documentos/airflowML/venv/lib/python3.8/site-packages/airflow/example_dags/tutorial.py
[2021-11-16 11:13:37,677] {processor.py:637} INFO - DAG(s) dict_keys(['tutorial']) retrieved from /home/ana/Documentos/airflowML/venv/lib/python3.8/site-packages/airflow/example_dags/tutorial.py
[2021-11-16 11:13:37,688] {logging_mixin.py:109} INFO - [2021-11-16 11:13:37,688] {dag.py:2396} INFO - Sync 1 DAGs
[2021-11-16 11:13:37,702] {logging_mixin.py:109} INFO - [2021-11-16 11:13:37,701] {dag.py:2928} INFO - Setting next_dagrun for tutorial to 2021-11-15T14:13:37.701663+00:00
[2021-11-16 11:13:37,810] {processor.py:171} INFO - Processing /home/ana/Documentos/airflowML/venv/lib/python3.8/site-packages/airflow/example_dags/tutorial.py took 0.165 seconds
[2021-11-16 11:14:20,909] {processor.py:163} INFO - Started process (PID=9636) to work on /home/ana/Documentos/airflowML/venv/lib/python3.8/site-packages/airflow/example_dags/tutorial.py
[2021-11-16 11:14:20,911] {processor.py:625} INFO - Processing file /home/ana/Documentos/airflowML/venv/lib/python3.8/site-packages/airflow/example_dags/tutorial.py for tasks to queue
[2021-11-16 11:14:20,912] {logging_mixin.py:109} INFO - [2021-11-16 11:14:20,912] {dagbag.py:500} INFO - Filling up the DagBag from /home/ana/Documentos/airflowML/venv/lib/python3.8/site-packages/airflow/example_dags/tutorial.py
[2021-11-16 11:14:20,940] {processor.py:637} INFO - DAG(s) dict_keys(['tutorial']) retrieved from /home/ana/Documentos/airflowML/venv/lib/python3.8/site-packages/airflow/example_dags/tutorial.py
[2021-11-16 11:14:20,951] {logging_mixin.py:109} INFO - [2021-11-16 11:14:20,951] {dag.py:2396} INFO - Sync 1 DAGs
[2021-11-16 11:14:20,967] {logging_mixin.py:109} INFO - [2021-11-16 11:14:20,967] {dag.py:2928} INFO - Setting next_dagrun for tutorial to 2021-11-15T14:14:20.967301+00:00
[2021-11-16 11:14:21,054] {processor.py:171} INFO - Processing /home/ana/Documentos/airflowML/venv/lib/python3.8/site-packages/airflow/example_dags/tutorial.py took 0.147 seconds
[2021-11-16 11:15:02,250] {processor.py:163} INFO - Started process (PID=9736) to work on /home/ana/Documentos/airflowML/venv/lib/python3.8/site-packages/airflow/example_dags/tutorial.py
[2021-11-16 11:15:02,252] {processor.py:625} INFO - Processing file /home/ana/Documentos/airflowML/venv/lib/python3.8/site-packages/airflow/example_dags/tutorial.py for tasks to queue
[2021-11-16 11:15:02,252] {logging_mixin.py:109} INFO - [2021-11-16 11:15:02,252] {dagbag.py:500} INFO - Filling up the DagBag from /home/ana/Documentos/airflowML/venv/lib/python3.8/site-packages/airflow/example_dags/tutorial.py
[2021-11-16 11:15:02,276] {processor.py:637} INFO - DAG(s) dict_keys(['tutorial']) retrieved from /home/ana/Documentos/airflowML/venv/lib/python3.8/site-packages/airflow/example_dags/tutorial.py
[2021-11-16 11:15:02,287] {logging_mixin.py:109} INFO - [2021-11-16 11:15:02,287] {dag.py:2396} INFO - Sync 1 DAGs
[2021-11-16 11:15:02,301] {logging_mixin.py:109} INFO - [2021-11-16 11:15:02,301] {dag.py:2928} INFO - Setting next_dagrun for tutorial to 2021-11-15T14:15:02.301154+00:00
[2021-11-16 11:15:02,435] {processor.py:171} INFO - Processing /home/ana/Documentos/airflowML/venv/lib/python3.8/site-packages/airflow/example_dags/tutorial.py took 0.187 seconds
[2021-11-16 11:15:57,749] {processor.py:163} INFO - Started process (PID=9796) to work on /home/ana/Documentos/airflowML/venv/lib/python3.8/site-packages/airflow/example_dags/tutorial.py
[2021-11-16 11:15:57,750] {processor.py:625} INFO - Processing file /home/ana/Documentos/airflowML/venv/lib/python3.8/site-packages/airflow/example_dags/tutorial.py for tasks to queue
[2021-11-16 11:15:57,751] {logging_mixin.py:109} INFO - [2021-11-16 11:15:57,751] {dagbag.py:500} INFO - Filling up the DagBag from /home/ana/Documentos/airflowML/venv/lib/python3.8/site-packages/airflow/example_dags/tutorial.py
[2021-11-16 11:15:57,773] {processor.py:637} INFO - DAG(s) dict_keys(['tutorial']) retrieved from /home/ana/Documentos/airflowML/venv/lib/python3.8/site-packages/airflow/example_dags/tutorial.py
[2021-11-16 11:15:57,783] {logging_mixin.py:109} INFO - [2021-11-16 11:15:57,783] {dag.py:2396} INFO - Sync 1 DAGs
[2021-11-16 11:15:57,796] {logging_mixin.py:109} INFO - [2021-11-16 11:15:57,796] {dag.py:2928} INFO - Setting next_dagrun for tutorial to 2021-11-15T14:15:57.796025+00:00
[2021-11-16 11:15:57,887] {processor.py:171} INFO - Processing /home/ana/Documentos/airflowML/venv/lib/python3.8/site-packages/airflow/example_dags/tutorial.py took 0.143 seconds
[2021-11-16 11:16:46,320] {processor.py:163} INFO - Started process (PID=9855) to work on /home/ana/Documentos/airflowML/venv/lib/python3.8/site-packages/airflow/example_dags/tutorial.py
[2021-11-16 11:16:46,322] {processor.py:625} INFO - Processing file /home/ana/Documentos/airflowML/venv/lib/python3.8/site-packages/airflow/example_dags/tutorial.py for tasks to queue
[2021-11-16 11:16:46,322] {logging_mixin.py:109} INFO - [2021-11-16 11:16:46,322] {dagbag.py:500} INFO - Filling up the DagBag from /home/ana/Documentos/airflowML/venv/lib/python3.8/site-packages/airflow/example_dags/tutorial.py
[2021-11-16 11:16:46,344] {processor.py:637} INFO - DAG(s) dict_keys(['tutorial']) retrieved from /home/ana/Documentos/airflowML/venv/lib/python3.8/site-packages/airflow/example_dags/tutorial.py
[2021-11-16 11:16:46,354] {logging_mixin.py:109} INFO - [2021-11-16 11:16:46,354] {dag.py:2396} INFO - Sync 1 DAGs
[2021-11-16 11:16:46,368] {logging_mixin.py:109} INFO - [2021-11-16 11:16:46,368] {dag.py:2928} INFO - Setting next_dagrun for tutorial to 2021-11-15T14:16:46.367882+00:00
[2021-11-16 11:16:46,458] {processor.py:171} INFO - Processing /home/ana/Documentos/airflowML/venv/lib/python3.8/site-packages/airflow/example_dags/tutorial.py took 0.140 seconds
[2021-11-16 11:17:30,382] {processor.py:163} INFO - Started process (PID=9902) to work on /home/ana/Documentos/airflowML/venv/lib/python3.8/site-packages/airflow/example_dags/tutorial.py
[2021-11-16 11:17:30,383] {processor.py:625} INFO - Processing file /home/ana/Documentos/airflowML/venv/lib/python3.8/site-packages/airflow/example_dags/tutorial.py for tasks to queue
[2021-11-16 11:17:30,384] {logging_mixin.py:109} INFO - [2021-11-16 11:17:30,384] {dagbag.py:500} INFO - Filling up the DagBag from /home/ana/Documentos/airflowML/venv/lib/python3.8/site-packages/airflow/example_dags/tutorial.py
[2021-11-16 11:17:30,409] {processor.py:637} INFO - DAG(s) dict_keys(['tutorial']) retrieved from /home/ana/Documentos/airflowML/venv/lib/python3.8/site-packages/airflow/example_dags/tutorial.py
[2021-11-16 11:17:30,419] {logging_mixin.py:109} INFO - [2021-11-16 11:17:30,419] {dag.py:2396} INFO - Sync 1 DAGs
[2021-11-16 11:17:30,435] {logging_mixin.py:109} INFO - [2021-11-16 11:17:30,435] {dag.py:2928} INFO - Setting next_dagrun for tutorial to 2021-11-15T14:17:30.434696+00:00
[2021-11-16 11:17:30,553] {processor.py:171} INFO - Processing /home/ana/Documentos/airflowML/venv/lib/python3.8/site-packages/airflow/example_dags/tutorial.py took 0.174 seconds
[2021-11-16 11:18:11,046] {processor.py:163} INFO - Started process (PID=9989) to work on /home/ana/Documentos/airflowML/venv/lib/python3.8/site-packages/airflow/example_dags/tutorial.py
[2021-11-16 11:18:11,062] {processor.py:625} INFO - Processing file /home/ana/Documentos/airflowML/venv/lib/python3.8/site-packages/airflow/example_dags/tutorial.py for tasks to queue
[2021-11-16 11:18:11,063] {logging_mixin.py:109} INFO - [2021-11-16 11:18:11,063] {dagbag.py:500} INFO - Filling up the DagBag from /home/ana/Documentos/airflowML/venv/lib/python3.8/site-packages/airflow/example_dags/tutorial.py
[2021-11-16 11:18:11,091] {processor.py:637} INFO - DAG(s) dict_keys(['tutorial']) retrieved from /home/ana/Documentos/airflowML/venv/lib/python3.8/site-packages/airflow/example_dags/tutorial.py
[2021-11-16 11:18:11,102] {logging_mixin.py:109} INFO - [2021-11-16 11:18:11,101] {dag.py:2396} INFO - Sync 1 DAGs
[2021-11-16 11:18:11,115] {logging_mixin.py:109} INFO - [2021-11-16 11:18:11,115] {dag.py:2928} INFO - Setting next_dagrun for tutorial to 2021-11-15T14:18:11.115483+00:00
[2021-11-16 11:18:11,241] {processor.py:171} INFO - Processing /home/ana/Documentos/airflowML/venv/lib/python3.8/site-packages/airflow/example_dags/tutorial.py took 0.198 seconds
[2021-11-16 11:18:50,591] {processor.py:163} INFO - Started process (PID=10036) to work on /home/ana/Documentos/airflowML/venv/lib/python3.8/site-packages/airflow/example_dags/tutorial.py
[2021-11-16 11:18:50,593] {processor.py:625} INFO - Processing file /home/ana/Documentos/airflowML/venv/lib/python3.8/site-packages/airflow/example_dags/tutorial.py for tasks to queue
[2021-11-16 11:18:50,594] {logging_mixin.py:109} INFO - [2021-11-16 11:18:50,594] {dagbag.py:500} INFO - Filling up the DagBag from /home/ana/Documentos/airflowML/venv/lib/python3.8/site-packages/airflow/example_dags/tutorial.py
[2021-11-16 11:18:50,620] {processor.py:637} INFO - DAG(s) dict_keys(['tutorial']) retrieved from /home/ana/Documentos/airflowML/venv/lib/python3.8/site-packages/airflow/example_dags/tutorial.py
[2021-11-16 11:18:50,632] {logging_mixin.py:109} INFO - [2021-11-16 11:18:50,632] {dag.py:2396} INFO - Sync 1 DAGs
[2021-11-16 11:18:50,648] {logging_mixin.py:109} INFO - [2021-11-16 11:18:50,648] {dag.py:2928} INFO - Setting next_dagrun for tutorial to 2021-11-15T14:18:50.648290+00:00
[2021-11-16 11:18:50,783] {processor.py:171} INFO - Processing /home/ana/Documentos/airflowML/venv/lib/python3.8/site-packages/airflow/example_dags/tutorial.py took 0.195 seconds
